<?xml version="1.0" encoding="UTF-8"?>
<testsuites name="TS_Send File" time="9.729" tests="22" failures="6" errors="0">
   <testsuite name="TS_Send File" tests="22" failures="6" errors="0" time="9.729" skipped="0" timestamp="25-08-2024T13:34:55" hostname="fanhi - jippo" id="Test Suites/TS_Send File">
      <properties>
         <property name="deviceName" value=""/>
         <property name="devicePlatform"/>
         <property name="logFolder" value="C:\\Users\\fanhi\\OneDrive - VNU-HCMUS\\Software_Testing_subAss\\HW7\\Source\\API_21127661\\Reports\\20240825_133448\\TS_Send File\\20240825_133448"/>
         <property name="logFiles" value="C:\\Users\\fanhi\\OneDrive - VNU-HCMUS\\Software_Testing_subAss\\HW7\\Source\\API_21127661\\Reports\\20240825_133448\\TS_Send File\\20240825_133448\\execution0.log"/>
         <property name="attachments" value=""/>
         <property name="hostName" value="fanhi - jippo"/>
         <property name="hostAddress" value="192.168.2.192"/>
         <property name="os" value="Windows 11 64bit"/>
         <property name="katalonVersion" value="9.6.0.217"/>
      </properties>
      <testcase name="Test Cases/TC_Send File" time="2.332" classname="Test Cases/TC_Send File" status="PASSED">
         <system-out><![CDATA[25-08-2024T13:34:55 - [TEST_CASE][PASSED] - Test Cases/TC_Send File: Test Cases/TC_Send File

25-08-2024T13:34:56 - [TEST_STEP][PASSED] - projectPath = getProjectDir(): null

25-08-2024T13:34:56 - [TEST_STEP][PASSED] - filePath = projectPath + "\" + file: null

25-08-2024T13:34:56 - [TEST_STEP][PASSED] - authorizationHeader = new com.kms.katalon.core.testobject.TestObjectProperty(Authorization, com.kms.katalon.core.testobject.ConditionType.EQUALS, (Bearer  + internal.GlobalVariable.token)): null

25-08-2024T13:34:56 - [TEST_STEP][PASSED] - newId = generateUUIDv4(): null

25-08-2024T13:34:56 - [TEST_STEP][PASSED] - return java.util.UUID.randomUUID().toString(): null

25-08-2024T13:34:56 - [TEST_STEP][PASSED] - print(newId): null

25-08-2024T13:34:56 - [TEST_STEP][PASSED] - req = findTestObject("API_Send File", ["senderId":myId, "groupId":groupId, "file":filePath, "id":newId]): null

25-08-2024T13:34:56 - [TEST_STEP][PASSED] - getHttpHeaderProperties().removeIf({ -> ... }): null

25-08-2024T13:34:56 - [TEST_STEP][PASSED] - getHttpHeaderProperties().add(authorizationHeader): null

25-08-2024T13:34:56 - [TEST_STEP][PASSED] - groupId = getVariables().get("groupId"): null

25-08-2024T13:34:56 - [TEST_STEP][PASSED] - println("The groupId in the request body is: " + groupId): null

25-08-2024T13:34:56 - [TEST_STEP][PASSED] - res = sendRequest(req): Send request successfully

25-08-2024T13:34:57 - [MESSAGE][INFO] - HAR: C:\Users\fanhi\OneDrive - VNU-HCMUS\Software_Testing_subAss\HW7\Source\API_21127661\Reports\20240825_133448\TS_Send File\20240825_133448\requests\main\0.har

25-08-2024T13:34:58 - [MESSAGE][PASSED] - Send request successfully

25-08-2024T13:34:58 - [TEST_STEP][PASSED] - verifyResponseStatusCode(res, expected.intValue(), CONTINUE_ON_FAILURE): Verify response status code successfully

25-08-2024T13:34:58 - [MESSAGE][PASSED] - Verify response status code successfully

25-08-2024T13:34:58 - [TEST_STEP][PASSED] - responseText = res.getResponseText(): null

25-08-2024T13:34:58 - [TEST_STEP][PASSED] - if (responseText != null && !(trim().isEmpty())): Response is valid: db/82b71c4a7944b6b233aa6e22763829

25-08-2024T13:34:58 - [TEST_STEP][PASSED] - markPassed("Response is valid: " + responseText): Response is valid: db/82b71c4a7944b6b233aa6e22763829

25-08-2024T13:34:58 - [MESSAGE][PASSED] - Response is valid: db/82b71c4a7944b6b233aa6e22763829]]></system-out>
         <system-err><![CDATA[]]></system-err>
      </testcase>
      <testcase name="Test Cases/TC_Send File" time="0.135" classname="Test Cases/TC_Send File" status="PASSED">
         <system-out><![CDATA[25-08-2024T13:34:58 - [TEST_CASE][PASSED] - Test Cases/TC_Send File: Test Cases/TC_Send File

25-08-2024T13:34:58 - [TEST_STEP][PASSED] - projectPath = getProjectDir(): null

25-08-2024T13:34:58 - [TEST_STEP][PASSED] - filePath = projectPath + "\" + file: null

25-08-2024T13:34:58 - [TEST_STEP][PASSED] - authorizationHeader = new com.kms.katalon.core.testobject.TestObjectProperty(Authorization, com.kms.katalon.core.testobject.ConditionType.EQUALS, (Bearer  + internal.GlobalVariable.token)): null

25-08-2024T13:34:58 - [TEST_STEP][PASSED] - newId = generateUUIDv4(): null

25-08-2024T13:34:58 - [TEST_STEP][PASSED] - return java.util.UUID.randomUUID().toString(): null

25-08-2024T13:34:58 - [TEST_STEP][PASSED] - print(newId): null

25-08-2024T13:34:58 - [TEST_STEP][PASSED] - req = findTestObject("API_Send File", ["senderId":myId, "groupId":groupId, "file":filePath, "id":newId]): null

25-08-2024T13:34:58 - [TEST_STEP][PASSED] - getHttpHeaderProperties().removeIf({ -> ... }): null

25-08-2024T13:34:58 - [TEST_STEP][PASSED] - getHttpHeaderProperties().add(authorizationHeader): null

25-08-2024T13:34:58 - [TEST_STEP][PASSED] - groupId = getVariables().get("groupId"): null

25-08-2024T13:34:58 - [TEST_STEP][PASSED] - println("The groupId in the request body is: " + groupId): null

25-08-2024T13:34:58 - [TEST_STEP][PASSED] - res = sendRequest(req): Send request successfully

25-08-2024T13:34:58 - [MESSAGE][INFO] - HAR: C:\Users\fanhi\OneDrive - VNU-HCMUS\Software_Testing_subAss\HW7\Source\API_21127661\Reports\20240825_133448\TS_Send File\20240825_133448\requests\main\1.har

25-08-2024T13:34:58 - [MESSAGE][PASSED] - Send request successfully

25-08-2024T13:34:58 - [TEST_STEP][PASSED] - verifyResponseStatusCode(res, expected.intValue(), CONTINUE_ON_FAILURE): Verify response status code successfully

25-08-2024T13:34:58 - [MESSAGE][PASSED] - Verify response status code successfully

25-08-2024T13:34:58 - [TEST_STEP][PASSED] - responseText = res.getResponseText(): null

25-08-2024T13:34:58 - [TEST_STEP][PASSED] - if (responseText != null && !(trim().isEmpty())): Response is valid: 83/583de7e0d342f5952cf3b09ff37dd5

25-08-2024T13:34:58 - [TEST_STEP][PASSED] - markPassed("Response is valid: " + responseText): Response is valid: 83/583de7e0d342f5952cf3b09ff37dd5

25-08-2024T13:34:58 - [MESSAGE][PASSED] - Response is valid: 83/583de7e0d342f5952cf3b09ff37dd5]]></system-out>
         <system-err><![CDATA[]]></system-err>
      </testcase>
      <testcase name="Test Cases/TC_Send File" time="0.146" classname="Test Cases/TC_Send File" status="PASSED">
         <system-out><![CDATA[25-08-2024T13:34:58 - [TEST_CASE][PASSED] - Test Cases/TC_Send File: Test Cases/TC_Send File

25-08-2024T13:34:58 - [TEST_STEP][PASSED] - projectPath = getProjectDir(): null

25-08-2024T13:34:58 - [TEST_STEP][PASSED] - filePath = projectPath + "\" + file: null

25-08-2024T13:34:58 - [TEST_STEP][PASSED] - authorizationHeader = new com.kms.katalon.core.testobject.TestObjectProperty(Authorization, com.kms.katalon.core.testobject.ConditionType.EQUALS, (Bearer  + internal.GlobalVariable.token)): null

25-08-2024T13:34:58 - [TEST_STEP][PASSED] - newId = generateUUIDv4(): null

25-08-2024T13:34:58 - [TEST_STEP][PASSED] - return java.util.UUID.randomUUID().toString(): null

25-08-2024T13:34:58 - [TEST_STEP][PASSED] - print(newId): null

25-08-2024T13:34:58 - [TEST_STEP][PASSED] - req = findTestObject("API_Send File", ["senderId":myId, "groupId":groupId, "file":filePath, "id":newId]): null

25-08-2024T13:34:58 - [TEST_STEP][PASSED] - getHttpHeaderProperties().removeIf({ -> ... }): null

25-08-2024T13:34:58 - [TEST_STEP][PASSED] - getHttpHeaderProperties().add(authorizationHeader): null

25-08-2024T13:34:58 - [TEST_STEP][PASSED] - groupId = getVariables().get("groupId"): null

25-08-2024T13:34:58 - [TEST_STEP][PASSED] - println("The groupId in the request body is: " + groupId): null

25-08-2024T13:34:58 - [TEST_STEP][PASSED] - res = sendRequest(req): Send request successfully

25-08-2024T13:34:58 - [MESSAGE][INFO] - HAR: C:\Users\fanhi\OneDrive - VNU-HCMUS\Software_Testing_subAss\HW7\Source\API_21127661\Reports\20240825_133448\TS_Send File\20240825_133448\requests\main\2.har

25-08-2024T13:34:58 - [MESSAGE][PASSED] - Send request successfully

25-08-2024T13:34:58 - [TEST_STEP][PASSED] - verifyResponseStatusCode(res, expected.intValue(), CONTINUE_ON_FAILURE): Verify response status code successfully

25-08-2024T13:34:58 - [MESSAGE][PASSED] - Verify response status code successfully

25-08-2024T13:34:58 - [TEST_STEP][PASSED] - responseText = res.getResponseText(): null

25-08-2024T13:34:58 - [TEST_STEP][PASSED] - if (responseText != null && !(trim().isEmpty())): Response is valid: b5/7328fb9a5c49f39aa05e16c0e0000c

25-08-2024T13:34:58 - [TEST_STEP][PASSED] - markPassed("Response is valid: " + responseText): Response is valid: b5/7328fb9a5c49f39aa05e16c0e0000c

25-08-2024T13:34:58 - [MESSAGE][PASSED] - Response is valid: b5/7328fb9a5c49f39aa05e16c0e0000c]]></system-out>
         <system-err><![CDATA[]]></system-err>
      </testcase>
      <testcase name="Test Cases/TC_Send File" time="0.101" classname="Test Cases/TC_Send File" status="PASSED">
         <system-out><![CDATA[25-08-2024T13:34:58 - [TEST_CASE][PASSED] - Test Cases/TC_Send File: Test Cases/TC_Send File

25-08-2024T13:34:58 - [TEST_STEP][PASSED] - projectPath = getProjectDir(): null

25-08-2024T13:34:58 - [TEST_STEP][PASSED] - filePath = projectPath + "\" + file: null

25-08-2024T13:34:58 - [TEST_STEP][PASSED] - authorizationHeader = new com.kms.katalon.core.testobject.TestObjectProperty(Authorization, com.kms.katalon.core.testobject.ConditionType.EQUALS, (Bearer  + internal.GlobalVariable.token)): null

25-08-2024T13:34:58 - [TEST_STEP][PASSED] - newId = generateUUIDv4(): null

25-08-2024T13:34:58 - [TEST_STEP][PASSED] - return java.util.UUID.randomUUID().toString(): null

25-08-2024T13:34:58 - [TEST_STEP][PASSED] - print(newId): null

25-08-2024T13:34:58 - [TEST_STEP][PASSED] - req = findTestObject("API_Send File", ["senderId":myId, "groupId":groupId, "file":filePath, "id":newId]): null

25-08-2024T13:34:58 - [TEST_STEP][PASSED] - getHttpHeaderProperties().removeIf({ -> ... }): null

25-08-2024T13:34:58 - [TEST_STEP][PASSED] - getHttpHeaderProperties().add(authorizationHeader): null

25-08-2024T13:34:58 - [TEST_STEP][PASSED] - groupId = getVariables().get("groupId"): null

25-08-2024T13:34:58 - [TEST_STEP][PASSED] - println("The groupId in the request body is: " + groupId): null

25-08-2024T13:34:58 - [TEST_STEP][PASSED] - res = sendRequest(req): Send request successfully

25-08-2024T13:34:58 - [MESSAGE][INFO] - HAR: C:\Users\fanhi\OneDrive - VNU-HCMUS\Software_Testing_subAss\HW7\Source\API_21127661\Reports\20240825_133448\TS_Send File\20240825_133448\requests\main\3.har

25-08-2024T13:34:58 - [MESSAGE][PASSED] - Send request successfully

25-08-2024T13:34:58 - [TEST_STEP][PASSED] - verifyResponseStatusCode(res, expected.intValue(), CONTINUE_ON_FAILURE): Verify response status code successfully

25-08-2024T13:34:58 - [MESSAGE][PASSED] - Verify response status code successfully

25-08-2024T13:34:58 - [TEST_STEP][PASSED] - responseText = res.getResponseText(): null

25-08-2024T13:34:58 - [TEST_STEP][PASSED] - if (responseText != null && !(trim().isEmpty())): Response is valid: a7/e636d586b7427bbb2a94f4a1ef98f9

25-08-2024T13:34:58 - [TEST_STEP][PASSED] - markPassed("Response is valid: " + responseText): Response is valid: a7/e636d586b7427bbb2a94f4a1ef98f9

25-08-2024T13:34:58 - [MESSAGE][PASSED] - Response is valid: a7/e636d586b7427bbb2a94f4a1ef98f9]]></system-out>
         <system-err><![CDATA[]]></system-err>
      </testcase>
      <testcase name="Test Cases/TC_Send File" time="0.22" classname="Test Cases/TC_Send File" status="PASSED">
         <system-out><![CDATA[25-08-2024T13:34:58 - [TEST_CASE][PASSED] - Test Cases/TC_Send File: Test Cases/TC_Send File

25-08-2024T13:34:58 - [TEST_STEP][PASSED] - projectPath = getProjectDir(): null

25-08-2024T13:34:58 - [TEST_STEP][PASSED] - filePath = projectPath + "\" + file: null

25-08-2024T13:34:58 - [TEST_STEP][PASSED] - authorizationHeader = new com.kms.katalon.core.testobject.TestObjectProperty(Authorization, com.kms.katalon.core.testobject.ConditionType.EQUALS, (Bearer  + internal.GlobalVariable.token)): null

25-08-2024T13:34:58 - [TEST_STEP][PASSED] - newId = generateUUIDv4(): null

25-08-2024T13:34:58 - [TEST_STEP][PASSED] - return java.util.UUID.randomUUID().toString(): null

25-08-2024T13:34:58 - [TEST_STEP][PASSED] - print(newId): null

25-08-2024T13:34:58 - [TEST_STEP][PASSED] - req = findTestObject("API_Send File", ["senderId":myId, "groupId":groupId, "file":filePath, "id":newId]): null

25-08-2024T13:34:58 - [TEST_STEP][PASSED] - getHttpHeaderProperties().removeIf({ -> ... }): null

25-08-2024T13:34:58 - [TEST_STEP][PASSED] - getHttpHeaderProperties().add(authorizationHeader): null

25-08-2024T13:34:58 - [TEST_STEP][PASSED] - groupId = getVariables().get("groupId"): null

25-08-2024T13:34:58 - [TEST_STEP][PASSED] - println("The groupId in the request body is: " + groupId): null

25-08-2024T13:34:58 - [TEST_STEP][PASSED] - res = sendRequest(req): Send request successfully

25-08-2024T13:34:58 - [MESSAGE][INFO] - HAR: C:\Users\fanhi\OneDrive - VNU-HCMUS\Software_Testing_subAss\HW7\Source\API_21127661\Reports\20240825_133448\TS_Send File\20240825_133448\requests\main\4.har

25-08-2024T13:34:58 - [MESSAGE][PASSED] - Send request successfully

25-08-2024T13:34:58 - [TEST_STEP][PASSED] - verifyResponseStatusCode(res, expected.intValue(), CONTINUE_ON_FAILURE): Verify response status code successfully

25-08-2024T13:34:58 - [MESSAGE][PASSED] - Verify response status code successfully

25-08-2024T13:34:58 - [TEST_STEP][PASSED] - responseText = res.getResponseText(): null

25-08-2024T13:34:58 - [TEST_STEP][PASSED] - if (responseText != null && !(trim().isEmpty())): Response is valid: 72/93f27d722d40ed804b8f88b6d02b26

25-08-2024T13:34:58 - [TEST_STEP][PASSED] - markPassed("Response is valid: " + responseText): Response is valid: 72/93f27d722d40ed804b8f88b6d02b26

25-08-2024T13:34:58 - [MESSAGE][PASSED] - Response is valid: 72/93f27d722d40ed804b8f88b6d02b26]]></system-out>
         <system-err><![CDATA[]]></system-err>
      </testcase>
      <testcase name="Test Cases/TC_Send File" time="0.194" classname="Test Cases/TC_Send File" status="PASSED">
         <system-out><![CDATA[25-08-2024T13:34:58 - [TEST_CASE][PASSED] - Test Cases/TC_Send File: Test Cases/TC_Send File

25-08-2024T13:34:58 - [TEST_STEP][PASSED] - projectPath = getProjectDir(): null

25-08-2024T13:34:58 - [TEST_STEP][PASSED] - filePath = projectPath + "\" + file: null

25-08-2024T13:34:58 - [TEST_STEP][PASSED] - authorizationHeader = new com.kms.katalon.core.testobject.TestObjectProperty(Authorization, com.kms.katalon.core.testobject.ConditionType.EQUALS, (Bearer  + internal.GlobalVariable.token)): null

25-08-2024T13:34:58 - [TEST_STEP][PASSED] - newId = generateUUIDv4(): null

25-08-2024T13:34:58 - [TEST_STEP][PASSED] - return java.util.UUID.randomUUID().toString(): null

25-08-2024T13:34:58 - [TEST_STEP][PASSED] - print(newId): null

25-08-2024T13:34:58 - [TEST_STEP][PASSED] - req = findTestObject("API_Send File", ["senderId":myId, "groupId":groupId, "file":filePath, "id":newId]): null

25-08-2024T13:34:58 - [TEST_STEP][PASSED] - getHttpHeaderProperties().removeIf({ -> ... }): null

25-08-2024T13:34:58 - [TEST_STEP][PASSED] - getHttpHeaderProperties().add(authorizationHeader): null

25-08-2024T13:34:58 - [TEST_STEP][PASSED] - groupId = getVariables().get("groupId"): null

25-08-2024T13:34:58 - [TEST_STEP][PASSED] - println("The groupId in the request body is: " + groupId): null

25-08-2024T13:34:58 - [TEST_STEP][PASSED] - res = sendRequest(req): Send request successfully

25-08-2024T13:34:59 - [MESSAGE][INFO] - HAR: C:\Users\fanhi\OneDrive - VNU-HCMUS\Software_Testing_subAss\HW7\Source\API_21127661\Reports\20240825_133448\TS_Send File\20240825_133448\requests\main\5.har

25-08-2024T13:34:59 - [MESSAGE][PASSED] - Send request successfully

25-08-2024T13:34:59 - [TEST_STEP][PASSED] - verifyResponseStatusCode(res, expected.intValue(), CONTINUE_ON_FAILURE): Verify response status code successfully

25-08-2024T13:34:59 - [MESSAGE][PASSED] - Verify response status code successfully

25-08-2024T13:34:59 - [TEST_STEP][PASSED] - responseText = res.getResponseText(): null

25-08-2024T13:34:59 - [TEST_STEP][PASSED] - if (responseText != null && !(trim().isEmpty())): Response is valid: 89/c1a7f3446347a782a555044397a42c

25-08-2024T13:34:59 - [TEST_STEP][PASSED] - markPassed("Response is valid: " + responseText): Response is valid: 89/c1a7f3446347a782a555044397a42c

25-08-2024T13:34:59 - [MESSAGE][PASSED] - Response is valid: 89/c1a7f3446347a782a555044397a42c]]></system-out>
         <system-err><![CDATA[]]></system-err>
      </testcase>
      <testcase name="Test Cases/TC_Send File" time="0.128" classname="Test Cases/TC_Send File" status="PASSED">
         <system-out><![CDATA[25-08-2024T13:34:59 - [TEST_CASE][PASSED] - Test Cases/TC_Send File: Test Cases/TC_Send File

25-08-2024T13:34:59 - [TEST_STEP][PASSED] - projectPath = getProjectDir(): null

25-08-2024T13:34:59 - [TEST_STEP][PASSED] - filePath = projectPath + "\" + file: null

25-08-2024T13:34:59 - [TEST_STEP][PASSED] - authorizationHeader = new com.kms.katalon.core.testobject.TestObjectProperty(Authorization, com.kms.katalon.core.testobject.ConditionType.EQUALS, (Bearer  + internal.GlobalVariable.token)): null

25-08-2024T13:34:59 - [TEST_STEP][PASSED] - newId = generateUUIDv4(): null

25-08-2024T13:34:59 - [TEST_STEP][PASSED] - return java.util.UUID.randomUUID().toString(): null

25-08-2024T13:34:59 - [TEST_STEP][PASSED] - print(newId): null

25-08-2024T13:34:59 - [TEST_STEP][PASSED] - req = findTestObject("API_Send File", ["senderId":myId, "groupId":groupId, "file":filePath, "id":newId]): null

25-08-2024T13:34:59 - [TEST_STEP][PASSED] - getHttpHeaderProperties().removeIf({ -> ... }): null

25-08-2024T13:34:59 - [TEST_STEP][PASSED] - getHttpHeaderProperties().add(authorizationHeader): null

25-08-2024T13:34:59 - [TEST_STEP][PASSED] - groupId = getVariables().get("groupId"): null

25-08-2024T13:34:59 - [TEST_STEP][PASSED] - println("The groupId in the request body is: " + groupId): null

25-08-2024T13:34:59 - [TEST_STEP][PASSED] - res = sendRequest(req): Send request successfully

25-08-2024T13:34:59 - [MESSAGE][INFO] - HAR: C:\Users\fanhi\OneDrive - VNU-HCMUS\Software_Testing_subAss\HW7\Source\API_21127661\Reports\20240825_133448\TS_Send File\20240825_133448\requests\main\6.har

25-08-2024T13:34:59 - [MESSAGE][PASSED] - Send request successfully

25-08-2024T13:34:59 - [TEST_STEP][PASSED] - verifyResponseStatusCode(res, expected.intValue(), CONTINUE_ON_FAILURE): Verify response status code successfully

25-08-2024T13:34:59 - [MESSAGE][PASSED] - Verify response status code successfully

25-08-2024T13:34:59 - [TEST_STEP][PASSED] - responseText = res.getResponseText(): null

25-08-2024T13:34:59 - [TEST_STEP][PASSED] - if (responseText != null && !(trim().isEmpty())): Response is valid: f8/a65605763b4bfcbfd21a3a3d06e5d1.pdf

25-08-2024T13:34:59 - [TEST_STEP][PASSED] - markPassed("Response is valid: " + responseText): Response is valid: f8/a65605763b4bfcbfd21a3a3d06e5d1.pdf

25-08-2024T13:34:59 - [MESSAGE][PASSED] - Response is valid: f8/a65605763b4bfcbfd21a3a3d06e5d1.pdf]]></system-out>
         <system-err><![CDATA[]]></system-err>
      </testcase>
      <testcase name="Test Cases/TC_Send File" time="0.117" classname="Test Cases/TC_Send File" status="FAILED">
         <failure type="FAILED" message="Test Cases/TC_Send File FAILED.&#xa;Reason:&#xa;com.kms.katalon.core.exception.StepFailedException: Expected status code is '415' but actual status code is '200'&#xa;	at com.kms.katalon.core.keyword.internal.KeywordMain.stepFailed(KeywordMain.groovy:39)&#xa;	at com.kms.katalon.core.webservice.keyword.builtin.VerifyResponseStatusCodeKeyword.verifyStatusCode(VerifyResponseStatusCodeKeyword.groovy:52)&#xa;	at com.kms.katalon.core.webservice.keyword.builtin.VerifyResponseStatusCodeKeyword.access$0(VerifyResponseStatusCodeKeyword.groovy)&#xa;	at com.kms.katalon.core.webservice.keyword.builtin.VerifyResponseStatusCodeKeyword$_verifyResponseStatusCode_closure1.doCall(VerifyResponseStatusCodeKeyword.groovy:42)&#xa;	at com.kms.katalon.core.webservice.keyword.builtin.VerifyResponseStatusCodeKeyword$_verifyResponseStatusCode_closure1.call(VerifyResponseStatusCodeKeyword.groovy)&#xa;	at com.kms.katalon.core.keyword.internal.KeywordMain.runKeyword(KeywordMain.groovy:75)&#xa;	at com.kms.katalon.core.webservice.keyword.builtin.VerifyResponseStatusCodeKeyword.verifyResponseStatusCode(VerifyResponseStatusCodeKeyword.groovy:37)&#xa;	at com.kms.katalon.core.webservice.keyword.builtin.VerifyResponseStatusCodeKeyword.execute(VerifyResponseStatusCodeKeyword.groovy:32)&#xa;	at com.kms.katalon.core.keyword.internal.KeywordExecutor.executeKeywordForPlatform(KeywordExecutor.groovy:74)&#xa;	at com.kms.katalon.core.webservice.keyword.WSBuiltInKeywords.verifyResponseStatusCode(WSBuiltInKeywords.groovy:331)&#xa;	at TC_Send File.run(TC_Send File:48)&#xa;	at com.kms.katalon.core.main.ScriptEngine.run(ScriptEngine.java:194)&#xa;	at com.kms.katalon.core.main.ScriptEngine.runScriptAsRawText(ScriptEngine.java:119)&#xa;	at com.kms.katalon.core.main.TestCaseExecutor.runScript(TestCaseExecutor.java:448)&#xa;	at com.kms.katalon.core.main.TestCaseExecutor.doExecute(TestCaseExecutor.java:439)&#xa;	at com.kms.katalon.core.main.TestCaseExecutor.processExecutionPhase(TestCaseExecutor.java:418)&#xa;	at com.kms.katalon.core.main.TestCaseExecutor.accessMainPhase(TestCaseExecutor.java:410)&#xa;	at com.kms.katalon.core.main.TestCaseExecutor.execute(TestCaseExecutor.java:285)&#xa;	at com.kms.katalon.core.common.CommonExecutor.accessTestCaseMainPhase(CommonExecutor.java:65)&#xa;	at com.kms.katalon.core.main.TestSuiteExecutor.accessTestSuiteMainPhase(TestSuiteExecutor.java:150)&#xa;	at com.kms.katalon.core.main.TestSuiteExecutor.execute(TestSuiteExecutor.java:106)&#xa;	at com.kms.katalon.core.main.TestCaseMain.startTestSuite(TestCaseMain.java:180)&#xa;	at TempTestSuite1724567688775.run(TempTestSuite1724567688775.groovy:35)&#xa;	at java.base/jdk.internal.reflect.NativeMethodAccessorImpl.invoke0(Native Method)&#xa;	at java.base/jdk.internal.reflect.NativeMethodAccessorImpl.invoke(NativeMethodAccessorImpl.java:77)&#xa;	at java.base/jdk.internal.reflect.DelegatingMethodAccessorImpl.invoke(DelegatingMethodAccessorImpl.java:43)&#xa;"/>
         <system-out><![CDATA[25-08-2024T13:34:59 - [TEST_CASE][FAILED] - Test Cases/TC_Send File: Test Cases/TC_Send File FAILED.
Reason:
com.kms.katalon.core.exception.StepFailedException: Expected status code is '415' but actual status code is '200'
	at com.kms.katalon.core.keyword.internal.KeywordMain.stepFailed(KeywordMain.groovy:39)
	at com.kms.katalon.core.webservice.keyword.builtin.VerifyResponseStatusCodeKeyword.verifyStatusCode(VerifyResponseStatusCodeKeyword.groovy:52)
	at com.kms.katalon.core.webservice.keyword.builtin.VerifyResponseStatusCodeKeyword.access$0(VerifyResponseStatusCodeKeyword.groovy)
	at com.kms.katalon.core.webservice.keyword.builtin.VerifyResponseStatusCodeKeyword$_verifyResponseStatusCode_closure1.doCall(VerifyResponseStatusCodeKeyword.groovy:42)
	at com.kms.katalon.core.webservice.keyword.builtin.VerifyResponseStatusCodeKeyword$_verifyResponseStatusCode_closure1.call(VerifyResponseStatusCodeKeyword.groovy)
	at com.kms.katalon.core.keyword.internal.KeywordMain.runKeyword(KeywordMain.groovy:75)
	at com.kms.katalon.core.webservice.keyword.builtin.VerifyResponseStatusCodeKeyword.verifyResponseStatusCode(VerifyResponseStatusCodeKeyword.groovy:37)
	at com.kms.katalon.core.webservice.keyword.builtin.VerifyResponseStatusCodeKeyword.execute(VerifyResponseStatusCodeKeyword.groovy:32)
	at com.kms.katalon.core.keyword.internal.KeywordExecutor.executeKeywordForPlatform(KeywordExecutor.groovy:74)
	at com.kms.katalon.core.webservice.keyword.WSBuiltInKeywords.verifyResponseStatusCode(WSBuiltInKeywords.groovy:331)
	at TC_Send File.run(TC_Send File:48)
	at com.kms.katalon.core.main.ScriptEngine.run(ScriptEngine.java:194)
	at com.kms.katalon.core.main.ScriptEngine.runScriptAsRawText(ScriptEngine.java:119)
	at com.kms.katalon.core.main.TestCaseExecutor.runScript(TestCaseExecutor.java:448)
	at com.kms.katalon.core.main.TestCaseExecutor.doExecute(TestCaseExecutor.java:439)
	at com.kms.katalon.core.main.TestCaseExecutor.processExecutionPhase(TestCaseExecutor.java:418)
	at com.kms.katalon.core.main.TestCaseExecutor.accessMainPhase(TestCaseExecutor.java:410)
	at com.kms.katalon.core.main.TestCaseExecutor.execute(TestCaseExecutor.java:285)
	at com.kms.katalon.core.common.CommonExecutor.accessTestCaseMainPhase(CommonExecutor.java:65)
	at com.kms.katalon.core.main.TestSuiteExecutor.accessTestSuiteMainPhase(TestSuiteExecutor.java:150)
	at com.kms.katalon.core.main.TestSuiteExecutor.execute(TestSuiteExecutor.java:106)
	at com.kms.katalon.core.main.TestCaseMain.startTestSuite(TestCaseMain.java:180)
	at TempTestSuite1724567688775.run(TempTestSuite1724567688775.groovy:35)
	at java.base/jdk.internal.reflect.NativeMethodAccessorImpl.invoke0(Native Method)
	at java.base/jdk.internal.reflect.NativeMethodAccessorImpl.invoke(NativeMethodAccessorImpl.java:77)
	at java.base/jdk.internal.reflect.DelegatingMethodAccessorImpl.invoke(DelegatingMethodAccessorImpl.java:43)


25-08-2024T13:34:59 - [TEST_STEP][PASSED] - projectPath = getProjectDir(): null

25-08-2024T13:34:59 - [TEST_STEP][PASSED] - filePath = projectPath + "\" + file: null

25-08-2024T13:34:59 - [TEST_STEP][PASSED] - authorizationHeader = new com.kms.katalon.core.testobject.TestObjectProperty(Authorization, com.kms.katalon.core.testobject.ConditionType.EQUALS, (Bearer  + internal.GlobalVariable.token)): null

25-08-2024T13:34:59 - [TEST_STEP][PASSED] - newId = generateUUIDv4(): null

25-08-2024T13:34:59 - [TEST_STEP][PASSED] - return java.util.UUID.randomUUID().toString(): null

25-08-2024T13:34:59 - [TEST_STEP][PASSED] - print(newId): null

25-08-2024T13:34:59 - [TEST_STEP][PASSED] - req = findTestObject("API_Send File", ["senderId":myId, "groupId":groupId, "file":filePath, "id":newId]): null

25-08-2024T13:34:59 - [TEST_STEP][PASSED] - getHttpHeaderProperties().removeIf({ -> ... }): null

25-08-2024T13:34:59 - [TEST_STEP][PASSED] - getHttpHeaderProperties().add(authorizationHeader): null

25-08-2024T13:34:59 - [TEST_STEP][PASSED] - groupId = getVariables().get("groupId"): null

25-08-2024T13:34:59 - [TEST_STEP][PASSED] - println("The groupId in the request body is: " + groupId): null

25-08-2024T13:34:59 - [TEST_STEP][PASSED] - res = sendRequest(req): Send request successfully

25-08-2024T13:34:59 - [MESSAGE][INFO] - HAR: C:\Users\fanhi\OneDrive - VNU-HCMUS\Software_Testing_subAss\HW7\Source\API_21127661\Reports\20240825_133448\TS_Send File\20240825_133448\requests\main\7.har

25-08-2024T13:34:59 - [MESSAGE][PASSED] - Send request successfully

25-08-2024T13:34:59 - [TEST_STEP][FAILED] - verifyResponseStatusCode(res, expected.intValue(), CONTINUE_ON_FAILURE): Expected status code is '415' but actual status code is '200'

25-08-2024T13:34:59 - [MESSAGE][FAILED] - Expected status code is '415' but actual status code is '200'

25-08-2024T13:34:59 - [TEST_STEP][PASSED] - responseText = res.getResponseText(): null

25-08-2024T13:34:59 - [TEST_STEP][PASSED] - if (responseText != null && !(trim().isEmpty())): Response is valid: ea/7b29f67de2462e83d18ba13911f783.txt

25-08-2024T13:34:59 - [TEST_STEP][PASSED] - markPassed("Response is valid: " + responseText): Response is valid: ea/7b29f67de2462e83d18ba13911f783.txt

25-08-2024T13:34:59 - [MESSAGE][PASSED] - Response is valid: ea/7b29f67de2462e83d18ba13911f783.txt]]></system-out>
         <system-err><![CDATA[25-08-2024T13:34:59 - [TEST_CASE][FAILED] - Test Cases/TC_Send File: Test Cases/TC_Send File FAILED.
Reason:
com.kms.katalon.core.exception.StepFailedException: Expected status code is '415' but actual status code is '200'
	at com.kms.katalon.core.keyword.internal.KeywordMain.stepFailed(KeywordMain.groovy:39)
	at com.kms.katalon.core.webservice.keyword.builtin.VerifyResponseStatusCodeKeyword.verifyStatusCode(VerifyResponseStatusCodeKeyword.groovy:52)
	at com.kms.katalon.core.webservice.keyword.builtin.VerifyResponseStatusCodeKeyword.access$0(VerifyResponseStatusCodeKeyword.groovy)
	at com.kms.katalon.core.webservice.keyword.builtin.VerifyResponseStatusCodeKeyword$_verifyResponseStatusCode_closure1.doCall(VerifyResponseStatusCodeKeyword.groovy:42)
	at com.kms.katalon.core.webservice.keyword.builtin.VerifyResponseStatusCodeKeyword$_verifyResponseStatusCode_closure1.call(VerifyResponseStatusCodeKeyword.groovy)
	at com.kms.katalon.core.keyword.internal.KeywordMain.runKeyword(KeywordMain.groovy:75)
	at com.kms.katalon.core.webservice.keyword.builtin.VerifyResponseStatusCodeKeyword.verifyResponseStatusCode(VerifyResponseStatusCodeKeyword.groovy:37)
	at com.kms.katalon.core.webservice.keyword.builtin.VerifyResponseStatusCodeKeyword.execute(VerifyResponseStatusCodeKeyword.groovy:32)
	at com.kms.katalon.core.keyword.internal.KeywordExecutor.executeKeywordForPlatform(KeywordExecutor.groovy:74)
	at com.kms.katalon.core.webservice.keyword.WSBuiltInKeywords.verifyResponseStatusCode(WSBuiltInKeywords.groovy:331)
	at TC_Send File.run(TC_Send File:48)
	at com.kms.katalon.core.main.ScriptEngine.run(ScriptEngine.java:194)
	at com.kms.katalon.core.main.ScriptEngine.runScriptAsRawText(ScriptEngine.java:119)
	at com.kms.katalon.core.main.TestCaseExecutor.runScript(TestCaseExecutor.java:448)
	at com.kms.katalon.core.main.TestCaseExecutor.doExecute(TestCaseExecutor.java:439)
	at com.kms.katalon.core.main.TestCaseExecutor.processExecutionPhase(TestCaseExecutor.java:418)
	at com.kms.katalon.core.main.TestCaseExecutor.accessMainPhase(TestCaseExecutor.java:410)
	at com.kms.katalon.core.main.TestCaseExecutor.execute(TestCaseExecutor.java:285)
	at com.kms.katalon.core.common.CommonExecutor.accessTestCaseMainPhase(CommonExecutor.java:65)
	at com.kms.katalon.core.main.TestSuiteExecutor.accessTestSuiteMainPhase(TestSuiteExecutor.java:150)
	at com.kms.katalon.core.main.TestSuiteExecutor.execute(TestSuiteExecutor.java:106)
	at com.kms.katalon.core.main.TestCaseMain.startTestSuite(TestCaseMain.java:180)
	at TempTestSuite1724567688775.run(TempTestSuite1724567688775.groovy:35)
	at java.base/jdk.internal.reflect.NativeMethodAccessorImpl.invoke0(Native Method)
	at java.base/jdk.internal.reflect.NativeMethodAccessorImpl.invoke(NativeMethodAccessorImpl.java:77)
	at java.base/jdk.internal.reflect.DelegatingMethodAccessorImpl.invoke(DelegatingMethodAccessorImpl.java:43)]]></system-err>
      </testcase>
      <testcase name="Test Cases/TC_Send File" time="0.083" classname="Test Cases/TC_Send File" status="PASSED">
         <system-out><![CDATA[25-08-2024T13:34:59 - [TEST_CASE][PASSED] - Test Cases/TC_Send File: Test Cases/TC_Send File

25-08-2024T13:34:59 - [TEST_STEP][PASSED] - projectPath = getProjectDir(): null

25-08-2024T13:34:59 - [TEST_STEP][PASSED] - filePath = projectPath + "\" + file: null

25-08-2024T13:34:59 - [TEST_STEP][PASSED] - authorizationHeader = new com.kms.katalon.core.testobject.TestObjectProperty(Authorization, com.kms.katalon.core.testobject.ConditionType.EQUALS, (Bearer  + internal.GlobalVariable.token)): null

25-08-2024T13:34:59 - [TEST_STEP][PASSED] - newId = generateUUIDv4(): null

25-08-2024T13:34:59 - [TEST_STEP][PASSED] - return java.util.UUID.randomUUID().toString(): null

25-08-2024T13:34:59 - [TEST_STEP][PASSED] - print(newId): null

25-08-2024T13:34:59 - [TEST_STEP][PASSED] - req = findTestObject("API_Send File", ["senderId":myId, "groupId":groupId, "file":filePath, "id":newId]): null

25-08-2024T13:34:59 - [TEST_STEP][PASSED] - getHttpHeaderProperties().removeIf({ -> ... }): null

25-08-2024T13:34:59 - [TEST_STEP][PASSED] - getHttpHeaderProperties().add(authorizationHeader): null

25-08-2024T13:34:59 - [TEST_STEP][PASSED] - groupId = getVariables().get("groupId"): null

25-08-2024T13:34:59 - [TEST_STEP][PASSED] - println("The groupId in the request body is: " + groupId): null

25-08-2024T13:34:59 - [TEST_STEP][PASSED] - res = sendRequest(req): Send request successfully

25-08-2024T13:34:59 - [MESSAGE][INFO] - HAR: C:\Users\fanhi\OneDrive - VNU-HCMUS\Software_Testing_subAss\HW7\Source\API_21127661\Reports\20240825_133448\TS_Send File\20240825_133448\requests\main\8.har

25-08-2024T13:34:59 - [MESSAGE][PASSED] - Send request successfully

25-08-2024T13:34:59 - [TEST_STEP][PASSED] - verifyResponseStatusCode(res, expected.intValue(), CONTINUE_ON_FAILURE): Verify response status code successfully

25-08-2024T13:34:59 - [MESSAGE][PASSED] - Verify response status code successfully

25-08-2024T13:34:59 - [TEST_STEP][PASSED] - responseText = res.getResponseText(): null

25-08-2024T13:34:59 - [TEST_STEP][PASSED] - if (responseText != null && !(trim().isEmpty())): Response is valid: 4e/c144ee3552489fa139a162036b6f96

25-08-2024T13:34:59 - [TEST_STEP][PASSED] - markPassed("Response is valid: " + responseText): Response is valid: 4e/c144ee3552489fa139a162036b6f96

25-08-2024T13:34:59 - [MESSAGE][PASSED] - Response is valid: 4e/c144ee3552489fa139a162036b6f96]]></system-out>
         <system-err><![CDATA[]]></system-err>
      </testcase>
      <testcase name="Test Cases/TC_Send File" time="0.177" classname="Test Cases/TC_Send File" status="PASSED">
         <system-out><![CDATA[25-08-2024T13:34:59 - [TEST_CASE][PASSED] - Test Cases/TC_Send File: Test Cases/TC_Send File

25-08-2024T13:34:59 - [TEST_STEP][PASSED] - projectPath = getProjectDir(): null

25-08-2024T13:34:59 - [TEST_STEP][PASSED] - filePath = projectPath + "\" + file: null

25-08-2024T13:34:59 - [TEST_STEP][PASSED] - authorizationHeader = new com.kms.katalon.core.testobject.TestObjectProperty(Authorization, com.kms.katalon.core.testobject.ConditionType.EQUALS, (Bearer  + internal.GlobalVariable.token)): null

25-08-2024T13:34:59 - [TEST_STEP][PASSED] - newId = generateUUIDv4(): null

25-08-2024T13:34:59 - [TEST_STEP][PASSED] - return java.util.UUID.randomUUID().toString(): null

25-08-2024T13:34:59 - [TEST_STEP][PASSED] - print(newId): null

25-08-2024T13:34:59 - [TEST_STEP][PASSED] - req = findTestObject("API_Send File", ["senderId":myId, "groupId":groupId, "file":filePath, "id":newId]): null

25-08-2024T13:34:59 - [TEST_STEP][PASSED] - getHttpHeaderProperties().removeIf({ -> ... }): null

25-08-2024T13:34:59 - [TEST_STEP][PASSED] - getHttpHeaderProperties().add(authorizationHeader): null

25-08-2024T13:34:59 - [TEST_STEP][PASSED] - groupId = getVariables().get("groupId"): null

25-08-2024T13:34:59 - [TEST_STEP][PASSED] - println("The groupId in the request body is: " + groupId): null

25-08-2024T13:34:59 - [TEST_STEP][PASSED] - res = sendRequest(req): Send request successfully

25-08-2024T13:34:59 - [MESSAGE][INFO] - HAR: C:\Users\fanhi\OneDrive - VNU-HCMUS\Software_Testing_subAss\HW7\Source\API_21127661\Reports\20240825_133448\TS_Send File\20240825_133448\requests\main\9.har

25-08-2024T13:34:59 - [MESSAGE][PASSED] - Send request successfully

25-08-2024T13:34:59 - [TEST_STEP][PASSED] - verifyResponseStatusCode(res, expected.intValue(), CONTINUE_ON_FAILURE): Verify response status code successfully

25-08-2024T13:34:59 - [MESSAGE][PASSED] - Verify response status code successfully

25-08-2024T13:34:59 - [TEST_STEP][PASSED] - responseText = res.getResponseText(): null

25-08-2024T13:34:59 - [TEST_STEP][PASSED] - if (responseText != null && !(trim().isEmpty())): Response is valid: a6/14df1bfb944a4b86b8cd5ba580f9b5.pdf

25-08-2024T13:34:59 - [TEST_STEP][PASSED] - markPassed("Response is valid: " + responseText): Response is valid: a6/14df1bfb944a4b86b8cd5ba580f9b5.pdf

25-08-2024T13:34:59 - [MESSAGE][PASSED] - Response is valid: a6/14df1bfb944a4b86b8cd5ba580f9b5.pdf]]></system-out>
         <system-err><![CDATA[]]></system-err>
      </testcase>
      <testcase name="Test Cases/TC_Send File" time="0.113" classname="Test Cases/TC_Send File" status="FAILED">
         <failure type="FAILED" message="Test Cases/TC_Send File FAILED.&#xa;Reason:&#xa;com.kms.katalon.core.exception.StepFailedException: Expected status code is '200' but actual status code is '500'&#xa;	at com.kms.katalon.core.keyword.internal.KeywordMain.stepFailed(KeywordMain.groovy:39)&#xa;	at com.kms.katalon.core.webservice.keyword.builtin.VerifyResponseStatusCodeKeyword.verifyStatusCode(VerifyResponseStatusCodeKeyword.groovy:52)&#xa;	at com.kms.katalon.core.webservice.keyword.builtin.VerifyResponseStatusCodeKeyword.access$0(VerifyResponseStatusCodeKeyword.groovy)&#xa;	at com.kms.katalon.core.webservice.keyword.builtin.VerifyResponseStatusCodeKeyword$_verifyResponseStatusCode_closure1.doCall(VerifyResponseStatusCodeKeyword.groovy:42)&#xa;	at com.kms.katalon.core.webservice.keyword.builtin.VerifyResponseStatusCodeKeyword$_verifyResponseStatusCode_closure1.call(VerifyResponseStatusCodeKeyword.groovy)&#xa;	at com.kms.katalon.core.keyword.internal.KeywordMain.runKeyword(KeywordMain.groovy:75)&#xa;	at com.kms.katalon.core.webservice.keyword.builtin.VerifyResponseStatusCodeKeyword.verifyResponseStatusCode(VerifyResponseStatusCodeKeyword.groovy:37)&#xa;	at com.kms.katalon.core.webservice.keyword.builtin.VerifyResponseStatusCodeKeyword.execute(VerifyResponseStatusCodeKeyword.groovy:32)&#xa;	at com.kms.katalon.core.keyword.internal.KeywordExecutor.executeKeywordForPlatform(KeywordExecutor.groovy:74)&#xa;	at com.kms.katalon.core.webservice.keyword.WSBuiltInKeywords.verifyResponseStatusCode(WSBuiltInKeywords.groovy:331)&#xa;	at TC_Send File.run(TC_Send File:48)&#xa;	at com.kms.katalon.core.main.ScriptEngine.run(ScriptEngine.java:194)&#xa;	at com.kms.katalon.core.main.ScriptEngine.runScriptAsRawText(ScriptEngine.java:119)&#xa;	at com.kms.katalon.core.main.TestCaseExecutor.runScript(TestCaseExecutor.java:448)&#xa;	at com.kms.katalon.core.main.TestCaseExecutor.doExecute(TestCaseExecutor.java:439)&#xa;	at com.kms.katalon.core.main.TestCaseExecutor.processExecutionPhase(TestCaseExecutor.java:418)&#xa;	at com.kms.katalon.core.main.TestCaseExecutor.accessMainPhase(TestCaseExecutor.java:410)&#xa;	at com.kms.katalon.core.main.TestCaseExecutor.execute(TestCaseExecutor.java:285)&#xa;	at com.kms.katalon.core.common.CommonExecutor.accessTestCaseMainPhase(CommonExecutor.java:65)&#xa;	at com.kms.katalon.core.main.TestSuiteExecutor.accessTestSuiteMainPhase(TestSuiteExecutor.java:150)&#xa;	at com.kms.katalon.core.main.TestSuiteExecutor.execute(TestSuiteExecutor.java:106)&#xa;	at com.kms.katalon.core.main.TestCaseMain.startTestSuite(TestCaseMain.java:180)&#xa;	at TempTestSuite1724567688775.run(TempTestSuite1724567688775.groovy:35)&#xa;	at java.base/jdk.internal.reflect.NativeMethodAccessorImpl.invoke0(Native Method)&#xa;	at java.base/jdk.internal.reflect.NativeMethodAccessorImpl.invoke(NativeMethodAccessorImpl.java:77)&#xa;	at java.base/jdk.internal.reflect.DelegatingMethodAccessorImpl.invoke(DelegatingMethodAccessorImpl.java:43)&#xa;"/>
         <system-out><![CDATA[25-08-2024T13:34:59 - [TEST_CASE][FAILED] - Test Cases/TC_Send File: Test Cases/TC_Send File FAILED.
Reason:
com.kms.katalon.core.exception.StepFailedException: Expected status code is '200' but actual status code is '500'
	at com.kms.katalon.core.keyword.internal.KeywordMain.stepFailed(KeywordMain.groovy:39)
	at com.kms.katalon.core.webservice.keyword.builtin.VerifyResponseStatusCodeKeyword.verifyStatusCode(VerifyResponseStatusCodeKeyword.groovy:52)
	at com.kms.katalon.core.webservice.keyword.builtin.VerifyResponseStatusCodeKeyword.access$0(VerifyResponseStatusCodeKeyword.groovy)
	at com.kms.katalon.core.webservice.keyword.builtin.VerifyResponseStatusCodeKeyword$_verifyResponseStatusCode_closure1.doCall(VerifyResponseStatusCodeKeyword.groovy:42)
	at com.kms.katalon.core.webservice.keyword.builtin.VerifyResponseStatusCodeKeyword$_verifyResponseStatusCode_closure1.call(VerifyResponseStatusCodeKeyword.groovy)
	at com.kms.katalon.core.keyword.internal.KeywordMain.runKeyword(KeywordMain.groovy:75)
	at com.kms.katalon.core.webservice.keyword.builtin.VerifyResponseStatusCodeKeyword.verifyResponseStatusCode(VerifyResponseStatusCodeKeyword.groovy:37)
	at com.kms.katalon.core.webservice.keyword.builtin.VerifyResponseStatusCodeKeyword.execute(VerifyResponseStatusCodeKeyword.groovy:32)
	at com.kms.katalon.core.keyword.internal.KeywordExecutor.executeKeywordForPlatform(KeywordExecutor.groovy:74)
	at com.kms.katalon.core.webservice.keyword.WSBuiltInKeywords.verifyResponseStatusCode(WSBuiltInKeywords.groovy:331)
	at TC_Send File.run(TC_Send File:48)
	at com.kms.katalon.core.main.ScriptEngine.run(ScriptEngine.java:194)
	at com.kms.katalon.core.main.ScriptEngine.runScriptAsRawText(ScriptEngine.java:119)
	at com.kms.katalon.core.main.TestCaseExecutor.runScript(TestCaseExecutor.java:448)
	at com.kms.katalon.core.main.TestCaseExecutor.doExecute(TestCaseExecutor.java:439)
	at com.kms.katalon.core.main.TestCaseExecutor.processExecutionPhase(TestCaseExecutor.java:418)
	at com.kms.katalon.core.main.TestCaseExecutor.accessMainPhase(TestCaseExecutor.java:410)
	at com.kms.katalon.core.main.TestCaseExecutor.execute(TestCaseExecutor.java:285)
	at com.kms.katalon.core.common.CommonExecutor.accessTestCaseMainPhase(CommonExecutor.java:65)
	at com.kms.katalon.core.main.TestSuiteExecutor.accessTestSuiteMainPhase(TestSuiteExecutor.java:150)
	at com.kms.katalon.core.main.TestSuiteExecutor.execute(TestSuiteExecutor.java:106)
	at com.kms.katalon.core.main.TestCaseMain.startTestSuite(TestCaseMain.java:180)
	at TempTestSuite1724567688775.run(TempTestSuite1724567688775.groovy:35)
	at java.base/jdk.internal.reflect.NativeMethodAccessorImpl.invoke0(Native Method)
	at java.base/jdk.internal.reflect.NativeMethodAccessorImpl.invoke(NativeMethodAccessorImpl.java:77)
	at java.base/jdk.internal.reflect.DelegatingMethodAccessorImpl.invoke(DelegatingMethodAccessorImpl.java:43)


25-08-2024T13:34:59 - [TEST_STEP][PASSED] - projectPath = getProjectDir(): null

25-08-2024T13:34:59 - [TEST_STEP][PASSED] - filePath = projectPath + "\" + file: null

25-08-2024T13:34:59 - [TEST_STEP][PASSED] - authorizationHeader = new com.kms.katalon.core.testobject.TestObjectProperty(Authorization, com.kms.katalon.core.testobject.ConditionType.EQUALS, (Bearer  + internal.GlobalVariable.token)): null

25-08-2024T13:34:59 - [TEST_STEP][PASSED] - newId = generateUUIDv4(): null

25-08-2024T13:34:59 - [TEST_STEP][PASSED] - return java.util.UUID.randomUUID().toString(): null

25-08-2024T13:34:59 - [TEST_STEP][PASSED] - print(newId): null

25-08-2024T13:34:59 - [TEST_STEP][PASSED] - req = findTestObject("API_Send File", ["senderId":myId, "groupId":groupId, "file":filePath, "id":newId]): null

25-08-2024T13:34:59 - [TEST_STEP][PASSED] - getHttpHeaderProperties().removeIf({ -> ... }): null

25-08-2024T13:34:59 - [TEST_STEP][PASSED] - getHttpHeaderProperties().add(authorizationHeader): null

25-08-2024T13:34:59 - [TEST_STEP][PASSED] - groupId = getVariables().get("groupId"): null

25-08-2024T13:34:59 - [TEST_STEP][PASSED] - println("The groupId in the request body is: " + groupId): null

25-08-2024T13:34:59 - [TEST_STEP][PASSED] - res = sendRequest(req): Send request successfully

25-08-2024T13:34:59 - [MESSAGE][INFO] - HAR: C:\Users\fanhi\OneDrive - VNU-HCMUS\Software_Testing_subAss\HW7\Source\API_21127661\Reports\20240825_133448\TS_Send File\20240825_133448\requests\main\10.har

25-08-2024T13:34:59 - [MESSAGE][PASSED] - Send request successfully

25-08-2024T13:34:59 - [TEST_STEP][FAILED] - verifyResponseStatusCode(res, expected.intValue(), CONTINUE_ON_FAILURE): Expected status code is '200' but actual status code is '500'

25-08-2024T13:34:59 - [MESSAGE][FAILED] - Expected status code is '200' but actual status code is '500'

25-08-2024T13:34:59 - [TEST_STEP][PASSED] - responseText = res.getResponseText(): null

25-08-2024T13:34:59 - [TEST_STEP][PASSED] - if (responseText != null && !(trim().isEmpty())): Response is valid: {"type":"about:blank","title":"Internal server error.","status":500,"detail":null,"instance":"/api/messages/file","properties":{"debug_exception":{"StackTrace":"org.springframework.web.multipart.MaxUploadSizeExceededException: Maximum upload size exceeded\r\n\tat org.springframework.web.multipart.support.StandardMultipartHttpServletRequest.handleParseFailure(StandardMultipartHttpServletRequest.java:122)\r\n\tat org.springframework.web.multipart.support.StandardMultipartHttpServletRequest.parseRequest(StandardMultipartHttpServletRequest.java:110)\r\n\tat org.springframework.web.multipart.support.StandardMultipartHttpServletRequest.<init>(StandardMultipartHttpServletRequest.java:86)\r\n\tat org.springframework.web.multipart.support.StandardServletMultipartResolver.resolveMultipart(StandardServletMultipartResolver.java:112)\r\n\tat org.springframework.web.servlet.DispatcherServlet.checkMultipart(DispatcherServlet.java:1227)\r\n\tat org.springframework.web.servlet.DispatcherServlet.doDispatch(DispatcherServlet.java:1061)\r\n\tat org.springframework.web.servlet.DispatcherServlet.doService(DispatcherServlet.java:979)\r\n\tat org.springframework.web.servlet.FrameworkServlet.processRequest(FrameworkServlet.java:1014)\r\n\tat org.springframework.web.servlet.FrameworkServlet.doPost(FrameworkServlet.java:914)\r\n\tat jakarta.servlet.http.HttpServlet.service(HttpServlet.java:590)\r\n\tat org.springframework.web.servlet.FrameworkServlet.service(FrameworkServlet.java:885)\r\n\tat jakarta.servlet.http.HttpServlet.service(HttpServlet.java:658)\r\n\tat org.apache.catalina.core.ApplicationFilterChain.internalDoFilter(ApplicationFilterChain.java:205)\r\n\tat org.apache.catalina.core.ApplicationFilterChain.doFilter(ApplicationFilterChain.java:149)\r\n\tat org.apache.tomcat.websocket.server.WsFilter.doFilter(WsFilter.java:51)\r\n\tat org.apache.catalina.core.ApplicationFilterChain.internalDoFilter(ApplicationFilterChain.java:174)\r\n\tat org.apache.catalina.core.ApplicationFilterChain.doFilter(ApplicationFilterChain.java:149)\r\n\tat org.springframework.web.filter.AbstractRequestLoggingFilter.doFilterInternal(AbstractRequestLoggingFilter.java:289)\r\n\tat org.springframework.web.filter.OncePerRequestFilter.doFilter(OncePerRequestFilter.java:116)\r\n\tat org.apache.catalina.core.ApplicationFilterChain.internalDoFilter(ApplicationFilterChain.java:174)\r\n\tat org.apache.catalina.core.ApplicationFilterChain.doFilter(ApplicationFilterChain.java:149)\r\n\tat org.springframework.web.filter.OncePerRequestFilter.doFilter(OncePerRequestFilter.java:110)\r\n\tat org.apache.catalina.core.ApplicationFilterChain.internalDoFilter(ApplicationFilterChain.java:174)\r\n\tat org.apache.catalina.core.ApplicationFilterChain.doFilter(ApplicationFilterChain.java:149)\r\n\tat org.springframework.web.filter.CompositeFilter$VirtualFilterChain.doFilter(CompositeFilter.java:108)\r\n\tat org.springframework.security.web.FilterChainProxy.lambda$doFilterInternal$3(FilterChainProxy.java:231)\r\n\tat org.springframework.security.web.ObservationFilterChainDecorator$FilterObservation$SimpleFilterObservation.lambda$wrap$1(ObservationFilterChainDecorator.java:479)\r\n\tat org.springframework.security.web.ObservationFilterChainDecorator$AroundFilterObservation$SimpleAroundFilterObservation.lambda$wrap$1(ObservationFilterChainDecorator.java:340)\r\n\tat org.springframework.security.web.ObservationFilterChainDecorator.lambda$wrapSecured$0(ObservationFilterChainDecorator.java:82)\r\n\tat org.springframework.security.web.ObservationFilterChainDecorator$VirtualFilterChain.doFilter(ObservationFilterChainDecorator.java:128)\r\n\tat org.springframework.security.web.access.intercept.AuthorizationFilter.doFilter(AuthorizationFilter.java:100)\r\n\tat org.springframework.security.web.ObservationFilterChainDecorator$ObservationFilter.wrapFilter(ObservationFilterChainDecorator.java:240)\r\n\tat org.springframework.security.web.ObservationFilterChainDecorator$ObservationFilter.doFilter(ObservationFilterChainDecorator.java:227)\r\n\tat org.springframework.security.web.ObservationFilterChainDecorator$VirtualFilterChain.doFilter(ObservationFilterChainDecorator.java:137)\r\n\tat org.springframework.security.web.access.ExceptionTranslationFilter.doFilter(ExceptionTranslationFilter.java:126)\r\n\tat org.springframework.security.web.access.ExceptionTranslationFilter.doFilter(ExceptionTranslationFilter.java:120)\r\n\tat org.springframework.security.web.ObservationFilterChainDecorator$ObservationFilter.wrapFilter(ObservationFilterChainDecorator.java:240)\r\n\tat org.springframework.security.web.ObservationFilterChainDecorator$ObservationFilter.doFilter(ObservationFilterChainDecorator.java:227)\r\n\tat org.springframework.security.web.ObservationFilterChainDecorator$VirtualFilterChain.doFilter(ObservationFilterChainDecorator.java:137)\r\n\tat org.springframework.security.web.session.SessionManagementFilter.doFilter(SessionManagementFilter.java:131)\r\n\tat org.springframework.security.web.session.SessionManagementFilter.doFilter(SessionManagementFilter.java:85)\r\n\tat org.springframework.security.web.ObservationFilterChainDecorator$ObservationFilter.wrapFilter(ObservationFilterChainDecorator.java:240)\r\n\tat org.springframework.security.web.ObservationFilterChainDecorator$ObservationFilter.doFilter(ObservationFilterChainDecorator.java:227)\r\n\tat org.springframework.security.web.ObservationFilterChainDecorator$VirtualFilterChain.doFilter(ObservationFilterChainDecorator.java:137)\r\n\tat org.springframework.security.web.authentication.AnonymousAuthenticationFilter.doFilter(AnonymousAuthenticationFilter.java:100)\r\n\tat org.springframework.security.web.ObservationFilterChainDecorator$ObservationFilter.wrapFilter(ObservationFilterChainDecorator.java:240)\r\n\tat org.springframework.security.web.ObservationFilterChainDecorator$ObservationFilter.doFilter(ObservationFilterChainDecorator.java:227)\r\n\tat org.springframework.security.web.ObservationFilterChainDecorator$VirtualFilterChain.doFilter(ObservationFilterChainDecorator.java:137)\r\n\tat org.springframework.security.web.servletapi.SecurityContextHolderAwareRequestFilter.doFilter(SecurityContextHolderAwareRequestFilter.java:179)\r\n\tat org.springframework.security.web.ObservationFilterChainDecorator$ObservationFilter.wrapFilter(ObservationFilterChainDecorator.java:240)\r\n\tat org.springframework.security.web.ObservationFilterChainDecorator$ObservationFilter.doFilter(ObservationFilterChainDecorator.java:227)\r\n\tat org.springframework.security.web.ObservationFilterChainDecorator$VirtualFilterChain.doFilter(ObservationFilterChainDecorator.java:137)\r\n\tat org.springframework.security.web.savedrequest.RequestCacheAwareFilter.doFilter(RequestCacheAwareFilter.java:63)\r\n\tat org.springframework.security.web.ObservationFilterChainDecorator$ObservationFilter.wrapFilter(ObservationFilterChainDecorator.java:240)\r\n\tat org.springframework.security.web.ObservationFilterChainDecorator$ObservationFilter.doFilter(ObservationFilterChainDecorator.java:227)\r\n\tat org.springframework.security.web.ObservationFilterChainDecorator$VirtualFilterChain.doFilter(ObservationFilterChainDecorator.java:137)\r\n\tat com.hcmus.mentor.backend.security.filter.JwtAuthFilter.doFilterInternal(JwtAuthFilter.java:93)\r\n\tat org.springframework.web.filter.OncePerRequestFilter.doFilter(OncePerRequestFilter.java:116)\r\n\tat org.springframework.security.web.ObservationFilterChainDecorator$ObservationFilter.wrapFilter(ObservationFilterChainDecorator.java:240)\r\n\tat org.springframework.security.web.ObservationFilterChainDecorator$ObservationFilter.doFilter(ObservationFilterChainDecorator.java:227)\r\n\tat org.springframework.security.web.ObservationFilterChainDecorator$VirtualFilterChain.doFilter(ObservationFilterChainDecorator.java:137)\r\n\tat org.springframework.security.web.authentication.AbstractAuthenticationProcessingFilter.doFilter(AbstractAuthenticationProcessingFilter.java:227)\r\n\tat org.springframework.security.web.authentication.AbstractAuthenticationProcessingFilter.doFilter(AbstractAuthenticationProcessingFilter.java:221)\r\n\tat org.springframework.security.web.ObservationFilterChainDecorator$ObservationFilter.wrapFilter(ObservationFilterChainDecorator.java:240)\r\n\tat org.springframework.security.web.ObservationFilterChainDecorator$ObservationFilter.doFilter(ObservationFilterChainDecorator.java:227)\r\n\tat org.springframework.security.web.ObservationFilterChainDecorator$VirtualFilterChain.doFilter(ObservationFilterChainDecorator.java:137)\r\n\tat org.springframework.security.oauth2.client.web.OAuth2AuthorizationRequestRedirectFilter.doFilterInternal(OAuth2AuthorizationRequestRedirectFilter.java:181)\r\n\tat org.springframework.web.filter.OncePerRequestFilter.doFilter(OncePerRequestFilter.java:116)\r\n\tat org.springframework.security.web.ObservationFilterChainDecorator$ObservationFilter.wrapFilter(ObservationFilterChainDecorator.java:240)\r\n\tat org.springframework.security.web.ObservationFilterChainDecorator$ObservationFilter.doFilter(ObservationFilterChainDecorator.java:227)\r\n\tat org.springframework.security.web.ObservationFilterChainDecorator$VirtualFilterChain.doFilter(ObservationFilterChainDecorator.java:137)\r\n\tat org.springframework.security.web.authentication.logout.LogoutFilter.doFilter(LogoutFilter.java:107)\r\n\tat org.springframework.security.web.authentication.logout.LogoutFilter.doFilter(LogoutFilter.java:93)\r\n\tat org.springframework.security.web.ObservationFilterChainDecorator$ObservationFilter.wrapFilter(ObservationFilterChainDecorator.java:240)\r\n\tat org.springframework.security.web.ObservationFilterChainDecorator$ObservationFilter.doFilter(ObservationFilterChainDecorator.java:227)\r\n\tat org.springframework.security.web.ObservationFilterChainDecorator$VirtualFilterChain.doFilter(ObservationFilterChainDecorator.java:137)\r\n\tat org.springframework.web.filter.CorsFilter.doFilterInternal(CorsFilter.java:91)\r\n\tat org.springframework.web.filter.OncePerRequestFilter.doFilter(OncePerRequestFilter.java:116)\r\n\tat org.springframework.security.web.ObservationFilterChainDecorator$ObservationFilter.wrapFilter(ObservationFilterChainDecorator.java:240)\r\n\tat org.springframework.security.web.ObservationFilterChainDecorator$ObservationFilter.doFilter(ObservationFilterChainDecorator.java:227)\r\n\tat org.springframework.security.web.ObservationFilterChainDecorator$VirtualFilterChain.doFilter(ObservationFilterChainDecorator.java:137)\r\n\tat org.springframework.security.web.header.HeaderWriterFilter.doHeadersAfter(HeaderWriterFilter.java:90)\r\n\tat org.springframework.security.web.header.HeaderWriterFilter.doFilterInternal(HeaderWriterFilter.java:75)\r\n\tat org.springframework.web.filter.OncePerRequestFilter.doFilter(OncePerRequestFilter.java:116)\r\n\tat org.springframework.security.web.ObservationFilterChainDecorator$ObservationFilter.wrapFilter(ObservationFilterChainDecorator.java:240)\r\n\tat org.springframework.security.web.ObservationFilterChainDecorator$ObservationFilter.doFilter(ObservationFilterChainDecorator.java:227)\r\n\tat org.springframework.security.web.ObservationFilterChainDecorator$VirtualFilterChain.doFilter(ObservationFilterChainDecorator.java:137)\r\n\tat org.springframework.security.web.context.SecurityContextHolderFilter.doFilter(SecurityContextHolderFilter.java:82)\r\n\tat org.springframework.security.web.context.SecurityContextHolderFilter.doFilter(SecurityContextHolderFilter.java:69)\r\n\tat org.springframework.security.web.ObservationFilterChainDecorator$ObservationFilter.wrapFilter(ObservationFilterChainDecorator.java:240)\r\n\tat org.springframework.security.web.ObservationFilterChainDecorator$ObservationFilter.doFilter(ObservationFilterChainDecorator.java:227)\r\n\tat org.springframework.security.web.ObservationFilterChainDecorator$VirtualFilterChain.doFilter(ObservationFilterChainDecorator.java:137)\r\n\tat org.springframework.security.web.context.request.async.WebAsyncManagerIntegrationFilter.doFilterInternal(WebAsyncManagerIntegrationFilter.java:62)\r\n\tat org.springframework.web.filter.OncePerRequestFilter.doFilter(OncePerRequestFilter.java:116)\r\n\tat org.springframework.security.web.ObservationFilterChainDecorator$ObservationFilter.wrapFilter(ObservationFilterChainDecorator.java:240)\r\n\tat org.springframework.security.web.ObservationFilterChainDecorator$ObservationFilter.doFilter(ObservationFilterChainDecorator.java:227)\r\n\tat org.springframework.security.web.ObservationFilterChainDecorator$VirtualFilterChain.doFilter(ObservationFilterChainDecorator.java:137)\r\n\tat org.springframework.security.web.session.DisableEncodeUrlFilter.doFilterInternal(DisableEncodeUrlFilter.java:42)\r\n\tat org.springframework.web.filter.OncePerRequestFilter.doFilter(OncePerRequestFilter.java:116)\r\n\tat org.springframework.security.web.ObservationFilterChainDecorator$ObservationFilter.wrapFilter(ObservationFilterChainDecorator.java:240)\r\n\tat org.springframework.security.web.ObservationFilterChainDecorator$AroundFilterObservation$SimpleAroundFilterObservation.lambda$wrap$0(ObservationFilterChainDecorator.java:323)\r\n\tat org.springframework.security.web.ObservationFilterChainDecorator$ObservationFilter.doFilter(ObservationFilterChainDecorator.java:224)\r\n\tat org.springframework.security.web.ObservationFilterChainDecorator$VirtualFilterChain.doFilter(ObservationFilterChainDecorator.java:137)\r\n\tat org.springframework.security.web.FilterChainProxy.doFilterInternal(FilterChainProxy.java:233)\r\n\tat org.springframework.security.web.FilterChainProxy.doFilter(FilterChainProxy.java:191)\r\n\tat org.springframework.web.filter.CompositeFilter$VirtualFilterChain.doFilter(CompositeFilter.java:113)\r\n\tat org.springframework.web.servlet.handler.HandlerMappingIntrospector.lambda$createCacheFilter$3(HandlerMappingIntrospector.java:195)\r\n\tat org.springframework.web.filter.CompositeFilter$VirtualFilterChain.doFilter(CompositeFilter.java:113)\r\n\tat org.springframework.web.filter.CompositeFilter.doFilter(CompositeFilter.java:74)\r\n\tat org.springframework.security.config.annotation.web.configuration.WebMvcSecurityConfiguration$CompositeFilterChainProxy.doFilter(WebMvcSecurityConfiguration.java:230)\r\n\tat org.springframework.web.filter.DelegatingFilterProxy.invokeDelegate(DelegatingFilterProxy.java:352)\r\n\tat org.springframework.web.filter.DelegatingFilterProxy.doFilter(DelegatingFilterProxy.java:268)\r\n\tat org.apache.catalina.core.ApplicationFilterChain.internalDoFilter(ApplicationFilterChain.java:174)\r\n\tat org.apache.catalina.core.ApplicationFilterChain.doFilter(ApplicationFilterChain.java:149)\r\n\tat org.springframework.web.filter.RequestContextFilter.doFilterInternal(RequestContextFilter.java:100)\r\n\tat org.springframework.web.filter.OncePerRequestFilter.doFilter(OncePerRequestFilter.java:116)\r\n\tat org.apache.catalina.core.ApplicationFilterChain.internalDoFilter(ApplicationFilterChain.java:174)\r\n\tat org.apache.catalina.core.ApplicationFilterChain.doFilter(ApplicationFilterChain.java:149)\r\n\tat org.springframework.web.filter.FormContentFilter.doFilterInternal(FormContentFilter.java:93)\r\n\tat org.springframework.web.filter.OncePerRequestFilter.doFilter(OncePerRequestFilter.java:116)\r\n\tat org.apache.catalina.core.ApplicationFilterChain.internalDoFilter(ApplicationFilterChain.java:174)\r\n\tat org.apache.catalina.core.ApplicationFilterChain.doFilter(ApplicationFilterChain.java:149)\r\n\tat org.springframework.web.filter.ServerHttpObservationFilter.doFilterInternal(ServerHttpObservationFilter.java:109)\r\n\tat org.springframework.web.filter.OncePerRequestFilter.doFilter(OncePerRequestFilter.java:116)\r\n\tat org.apache.catalina.core.ApplicationFilterChain.internalDoFilter(ApplicationFilterChain.java:174)\r\n\tat org.apache.catalina.core.ApplicationFilterChain.doFilter(ApplicationFilterChain.java:149)\r\n\tat org.springframework.web.filter.CharacterEncodingFilter.doFilterInternal(CharacterEncodingFilter.java:201)\r\n\tat org.springframework.web.filter.OncePerRequestFilter.doFilter(OncePerRequestFilter.java:116)\r\n\tat org.apache.catalina.core.ApplicationFilterChain.internalDoFilter(ApplicationFilterChain.java:174)\r\n\tat org.apache.catalina.core.ApplicationFilterChain.doFilter(ApplicationFilterChain.java:149)\r\n\tat org.springframework.web.filter.OncePerRequestFilter.doFilter(OncePerRequestFilter.java:101)\r\n\tat org.apache.catalina.core.ApplicationFilterChain.internalDoFilter(ApplicationFilterChain.java:174)\r\n\tat org.apache.catalina.core.ApplicationFilterChain.doFilter(ApplicationFilterChain.java:149)\r\n\tat org.apache.catalina.core.StandardWrapperValve.invoke(StandardWrapperValve.java:167)\r\n\tat org.apache.catalina.core.StandardContextValve.invoke(StandardContextValve.java:90)\r\n\tat org.apache.catalina.authenticator.AuthenticatorBase.invoke(AuthenticatorBase.java:482)\r\n\tat org.apache.catalina.core.StandardHostValve.invoke(StandardHostValve.java:115)\r\n\tat org.apache.catalina.valves.ErrorReportValve.invoke(ErrorReportValve.java:93)\r\n\tat org.apache.catalina.core.StandardEngineValve.invoke(StandardEngineValve.java:74)\r\n\tat org.apache.catalina.connector.CoyoteAdapter.service(CoyoteAdapter.java:344)\r\n\tat org.apache.coyote.http11.Http11Processor.service(Http11Processor.java:391)\r\n\tat org.apache.coyote.AbstractProcessorLight.process(AbstractProcessorLight.java:63)\r\n\tat org.apache.coyote.AbstractProtocol$ConnectionHandler.process(AbstractProtocol.java:896)\r\n\tat org.apache.tomcat.util.net.NioEndpoint$SocketProcessor.doRun(NioEndpoint.java:1744)\r\n\tat org.apache.tomcat.util.net.SocketProcessorBase.run(SocketProcessorBase.java:52)\r\n\tat org.apache.tomcat.util.threads.ThreadPoolExecutor.runWorker(ThreadPoolExecutor.java:1191)\r\n\tat org.apache.tomcat.util.threads.ThreadPoolExecutor$Worker.run(ThreadPoolExecutor.java:659)\r\n\tat org.apache.tomcat.util.threads.TaskThread$WrappingRunnable.run(TaskThread.java:63)\r\n\tat java.base/java.lang.Thread.run(Thread.java:1583)\r\nCaused by: java.lang.IllegalStateException: org.apache.tomcat.util.http.fileupload.impl.SizeLimitExceededException: the request was rejected because its size (5243690) exceeds the configured maximum (5242880)\r\n\tat org.apache.catalina.connector.Request.parseParts(Request.java:2825)\r\n\tat org.apache.catalina.connector.Request.getParts(Request.java:2685)\r\n\tat org.apache.catalina.connector.RequestFacade.getParts(RequestFacade.java:773)\r\n\tat jakarta.servlet.http.HttpServletRequestWrapper.getParts(HttpServletRequestWrapper.java:315)\r\n\tat jakarta.servlet.http.HttpServletRequestWrapper.getParts(HttpServletRequestWrapper.java:315)\r\n\tat jakarta.servlet.http.HttpServletRequestWrapper.getParts(HttpServletRequestWrapper.java:315)\r\n\tat jakarta.servlet.http.HttpServletRequestWrapper.getParts(HttpServletRequestWrapper.java:315)\r\n\tat org.springframework.web.multipart.support.StandardMultipartHttpServletRequest.parseRequest(StandardMultipartHttpServletRequest.java:93)\r\n\t... 147 more\r\nCaused by: org.apache.tomcat.util.http.fileupload.impl.SizeLimitExceededException: the request was rejected because its size (5243690) exceeds the configured maximum (5242880)\r\n\tat org.apache.tomcat.util.http.fileupload.impl.FileItemIteratorImpl.init(FileItemIteratorImpl.java:161)\r\n\tat org.apache.tomcat.util.http.fileupload.impl.FileItemIteratorImpl.getMultiPartStream(FileItemIteratorImpl.java:205)\r\n\tat org.apache.tomcat.util.http.fileupload.impl.FileItemIteratorImpl.findNextItem(FileItemIteratorImpl.java:224)\r\n\tat org.apache.tomcat.util.http.fileupload.impl.FileItemIteratorImpl.<init>(FileItemIteratorImpl.java:142)\r\n\tat org.apache.tomcat.util.http.fileupload.FileUploadBase.getItemIterator(FileUploadBase.java:252)\r\n\tat org.apache.tomcat.util.http.fileupload.FileUploadBase.parseRequest(FileUploadBase.java:276)\r\n\tat org.apache.catalina.connector.Request.parseParts(Request.java:2784)\r\n\t... 154 more\r\n","Type":"MaxUploadSizeExceededException","Message":"Maximum upload size exceeded"}}}

25-08-2024T13:34:59 - [TEST_STEP][PASSED] - markPassed("Response is valid: " + responseText): Response is valid: {"type":"about:blank","title":"Internal server error.","status":500,"detail":null,"instance":"/api/messages/file","properties":{"debug_exception":{"StackTrace":"org.springframework.web.multipart.MaxUploadSizeExceededException: Maximum upload size exceeded\r\n\tat org.springframework.web.multipart.support.StandardMultipartHttpServletRequest.handleParseFailure(StandardMultipartHttpServletRequest.java:122)\r\n\tat org.springframework.web.multipart.support.StandardMultipartHttpServletRequest.parseRequest(StandardMultipartHttpServletRequest.java:110)\r\n\tat org.springframework.web.multipart.support.StandardMultipartHttpServletRequest.<init>(StandardMultipartHttpServletRequest.java:86)\r\n\tat org.springframework.web.multipart.support.StandardServletMultipartResolver.resolveMultipart(StandardServletMultipartResolver.java:112)\r\n\tat org.springframework.web.servlet.DispatcherServlet.checkMultipart(DispatcherServlet.java:1227)\r\n\tat org.springframework.web.servlet.DispatcherServlet.doDispatch(DispatcherServlet.java:1061)\r\n\tat org.springframework.web.servlet.DispatcherServlet.doService(DispatcherServlet.java:979)\r\n\tat org.springframework.web.servlet.FrameworkServlet.processRequest(FrameworkServlet.java:1014)\r\n\tat org.springframework.web.servlet.FrameworkServlet.doPost(FrameworkServlet.java:914)\r\n\tat jakarta.servlet.http.HttpServlet.service(HttpServlet.java:590)\r\n\tat org.springframework.web.servlet.FrameworkServlet.service(FrameworkServlet.java:885)\r\n\tat jakarta.servlet.http.HttpServlet.service(HttpServlet.java:658)\r\n\tat org.apache.catalina.core.ApplicationFilterChain.internalDoFilter(ApplicationFilterChain.java:205)\r\n\tat org.apache.catalina.core.ApplicationFilterChain.doFilter(ApplicationFilterChain.java:149)\r\n\tat org.apache.tomcat.websocket.server.WsFilter.doFilter(WsFilter.java:51)\r\n\tat org.apache.catalina.core.ApplicationFilterChain.internalDoFilter(ApplicationFilterChain.java:174)\r\n\tat org.apache.catalina.core.ApplicationFilterChain.doFilter(ApplicationFilterChain.java:149)\r\n\tat org.springframework.web.filter.AbstractRequestLoggingFilter.doFilterInternal(AbstractRequestLoggingFilter.java:289)\r\n\tat org.springframework.web.filter.OncePerRequestFilter.doFilter(OncePerRequestFilter.java:116)\r\n\tat org.apache.catalina.core.ApplicationFilterChain.internalDoFilter(ApplicationFilterChain.java:174)\r\n\tat org.apache.catalina.core.ApplicationFilterChain.doFilter(ApplicationFilterChain.java:149)\r\n\tat org.springframework.web.filter.OncePerRequestFilter.doFilter(OncePerRequestFilter.java:110)\r\n\tat org.apache.catalina.core.ApplicationFilterChain.internalDoFilter(ApplicationFilterChain.java:174)\r\n\tat org.apache.catalina.core.ApplicationFilterChain.doFilter(ApplicationFilterChain.java:149)\r\n\tat org.springframework.web.filter.CompositeFilter$VirtualFilterChain.doFilter(CompositeFilter.java:108)\r\n\tat org.springframework.security.web.FilterChainProxy.lambda$doFilterInternal$3(FilterChainProxy.java:231)\r\n\tat org.springframework.security.web.ObservationFilterChainDecorator$FilterObservation$SimpleFilterObservation.lambda$wrap$1(ObservationFilterChainDecorator.java:479)\r\n\tat org.springframework.security.web.ObservationFilterChainDecorator$AroundFilterObservation$SimpleAroundFilterObservation.lambda$wrap$1(ObservationFilterChainDecorator.java:340)\r\n\tat org.springframework.security.web.ObservationFilterChainDecorator.lambda$wrapSecured$0(ObservationFilterChainDecorator.java:82)\r\n\tat org.springframework.security.web.ObservationFilterChainDecorator$VirtualFilterChain.doFilter(ObservationFilterChainDecorator.java:128)\r\n\tat org.springframework.security.web.access.intercept.AuthorizationFilter.doFilter(AuthorizationFilter.java:100)\r\n\tat org.springframework.security.web.ObservationFilterChainDecorator$ObservationFilter.wrapFilter(ObservationFilterChainDecorator.java:240)\r\n\tat org.springframework.security.web.ObservationFilterChainDecorator$ObservationFilter.doFilter(ObservationFilterChainDecorator.java:227)\r\n\tat org.springframework.security.web.ObservationFilterChainDecorator$VirtualFilterChain.doFilter(ObservationFilterChainDecorator.java:137)\r\n\tat org.springframework.security.web.access.ExceptionTranslationFilter.doFilter(ExceptionTranslationFilter.java:126)\r\n\tat org.springframework.security.web.access.ExceptionTranslationFilter.doFilter(ExceptionTranslationFilter.java:120)\r\n\tat org.springframework.security.web.ObservationFilterChainDecorator$ObservationFilter.wrapFilter(ObservationFilterChainDecorator.java:240)\r\n\tat org.springframework.security.web.ObservationFilterChainDecorator$ObservationFilter.doFilter(ObservationFilterChainDecorator.java:227)\r\n\tat org.springframework.security.web.ObservationFilterChainDecorator$VirtualFilterChain.doFilter(ObservationFilterChainDecorator.java:137)\r\n\tat org.springframework.security.web.session.SessionManagementFilter.doFilter(SessionManagementFilter.java:131)\r\n\tat org.springframework.security.web.session.SessionManagementFilter.doFilter(SessionManagementFilter.java:85)\r\n\tat org.springframework.security.web.ObservationFilterChainDecorator$ObservationFilter.wrapFilter(ObservationFilterChainDecorator.java:240)\r\n\tat org.springframework.security.web.ObservationFilterChainDecorator$ObservationFilter.doFilter(ObservationFilterChainDecorator.java:227)\r\n\tat org.springframework.security.web.ObservationFilterChainDecorator$VirtualFilterChain.doFilter(ObservationFilterChainDecorator.java:137)\r\n\tat org.springframework.security.web.authentication.AnonymousAuthenticationFilter.doFilter(AnonymousAuthenticationFilter.java:100)\r\n\tat org.springframework.security.web.ObservationFilterChainDecorator$ObservationFilter.wrapFilter(ObservationFilterChainDecorator.java:240)\r\n\tat org.springframework.security.web.ObservationFilterChainDecorator$ObservationFilter.doFilter(ObservationFilterChainDecorator.java:227)\r\n\tat org.springframework.security.web.ObservationFilterChainDecorator$VirtualFilterChain.doFilter(ObservationFilterChainDecorator.java:137)\r\n\tat org.springframework.security.web.servletapi.SecurityContextHolderAwareRequestFilter.doFilter(SecurityContextHolderAwareRequestFilter.java:179)\r\n\tat org.springframework.security.web.ObservationFilterChainDecorator$ObservationFilter.wrapFilter(ObservationFilterChainDecorator.java:240)\r\n\tat org.springframework.security.web.ObservationFilterChainDecorator$ObservationFilter.doFilter(ObservationFilterChainDecorator.java:227)\r\n\tat org.springframework.security.web.ObservationFilterChainDecorator$VirtualFilterChain.doFilter(ObservationFilterChainDecorator.java:137)\r\n\tat org.springframework.security.web.savedrequest.RequestCacheAwareFilter.doFilter(RequestCacheAwareFilter.java:63)\r\n\tat org.springframework.security.web.ObservationFilterChainDecorator$ObservationFilter.wrapFilter(ObservationFilterChainDecorator.java:240)\r\n\tat org.springframework.security.web.ObservationFilterChainDecorator$ObservationFilter.doFilter(ObservationFilterChainDecorator.java:227)\r\n\tat org.springframework.security.web.ObservationFilterChainDecorator$VirtualFilterChain.doFilter(ObservationFilterChainDecorator.java:137)\r\n\tat com.hcmus.mentor.backend.security.filter.JwtAuthFilter.doFilterInternal(JwtAuthFilter.java:93)\r\n\tat org.springframework.web.filter.OncePerRequestFilter.doFilter(OncePerRequestFilter.java:116)\r\n\tat org.springframework.security.web.ObservationFilterChainDecorator$ObservationFilter.wrapFilter(ObservationFilterChainDecorator.java:240)\r\n\tat org.springframework.security.web.ObservationFilterChainDecorator$ObservationFilter.doFilter(ObservationFilterChainDecorator.java:227)\r\n\tat org.springframework.security.web.ObservationFilterChainDecorator$VirtualFilterChain.doFilter(ObservationFilterChainDecorator.java:137)\r\n\tat org.springframework.security.web.authentication.AbstractAuthenticationProcessingFilter.doFilter(AbstractAuthenticationProcessingFilter.java:227)\r\n\tat org.springframework.security.web.authentication.AbstractAuthenticationProcessingFilter.doFilter(AbstractAuthenticationProcessingFilter.java:221)\r\n\tat org.springframework.security.web.ObservationFilterChainDecorator$ObservationFilter.wrapFilter(ObservationFilterChainDecorator.java:240)\r\n\tat org.springframework.security.web.ObservationFilterChainDecorator$ObservationFilter.doFilter(ObservationFilterChainDecorator.java:227)\r\n\tat org.springframework.security.web.ObservationFilterChainDecorator$VirtualFilterChain.doFilter(ObservationFilterChainDecorator.java:137)\r\n\tat org.springframework.security.oauth2.client.web.OAuth2AuthorizationRequestRedirectFilter.doFilterInternal(OAuth2AuthorizationRequestRedirectFilter.java:181)\r\n\tat org.springframework.web.filter.OncePerRequestFilter.doFilter(OncePerRequestFilter.java:116)\r\n\tat org.springframework.security.web.ObservationFilterChainDecorator$ObservationFilter.wrapFilter(ObservationFilterChainDecorator.java:240)\r\n\tat org.springframework.security.web.ObservationFilterChainDecorator$ObservationFilter.doFilter(ObservationFilterChainDecorator.java:227)\r\n\tat org.springframework.security.web.ObservationFilterChainDecorator$VirtualFilterChain.doFilter(ObservationFilterChainDecorator.java:137)\r\n\tat org.springframework.security.web.authentication.logout.LogoutFilter.doFilter(LogoutFilter.java:107)\r\n\tat org.springframework.security.web.authentication.logout.LogoutFilter.doFilter(LogoutFilter.java:93)\r\n\tat org.springframework.security.web.ObservationFilterChainDecorator$ObservationFilter.wrapFilter(ObservationFilterChainDecorator.java:240)\r\n\tat org.springframework.security.web.ObservationFilterChainDecorator$ObservationFilter.doFilter(ObservationFilterChainDecorator.java:227)\r\n\tat org.springframework.security.web.ObservationFilterChainDecorator$VirtualFilterChain.doFilter(ObservationFilterChainDecorator.java:137)\r\n\tat org.springframework.web.filter.CorsFilter.doFilterInternal(CorsFilter.java:91)\r\n\tat org.springframework.web.filter.OncePerRequestFilter.doFilter(OncePerRequestFilter.java:116)\r\n\tat org.springframework.security.web.ObservationFilterChainDecorator$ObservationFilter.wrapFilter(ObservationFilterChainDecorator.java:240)\r\n\tat org.springframework.security.web.ObservationFilterChainDecorator$ObservationFilter.doFilter(ObservationFilterChainDecorator.java:227)\r\n\tat org.springframework.security.web.ObservationFilterChainDecorator$VirtualFilterChain.doFilter(ObservationFilterChainDecorator.java:137)\r\n\tat org.springframework.security.web.header.HeaderWriterFilter.doHeadersAfter(HeaderWriterFilter.java:90)\r\n\tat org.springframework.security.web.header.HeaderWriterFilter.doFilterInternal(HeaderWriterFilter.java:75)\r\n\tat org.springframework.web.filter.OncePerRequestFilter.doFilter(OncePerRequestFilter.java:116)\r\n\tat org.springframework.security.web.ObservationFilterChainDecorator$ObservationFilter.wrapFilter(ObservationFilterChainDecorator.java:240)\r\n\tat org.springframework.security.web.ObservationFilterChainDecorator$ObservationFilter.doFilter(ObservationFilterChainDecorator.java:227)\r\n\tat org.springframework.security.web.ObservationFilterChainDecorator$VirtualFilterChain.doFilter(ObservationFilterChainDecorator.java:137)\r\n\tat org.springframework.security.web.context.SecurityContextHolderFilter.doFilter(SecurityContextHolderFilter.java:82)\r\n\tat org.springframework.security.web.context.SecurityContextHolderFilter.doFilter(SecurityContextHolderFilter.java:69)\r\n\tat org.springframework.security.web.ObservationFilterChainDecorator$ObservationFilter.wrapFilter(ObservationFilterChainDecorator.java:240)\r\n\tat org.springframework.security.web.ObservationFilterChainDecorator$ObservationFilter.doFilter(ObservationFilterChainDecorator.java:227)\r\n\tat org.springframework.security.web.ObservationFilterChainDecorator$VirtualFilterChain.doFilter(ObservationFilterChainDecorator.java:137)\r\n\tat org.springframework.security.web.context.request.async.WebAsyncManagerIntegrationFilter.doFilterInternal(WebAsyncManagerIntegrationFilter.java:62)\r\n\tat org.springframework.web.filter.OncePerRequestFilter.doFilter(OncePerRequestFilter.java:116)\r\n\tat org.springframework.security.web.ObservationFilterChainDecorator$ObservationFilter.wrapFilter(ObservationFilterChainDecorator.java:240)\r\n\tat org.springframework.security.web.ObservationFilterChainDecorator$ObservationFilter.doFilter(ObservationFilterChainDecorator.java:227)\r\n\tat org.springframework.security.web.ObservationFilterChainDecorator$VirtualFilterChain.doFilter(ObservationFilterChainDecorator.java:137)\r\n\tat org.springframework.security.web.session.DisableEncodeUrlFilter.doFilterInternal(DisableEncodeUrlFilter.java:42)\r\n\tat org.springframework.web.filter.OncePerRequestFilter.doFilter(OncePerRequestFilter.java:116)\r\n\tat org.springframework.security.web.ObservationFilterChainDecorator$ObservationFilter.wrapFilter(ObservationFilterChainDecorator.java:240)\r\n\tat org.springframework.security.web.ObservationFilterChainDecorator$AroundFilterObservation$SimpleAroundFilterObservation.lambda$wrap$0(ObservationFilterChainDecorator.java:323)\r\n\tat org.springframework.security.web.ObservationFilterChainDecorator$ObservationFilter.doFilter(ObservationFilterChainDecorator.java:224)\r\n\tat org.springframework.security.web.ObservationFilterChainDecorator$VirtualFilterChain.doFilter(ObservationFilterChainDecorator.java:137)\r\n\tat org.springframework.security.web.FilterChainProxy.doFilterInternal(FilterChainProxy.java:233)\r\n\tat org.springframework.security.web.FilterChainProxy.doFilter(FilterChainProxy.java:191)\r\n\tat org.springframework.web.filter.CompositeFilter$VirtualFilterChain.doFilter(CompositeFilter.java:113)\r\n\tat org.springframework.web.servlet.handler.HandlerMappingIntrospector.lambda$createCacheFilter$3(HandlerMappingIntrospector.java:195)\r\n\tat org.springframework.web.filter.CompositeFilter$VirtualFilterChain.doFilter(CompositeFilter.java:113)\r\n\tat org.springframework.web.filter.CompositeFilter.doFilter(CompositeFilter.java:74)\r\n\tat org.springframework.security.config.annotation.web.configuration.WebMvcSecurityConfiguration$CompositeFilterChainProxy.doFilter(WebMvcSecurityConfiguration.java:230)\r\n\tat org.springframework.web.filter.DelegatingFilterProxy.invokeDelegate(DelegatingFilterProxy.java:352)\r\n\tat org.springframework.web.filter.DelegatingFilterProxy.doFilter(DelegatingFilterProxy.java:268)\r\n\tat org.apache.catalina.core.ApplicationFilterChain.internalDoFilter(ApplicationFilterChain.java:174)\r\n\tat org.apache.catalina.core.ApplicationFilterChain.doFilter(ApplicationFilterChain.java:149)\r\n\tat org.springframework.web.filter.RequestContextFilter.doFilterInternal(RequestContextFilter.java:100)\r\n\tat org.springframework.web.filter.OncePerRequestFilter.doFilter(OncePerRequestFilter.java:116)\r\n\tat org.apache.catalina.core.ApplicationFilterChain.internalDoFilter(ApplicationFilterChain.java:174)\r\n\tat org.apache.catalina.core.ApplicationFilterChain.doFilter(ApplicationFilterChain.java:149)\r\n\tat org.springframework.web.filter.FormContentFilter.doFilterInternal(FormContentFilter.java:93)\r\n\tat org.springframework.web.filter.OncePerRequestFilter.doFilter(OncePerRequestFilter.java:116)\r\n\tat org.apache.catalina.core.ApplicationFilterChain.internalDoFilter(ApplicationFilterChain.java:174)\r\n\tat org.apache.catalina.core.ApplicationFilterChain.doFilter(ApplicationFilterChain.java:149)\r\n\tat org.springframework.web.filter.ServerHttpObservationFilter.doFilterInternal(ServerHttpObservationFilter.java:109)\r\n\tat org.springframework.web.filter.OncePerRequestFilter.doFilter(OncePerRequestFilter.java:116)\r\n\tat org.apache.catalina.core.ApplicationFilterChain.internalDoFilter(ApplicationFilterChain.java:174)\r\n\tat org.apache.catalina.core.ApplicationFilterChain.doFilter(ApplicationFilterChain.java:149)\r\n\tat org.springframework.web.filter.CharacterEncodingFilter.doFilterInternal(CharacterEncodingFilter.java:201)\r\n\tat org.springframework.web.filter.OncePerRequestFilter.doFilter(OncePerRequestFilter.java:116)\r\n\tat org.apache.catalina.core.ApplicationFilterChain.internalDoFilter(ApplicationFilterChain.java:174)\r\n\tat org.apache.catalina.core.ApplicationFilterChain.doFilter(ApplicationFilterChain.java:149)\r\n\tat org.springframework.web.filter.OncePerRequestFilter.doFilter(OncePerRequestFilter.java:101)\r\n\tat org.apache.catalina.core.ApplicationFilterChain.internalDoFilter(ApplicationFilterChain.java:174)\r\n\tat org.apache.catalina.core.ApplicationFilterChain.doFilter(ApplicationFilterChain.java:149)\r\n\tat org.apache.catalina.core.StandardWrapperValve.invoke(StandardWrapperValve.java:167)\r\n\tat org.apache.catalina.core.StandardContextValve.invoke(StandardContextValve.java:90)\r\n\tat org.apache.catalina.authenticator.AuthenticatorBase.invoke(AuthenticatorBase.java:482)\r\n\tat org.apache.catalina.core.StandardHostValve.invoke(StandardHostValve.java:115)\r\n\tat org.apache.catalina.valves.ErrorReportValve.invoke(ErrorReportValve.java:93)\r\n\tat org.apache.catalina.core.StandardEngineValve.invoke(StandardEngineValve.java:74)\r\n\tat org.apache.catalina.connector.CoyoteAdapter.service(CoyoteAdapter.java:344)\r\n\tat org.apache.coyote.http11.Http11Processor.service(Http11Processor.java:391)\r\n\tat org.apache.coyote.AbstractProcessorLight.process(AbstractProcessorLight.java:63)\r\n\tat org.apache.coyote.AbstractProtocol$ConnectionHandler.process(AbstractProtocol.java:896)\r\n\tat org.apache.tomcat.util.net.NioEndpoint$SocketProcessor.doRun(NioEndpoint.java:1744)\r\n\tat org.apache.tomcat.util.net.SocketProcessorBase.run(SocketProcessorBase.java:52)\r\n\tat org.apache.tomcat.util.threads.ThreadPoolExecutor.runWorker(ThreadPoolExecutor.java:1191)\r\n\tat org.apache.tomcat.util.threads.ThreadPoolExecutor$Worker.run(ThreadPoolExecutor.java:659)\r\n\tat org.apache.tomcat.util.threads.TaskThread$WrappingRunnable.run(TaskThread.java:63)\r\n\tat java.base/java.lang.Thread.run(Thread.java:1583)\r\nCaused by: java.lang.IllegalStateException: org.apache.tomcat.util.http.fileupload.impl.SizeLimitExceededException: the request was rejected because its size (5243690) exceeds the configured maximum (5242880)\r\n\tat org.apache.catalina.connector.Request.parseParts(Request.java:2825)\r\n\tat org.apache.catalina.connector.Request.getParts(Request.java:2685)\r\n\tat org.apache.catalina.connector.RequestFacade.getParts(RequestFacade.java:773)\r\n\tat jakarta.servlet.http.HttpServletRequestWrapper.getParts(HttpServletRequestWrapper.java:315)\r\n\tat jakarta.servlet.http.HttpServletRequestWrapper.getParts(HttpServletRequestWrapper.java:315)\r\n\tat jakarta.servlet.http.HttpServletRequestWrapper.getParts(HttpServletRequestWrapper.java:315)\r\n\tat jakarta.servlet.http.HttpServletRequestWrapper.getParts(HttpServletRequestWrapper.java:315)\r\n\tat org.springframework.web.multipart.support.StandardMultipartHttpServletRequest.parseRequest(StandardMultipartHttpServletRequest.java:93)\r\n\t... 147 more\r\nCaused by: org.apache.tomcat.util.http.fileupload.impl.SizeLimitExceededException: the request was rejected because its size (5243690) exceeds the configured maximum (5242880)\r\n\tat org.apache.tomcat.util.http.fileupload.impl.FileItemIteratorImpl.init(FileItemIteratorImpl.java:161)\r\n\tat org.apache.tomcat.util.http.fileupload.impl.FileItemIteratorImpl.getMultiPartStream(FileItemIteratorImpl.java:205)\r\n\tat org.apache.tomcat.util.http.fileupload.impl.FileItemIteratorImpl.findNextItem(FileItemIteratorImpl.java:224)\r\n\tat org.apache.tomcat.util.http.fileupload.impl.FileItemIteratorImpl.<init>(FileItemIteratorImpl.java:142)\r\n\tat org.apache.tomcat.util.http.fileupload.FileUploadBase.getItemIterator(FileUploadBase.java:252)\r\n\tat org.apache.tomcat.util.http.fileupload.FileUploadBase.parseRequest(FileUploadBase.java:276)\r\n\tat org.apache.catalina.connector.Request.parseParts(Request.java:2784)\r\n\t... 154 more\r\n","Type":"MaxUploadSizeExceededException","Message":"Maximum upload size exceeded"}}}

25-08-2024T13:34:59 - [MESSAGE][PASSED] - Response is valid: {"type":"about:blank","title":"Internal server error.","status":500,"detail":null,"instance":"/api/messages/file","properties":{"debug_exception":{"StackTrace":"org.springframework.web.multipart.MaxUploadSizeExceededException: Maximum upload size exceeded\r\n\tat org.springframework.web.multipart.support.StandardMultipartHttpServletRequest.handleParseFailure(StandardMultipartHttpServletRequest.java:122)\r\n\tat org.springframework.web.multipart.support.StandardMultipartHttpServletRequest.parseRequest(StandardMultipartHttpServletRequest.java:110)\r\n\tat org.springframework.web.multipart.support.StandardMultipartHttpServletRequest.<init>(StandardMultipartHttpServletRequest.java:86)\r\n\tat org.springframework.web.multipart.support.StandardServletMultipartResolver.resolveMultipart(StandardServletMultipartResolver.java:112)\r\n\tat org.springframework.web.servlet.DispatcherServlet.checkMultipart(DispatcherServlet.java:1227)\r\n\tat org.springframework.web.servlet.DispatcherServlet.doDispatch(DispatcherServlet.java:1061)\r\n\tat org.springframework.web.servlet.DispatcherServlet.doService(DispatcherServlet.java:979)\r\n\tat org.springframework.web.servlet.FrameworkServlet.processRequest(FrameworkServlet.java:1014)\r\n\tat org.springframework.web.servlet.FrameworkServlet.doPost(FrameworkServlet.java:914)\r\n\tat jakarta.servlet.http.HttpServlet.service(HttpServlet.java:590)\r\n\tat org.springframework.web.servlet.FrameworkServlet.service(FrameworkServlet.java:885)\r\n\tat jakarta.servlet.http.HttpServlet.service(HttpServlet.java:658)\r\n\tat org.apache.catalina.core.ApplicationFilterChain.internalDoFilter(ApplicationFilterChain.java:205)\r\n\tat org.apache.catalina.core.ApplicationFilterChain.doFilter(ApplicationFilterChain.java:149)\r\n\tat org.apache.tomcat.websocket.server.WsFilter.doFilter(WsFilter.java:51)\r\n\tat org.apache.catalina.core.ApplicationFilterChain.internalDoFilter(ApplicationFilterChain.java:174)\r\n\tat org.apache.catalina.core.ApplicationFilterChain.doFilter(ApplicationFilterChain.java:149)\r\n\tat org.springframework.web.filter.AbstractRequestLoggingFilter.doFilterInternal(AbstractRequestLoggingFilter.java:289)\r\n\tat org.springframework.web.filter.OncePerRequestFilter.doFilter(OncePerRequestFilter.java:116)\r\n\tat org.apache.catalina.core.ApplicationFilterChain.internalDoFilter(ApplicationFilterChain.java:174)\r\n\tat org.apache.catalina.core.ApplicationFilterChain.doFilter(ApplicationFilterChain.java:149)\r\n\tat org.springframework.web.filter.OncePerRequestFilter.doFilter(OncePerRequestFilter.java:110)\r\n\tat org.apache.catalina.core.ApplicationFilterChain.internalDoFilter(ApplicationFilterChain.java:174)\r\n\tat org.apache.catalina.core.ApplicationFilterChain.doFilter(ApplicationFilterChain.java:149)\r\n\tat org.springframework.web.filter.CompositeFilter$VirtualFilterChain.doFilter(CompositeFilter.java:108)\r\n\tat org.springframework.security.web.FilterChainProxy.lambda$doFilterInternal$3(FilterChainProxy.java:231)\r\n\tat org.springframework.security.web.ObservationFilterChainDecorator$FilterObservation$SimpleFilterObservation.lambda$wrap$1(ObservationFilterChainDecorator.java:479)\r\n\tat org.springframework.security.web.ObservationFilterChainDecorator$AroundFilterObservation$SimpleAroundFilterObservation.lambda$wrap$1(ObservationFilterChainDecorator.java:340)\r\n\tat org.springframework.security.web.ObservationFilterChainDecorator.lambda$wrapSecured$0(ObservationFilterChainDecorator.java:82)\r\n\tat org.springframework.security.web.ObservationFilterChainDecorator$VirtualFilterChain.doFilter(ObservationFilterChainDecorator.java:128)\r\n\tat org.springframework.security.web.access.intercept.AuthorizationFilter.doFilter(AuthorizationFilter.java:100)\r\n\tat org.springframework.security.web.ObservationFilterChainDecorator$ObservationFilter.wrapFilter(ObservationFilterChainDecorator.java:240)\r\n\tat org.springframework.security.web.ObservationFilterChainDecorator$ObservationFilter.doFilter(ObservationFilterChainDecorator.java:227)\r\n\tat org.springframework.security.web.ObservationFilterChainDecorator$VirtualFilterChain.doFilter(ObservationFilterChainDecorator.java:137)\r\n\tat org.springframework.security.web.access.ExceptionTranslationFilter.doFilter(ExceptionTranslationFilter.java:126)\r\n\tat org.springframework.security.web.access.ExceptionTranslationFilter.doFilter(ExceptionTranslationFilter.java:120)\r\n\tat org.springframework.security.web.ObservationFilterChainDecorator$ObservationFilter.wrapFilter(ObservationFilterChainDecorator.java:240)\r\n\tat org.springframework.security.web.ObservationFilterChainDecorator$ObservationFilter.doFilter(ObservationFilterChainDecorator.java:227)\r\n\tat org.springframework.security.web.ObservationFilterChainDecorator$VirtualFilterChain.doFilter(ObservationFilterChainDecorator.java:137)\r\n\tat org.springframework.security.web.session.SessionManagementFilter.doFilter(SessionManagementFilter.java:131)\r\n\tat org.springframework.security.web.session.SessionManagementFilter.doFilter(SessionManagementFilter.java:85)\r\n\tat org.springframework.security.web.ObservationFilterChainDecorator$ObservationFilter.wrapFilter(ObservationFilterChainDecorator.java:240)\r\n\tat org.springframework.security.web.ObservationFilterChainDecorator$ObservationFilter.doFilter(ObservationFilterChainDecorator.java:227)\r\n\tat org.springframework.security.web.ObservationFilterChainDecorator$VirtualFilterChain.doFilter(ObservationFilterChainDecorator.java:137)\r\n\tat org.springframework.security.web.authentication.AnonymousAuthenticationFilter.doFilter(AnonymousAuthenticationFilter.java:100)\r\n\tat org.springframework.security.web.ObservationFilterChainDecorator$ObservationFilter.wrapFilter(ObservationFilterChainDecorator.java:240)\r\n\tat org.springframework.security.web.ObservationFilterChainDecorator$ObservationFilter.doFilter(ObservationFilterChainDecorator.java:227)\r\n\tat org.springframework.security.web.ObservationFilterChainDecorator$VirtualFilterChain.doFilter(ObservationFilterChainDecorator.java:137)\r\n\tat org.springframework.security.web.servletapi.SecurityContextHolderAwareRequestFilter.doFilter(SecurityContextHolderAwareRequestFilter.java:179)\r\n\tat org.springframework.security.web.ObservationFilterChainDecorator$ObservationFilter.wrapFilter(ObservationFilterChainDecorator.java:240)\r\n\tat org.springframework.security.web.ObservationFilterChainDecorator$ObservationFilter.doFilter(ObservationFilterChainDecorator.java:227)\r\n\tat org.springframework.security.web.ObservationFilterChainDecorator$VirtualFilterChain.doFilter(ObservationFilterChainDecorator.java:137)\r\n\tat org.springframework.security.web.savedrequest.RequestCacheAwareFilter.doFilter(RequestCacheAwareFilter.java:63)\r\n\tat org.springframework.security.web.ObservationFilterChainDecorator$ObservationFilter.wrapFilter(ObservationFilterChainDecorator.java:240)\r\n\tat org.springframework.security.web.ObservationFilterChainDecorator$ObservationFilter.doFilter(ObservationFilterChainDecorator.java:227)\r\n\tat org.springframework.security.web.ObservationFilterChainDecorator$VirtualFilterChain.doFilter(ObservationFilterChainDecorator.java:137)\r\n\tat com.hcmus.mentor.backend.security.filter.JwtAuthFilter.doFilterInternal(JwtAuthFilter.java:93)\r\n\tat org.springframework.web.filter.OncePerRequestFilter.doFilter(OncePerRequestFilter.java:116)\r\n\tat org.springframework.security.web.ObservationFilterChainDecorator$ObservationFilter.wrapFilter(ObservationFilterChainDecorator.java:240)\r\n\tat org.springframework.security.web.ObservationFilterChainDecorator$ObservationFilter.doFilter(ObservationFilterChainDecorator.java:227)\r\n\tat org.springframework.security.web.ObservationFilterChainDecorator$VirtualFilterChain.doFilter(ObservationFilterChainDecorator.java:137)\r\n\tat org.springframework.security.web.authentication.AbstractAuthenticationProcessingFilter.doFilter(AbstractAuthenticationProcessingFilter.java:227)\r\n\tat org.springframework.security.web.authentication.AbstractAuthenticationProcessingFilter.doFilter(AbstractAuthenticationProcessingFilter.java:221)\r\n\tat org.springframework.security.web.ObservationFilterChainDecorator$ObservationFilter.wrapFilter(ObservationFilterChainDecorator.java:240)\r\n\tat org.springframework.security.web.ObservationFilterChainDecorator$ObservationFilter.doFilter(ObservationFilterChainDecorator.java:227)\r\n\tat org.springframework.security.web.ObservationFilterChainDecorator$VirtualFilterChain.doFilter(ObservationFilterChainDecorator.java:137)\r\n\tat org.springframework.security.oauth2.client.web.OAuth2AuthorizationRequestRedirectFilter.doFilterInternal(OAuth2AuthorizationRequestRedirectFilter.java:181)\r\n\tat org.springframework.web.filter.OncePerRequestFilter.doFilter(OncePerRequestFilter.java:116)\r\n\tat org.springframework.security.web.ObservationFilterChainDecorator$ObservationFilter.wrapFilter(ObservationFilterChainDecorator.java:240)\r\n\tat org.springframework.security.web.ObservationFilterChainDecorator$ObservationFilter.doFilter(ObservationFilterChainDecorator.java:227)\r\n\tat org.springframework.security.web.ObservationFilterChainDecorator$VirtualFilterChain.doFilter(ObservationFilterChainDecorator.java:137)\r\n\tat org.springframework.security.web.authentication.logout.LogoutFilter.doFilter(LogoutFilter.java:107)\r\n\tat org.springframework.security.web.authentication.logout.LogoutFilter.doFilter(LogoutFilter.java:93)\r\n\tat org.springframework.security.web.ObservationFilterChainDecorator$ObservationFilter.wrapFilter(ObservationFilterChainDecorator.java:240)\r\n\tat org.springframework.security.web.ObservationFilterChainDecorator$ObservationFilter.doFilter(ObservationFilterChainDecorator.java:227)\r\n\tat org.springframework.security.web.ObservationFilterChainDecorator$VirtualFilterChain.doFilter(ObservationFilterChainDecorator.java:137)\r\n\tat org.springframework.web.filter.CorsFilter.doFilterInternal(CorsFilter.java:91)\r\n\tat org.springframework.web.filter.OncePerRequestFilter.doFilter(OncePerRequestFilter.java:116)\r\n\tat org.springframework.security.web.ObservationFilterChainDecorator$ObservationFilter.wrapFilter(ObservationFilterChainDecorator.java:240)\r\n\tat org.springframework.security.web.ObservationFilterChainDecorator$ObservationFilter.doFilter(ObservationFilterChainDecorator.java:227)\r\n\tat org.springframework.security.web.ObservationFilterChainDecorator$VirtualFilterChain.doFilter(ObservationFilterChainDecorator.java:137)\r\n\tat org.springframework.security.web.header.HeaderWriterFilter.doHeadersAfter(HeaderWriterFilter.java:90)\r\n\tat org.springframework.security.web.header.HeaderWriterFilter.doFilterInternal(HeaderWriterFilter.java:75)\r\n\tat org.springframework.web.filter.OncePerRequestFilter.doFilter(OncePerRequestFilter.java:116)\r\n\tat org.springframework.security.web.ObservationFilterChainDecorator$ObservationFilter.wrapFilter(ObservationFilterChainDecorator.java:240)\r\n\tat org.springframework.security.web.ObservationFilterChainDecorator$ObservationFilter.doFilter(ObservationFilterChainDecorator.java:227)\r\n\tat org.springframework.security.web.ObservationFilterChainDecorator$VirtualFilterChain.doFilter(ObservationFilterChainDecorator.java:137)\r\n\tat org.springframework.security.web.context.SecurityContextHolderFilter.doFilter(SecurityContextHolderFilter.java:82)\r\n\tat org.springframework.security.web.context.SecurityContextHolderFilter.doFilter(SecurityContextHolderFilter.java:69)\r\n\tat org.springframework.security.web.ObservationFilterChainDecorator$ObservationFilter.wrapFilter(ObservationFilterChainDecorator.java:240)\r\n\tat org.springframework.security.web.ObservationFilterChainDecorator$ObservationFilter.doFilter(ObservationFilterChainDecorator.java:227)\r\n\tat org.springframework.security.web.ObservationFilterChainDecorator$VirtualFilterChain.doFilter(ObservationFilterChainDecorator.java:137)\r\n\tat org.springframework.security.web.context.request.async.WebAsyncManagerIntegrationFilter.doFilterInternal(WebAsyncManagerIntegrationFilter.java:62)\r\n\tat org.springframework.web.filter.OncePerRequestFilter.doFilter(OncePerRequestFilter.java:116)\r\n\tat org.springframework.security.web.ObservationFilterChainDecorator$ObservationFilter.wrapFilter(ObservationFilterChainDecorator.java:240)\r\n\tat org.springframework.security.web.ObservationFilterChainDecorator$ObservationFilter.doFilter(ObservationFilterChainDecorator.java:227)\r\n\tat org.springframework.security.web.ObservationFilterChainDecorator$VirtualFilterChain.doFilter(ObservationFilterChainDecorator.java:137)\r\n\tat org.springframework.security.web.session.DisableEncodeUrlFilter.doFilterInternal(DisableEncodeUrlFilter.java:42)\r\n\tat org.springframework.web.filter.OncePerRequestFilter.doFilter(OncePerRequestFilter.java:116)\r\n\tat org.springframework.security.web.ObservationFilterChainDecorator$ObservationFilter.wrapFilter(ObservationFilterChainDecorator.java:240)\r\n\tat org.springframework.security.web.ObservationFilterChainDecorator$AroundFilterObservation$SimpleAroundFilterObservation.lambda$wrap$0(ObservationFilterChainDecorator.java:323)\r\n\tat org.springframework.security.web.ObservationFilterChainDecorator$ObservationFilter.doFilter(ObservationFilterChainDecorator.java:224)\r\n\tat org.springframework.security.web.ObservationFilterChainDecorator$VirtualFilterChain.doFilter(ObservationFilterChainDecorator.java:137)\r\n\tat org.springframework.security.web.FilterChainProxy.doFilterInternal(FilterChainProxy.java:233)\r\n\tat org.springframework.security.web.FilterChainProxy.doFilter(FilterChainProxy.java:191)\r\n\tat org.springframework.web.filter.CompositeFilter$VirtualFilterChain.doFilter(CompositeFilter.java:113)\r\n\tat org.springframework.web.servlet.handler.HandlerMappingIntrospector.lambda$createCacheFilter$3(HandlerMappingIntrospector.java:195)\r\n\tat org.springframework.web.filter.CompositeFilter$VirtualFilterChain.doFilter(CompositeFilter.java:113)\r\n\tat org.springframework.web.filter.CompositeFilter.doFilter(CompositeFilter.java:74)\r\n\tat org.springframework.security.config.annotation.web.configuration.WebMvcSecurityConfiguration$CompositeFilterChainProxy.doFilter(WebMvcSecurityConfiguration.java:230)\r\n\tat org.springframework.web.filter.DelegatingFilterProxy.invokeDelegate(DelegatingFilterProxy.java:352)\r\n\tat org.springframework.web.filter.DelegatingFilterProxy.doFilter(DelegatingFilterProxy.java:268)\r\n\tat org.apache.catalina.core.ApplicationFilterChain.internalDoFilter(ApplicationFilterChain.java:174)\r\n\tat org.apache.catalina.core.ApplicationFilterChain.doFilter(ApplicationFilterChain.java:149)\r\n\tat org.springframework.web.filter.RequestContextFilter.doFilterInternal(RequestContextFilter.java:100)\r\n\tat org.springframework.web.filter.OncePerRequestFilter.doFilter(OncePerRequestFilter.java:116)\r\n\tat org.apache.catalina.core.ApplicationFilterChain.internalDoFilter(ApplicationFilterChain.java:174)\r\n\tat org.apache.catalina.core.ApplicationFilterChain.doFilter(ApplicationFilterChain.java:149)\r\n\tat org.springframework.web.filter.FormContentFilter.doFilterInternal(FormContentFilter.java:93)\r\n\tat org.springframework.web.filter.OncePerRequestFilter.doFilter(OncePerRequestFilter.java:116)\r\n\tat org.apache.catalina.core.ApplicationFilterChain.internalDoFilter(ApplicationFilterChain.java:174)\r\n\tat org.apache.catalina.core.ApplicationFilterChain.doFilter(ApplicationFilterChain.java:149)\r\n\tat org.springframework.web.filter.ServerHttpObservationFilter.doFilterInternal(ServerHttpObservationFilter.java:109)\r\n\tat org.springframework.web.filter.OncePerRequestFilter.doFilter(OncePerRequestFilter.java:116)\r\n\tat org.apache.catalina.core.ApplicationFilterChain.internalDoFilter(ApplicationFilterChain.java:174)\r\n\tat org.apache.catalina.core.ApplicationFilterChain.doFilter(ApplicationFilterChain.java:149)\r\n\tat org.springframework.web.filter.CharacterEncodingFilter.doFilterInternal(CharacterEncodingFilter.java:201)\r\n\tat org.springframework.web.filter.OncePerRequestFilter.doFilter(OncePerRequestFilter.java:116)\r\n\tat org.apache.catalina.core.ApplicationFilterChain.internalDoFilter(ApplicationFilterChain.java:174)\r\n\tat org.apache.catalina.core.ApplicationFilterChain.doFilter(ApplicationFilterChain.java:149)\r\n\tat org.springframework.web.filter.OncePerRequestFilter.doFilter(OncePerRequestFilter.java:101)\r\n\tat org.apache.catalina.core.ApplicationFilterChain.internalDoFilter(ApplicationFilterChain.java:174)\r\n\tat org.apache.catalina.core.ApplicationFilterChain.doFilter(ApplicationFilterChain.java:149)\r\n\tat org.apache.catalina.core.StandardWrapperValve.invoke(StandardWrapperValve.java:167)\r\n\tat org.apache.catalina.core.StandardContextValve.invoke(StandardContextValve.java:90)\r\n\tat org.apache.catalina.authenticator.AuthenticatorBase.invoke(AuthenticatorBase.java:482)\r\n\tat org.apache.catalina.core.StandardHostValve.invoke(StandardHostValve.java:115)\r\n\tat org.apache.catalina.valves.ErrorReportValve.invoke(ErrorReportValve.java:93)\r\n\tat org.apache.catalina.core.StandardEngineValve.invoke(StandardEngineValve.java:74)\r\n\tat org.apache.catalina.connector.CoyoteAdapter.service(CoyoteAdapter.java:344)\r\n\tat org.apache.coyote.http11.Http11Processor.service(Http11Processor.java:391)\r\n\tat org.apache.coyote.AbstractProcessorLight.process(AbstractProcessorLight.java:63)\r\n\tat org.apache.coyote.AbstractProtocol$ConnectionHandler.process(AbstractProtocol.java:896)\r\n\tat org.apache.tomcat.util.net.NioEndpoint$SocketProcessor.doRun(NioEndpoint.java:1744)\r\n\tat org.apache.tomcat.util.net.SocketProcessorBase.run(SocketProcessorBase.java:52)\r\n\tat org.apache.tomcat.util.threads.ThreadPoolExecutor.runWorker(ThreadPoolExecutor.java:1191)\r\n\tat org.apache.tomcat.util.threads.ThreadPoolExecutor$Worker.run(ThreadPoolExecutor.java:659)\r\n\tat org.apache.tomcat.util.threads.TaskThread$WrappingRunnable.run(TaskThread.java:63)\r\n\tat java.base/java.lang.Thread.run(Thread.java:1583)\r\nCaused by: java.lang.IllegalStateException: org.apache.tomcat.util.http.fileupload.impl.SizeLimitExceededException: the request was rejected because its size (5243690) exceeds the configured maximum (5242880)\r\n\tat org.apache.catalina.connector.Request.parseParts(Request.java:2825)\r\n\tat org.apache.catalina.connector.Request.getParts(Request.java:2685)\r\n\tat org.apache.catalina.connector.RequestFacade.getParts(RequestFacade.java:773)\r\n\tat jakarta.servlet.http.HttpServletRequestWrapper.getParts(HttpServletRequestWrapper.java:315)\r\n\tat jakarta.servlet.http.HttpServletRequestWrapper.getParts(HttpServletRequestWrapper.java:315)\r\n\tat jakarta.servlet.http.HttpServletRequestWrapper.getParts(HttpServletRequestWrapper.java:315)\r\n\tat jakarta.servlet.http.HttpServletRequestWrapper.getParts(HttpServletRequestWrapper.java:315)\r\n\tat org.springframework.web.multipart.support.StandardMultipartHttpServletRequest.parseRequest(StandardMultipartHttpServletRequest.java:93)\r\n\t... 147 more\r\nCaused by: org.apache.tomcat.util.http.fileupload.impl.SizeLimitExceededException: the request was rejected because its size (5243690) exceeds the configured maximum (5242880)\r\n\tat org.apache.tomcat.util.http.fileupload.impl.FileItemIteratorImpl.init(FileItemIteratorImpl.java:161)\r\n\tat org.apache.tomcat.util.http.fileupload.impl.FileItemIteratorImpl.getMultiPartStream(FileItemIteratorImpl.java:205)\r\n\tat org.apache.tomcat.util.http.fileupload.impl.FileItemIteratorImpl.findNextItem(FileItemIteratorImpl.java:224)\r\n\tat org.apache.tomcat.util.http.fileupload.impl.FileItemIteratorImpl.<init>(FileItemIteratorImpl.java:142)\r\n\tat org.apache.tomcat.util.http.fileupload.FileUploadBase.getItemIterator(FileUploadBase.java:252)\r\n\tat org.apache.tomcat.util.http.fileupload.FileUploadBase.parseRequest(FileUploadBase.java:276)\r\n\tat org.apache.catalina.connector.Request.parseParts(Request.java:2784)\r\n\t... 154 more\r\n","Type":"MaxUploadSizeExceededException","Message":"Maximum upload size exceeded"}}}]]></system-out>
         <system-err><![CDATA[25-08-2024T13:34:59 - [TEST_CASE][FAILED] - Test Cases/TC_Send File: Test Cases/TC_Send File FAILED.
Reason:
com.kms.katalon.core.exception.StepFailedException: Expected status code is '200' but actual status code is '500'
	at com.kms.katalon.core.keyword.internal.KeywordMain.stepFailed(KeywordMain.groovy:39)
	at com.kms.katalon.core.webservice.keyword.builtin.VerifyResponseStatusCodeKeyword.verifyStatusCode(VerifyResponseStatusCodeKeyword.groovy:52)
	at com.kms.katalon.core.webservice.keyword.builtin.VerifyResponseStatusCodeKeyword.access$0(VerifyResponseStatusCodeKeyword.groovy)
	at com.kms.katalon.core.webservice.keyword.builtin.VerifyResponseStatusCodeKeyword$_verifyResponseStatusCode_closure1.doCall(VerifyResponseStatusCodeKeyword.groovy:42)
	at com.kms.katalon.core.webservice.keyword.builtin.VerifyResponseStatusCodeKeyword$_verifyResponseStatusCode_closure1.call(VerifyResponseStatusCodeKeyword.groovy)
	at com.kms.katalon.core.keyword.internal.KeywordMain.runKeyword(KeywordMain.groovy:75)
	at com.kms.katalon.core.webservice.keyword.builtin.VerifyResponseStatusCodeKeyword.verifyResponseStatusCode(VerifyResponseStatusCodeKeyword.groovy:37)
	at com.kms.katalon.core.webservice.keyword.builtin.VerifyResponseStatusCodeKeyword.execute(VerifyResponseStatusCodeKeyword.groovy:32)
	at com.kms.katalon.core.keyword.internal.KeywordExecutor.executeKeywordForPlatform(KeywordExecutor.groovy:74)
	at com.kms.katalon.core.webservice.keyword.WSBuiltInKeywords.verifyResponseStatusCode(WSBuiltInKeywords.groovy:331)
	at TC_Send File.run(TC_Send File:48)
	at com.kms.katalon.core.main.ScriptEngine.run(ScriptEngine.java:194)
	at com.kms.katalon.core.main.ScriptEngine.runScriptAsRawText(ScriptEngine.java:119)
	at com.kms.katalon.core.main.TestCaseExecutor.runScript(TestCaseExecutor.java:448)
	at com.kms.katalon.core.main.TestCaseExecutor.doExecute(TestCaseExecutor.java:439)
	at com.kms.katalon.core.main.TestCaseExecutor.processExecutionPhase(TestCaseExecutor.java:418)
	at com.kms.katalon.core.main.TestCaseExecutor.accessMainPhase(TestCaseExecutor.java:410)
	at com.kms.katalon.core.main.TestCaseExecutor.execute(TestCaseExecutor.java:285)
	at com.kms.katalon.core.common.CommonExecutor.accessTestCaseMainPhase(CommonExecutor.java:65)
	at com.kms.katalon.core.main.TestSuiteExecutor.accessTestSuiteMainPhase(TestSuiteExecutor.java:150)
	at com.kms.katalon.core.main.TestSuiteExecutor.execute(TestSuiteExecutor.java:106)
	at com.kms.katalon.core.main.TestCaseMain.startTestSuite(TestCaseMain.java:180)
	at TempTestSuite1724567688775.run(TempTestSuite1724567688775.groovy:35)
	at java.base/jdk.internal.reflect.NativeMethodAccessorImpl.invoke0(Native Method)
	at java.base/jdk.internal.reflect.NativeMethodAccessorImpl.invoke(NativeMethodAccessorImpl.java:77)
	at java.base/jdk.internal.reflect.DelegatingMethodAccessorImpl.invoke(DelegatingMethodAccessorImpl.java:43)]]></system-err>
      </testcase>
      <testcase name="Test Cases/TC_Send File" time="4.125" classname="Test Cases/TC_Send File" status="FAILED">
         <failure type="FAILED" message="Test Cases/TC_Send File FAILED.&#xa;Reason:&#xa;com.kms.katalon.core.exception.StepFailedException: Unable to send request (Root cause: com.kms.katalon.core.webservice.exception.SendRequestException: java.net.SocketException: Connection reset by peer&#xa;	at com.kms.katalon.core.webservice.common.HttpUtil.sendRequest(HttpUtil.java:172)&#xa;	at com.kms.katalon.core.webservice.common.BasicRequestor.send(BasicRequestor.java:58)&#xa;	at com.kms.katalon.core.webservice.helper.WebServiceCommonHelper.sendRequest(WebServiceCommonHelper.java:55)&#xa;	at com.kms.katalon.core.webservice.keyword.builtin.SendRequestKeyword$_sendRequest_closure1.doCall(SendRequestKeyword.groovy:40)&#xa;	at com.kms.katalon.core.webservice.keyword.builtin.SendRequestKeyword$_sendRequest_closure1.call(SendRequestKeyword.groovy)&#xa;	at com.kms.katalon.core.keyword.internal.KeywordMain.runKeyword(KeywordMain.groovy:75)&#xa;	at com.kms.katalon.core.webservice.keyword.builtin.SendRequestKeyword.sendRequest(SendRequestKeyword.groovy:38)&#xa;	at com.kms.katalon.core.webservice.keyword.builtin.SendRequestKeyword.execute(SendRequestKeyword.groovy:33)&#xa;	at com.kms.katalon.core.keyword.internal.KeywordExecutor.executeKeywordForPlatform(KeywordExecutor.groovy:74)&#xa;	at com.kms.katalon.core.webservice.keyword.WSBuiltInKeywords.sendRequest(WSBuiltInKeywords.groovy:41)&#xa;	at TC_Send File.run(TC_Send File:46)&#xa;	at com.kms.katalon.core.main.ScriptEngine.run(ScriptEngine.java:194)&#xa;	at com.kms.katalon.core.main.ScriptEngine.runScriptAsRawText(ScriptEngine.java:119)&#xa;	at com.kms.katalon.core.main.TestCaseExecutor.runScript(TestCaseExecutor.java:448)&#xa;	at com.kms.katalon.core.main.TestCaseExecutor.doExecute(TestCaseExecutor.java:439)&#xa;	at com.kms.katalon.core.main.TestCaseExecutor.processExecutionPhase(TestCaseExecutor.java:418)&#xa;	at com.kms.katalon.core.main.TestCaseExecutor.accessMainPhase(TestCaseExecutor.java:410)&#xa;	at com.kms.katalon.core.main.TestCaseExecutor.execute(TestCaseExecutor.java:285)&#xa;	at com.kms.katalon.core.common.CommonExecutor.accessTestCaseMainPhase(CommonExecutor.java:65)&#xa;	at com.kms.katalon.core.main.TestSuiteExecutor.accessTestSuiteMainPhase(TestSuiteExecutor.java:150)&#xa;	at com.kms.katalon.core.main.TestSuiteExecutor.execute(TestSuiteExecutor.java:106)&#xa;	at com.kms.katalon.core.main.TestCaseMain.startTestSuite(TestCaseMain.java:180)&#xa;	at TempTestSuite1724567688775.run(TempTestSuite1724567688775.groovy:35)&#xa;	at java.base/jdk.internal.reflect.NativeMethodAccessorImpl.invoke0(Native Method)&#xa;	at java.base/jdk.internal.reflect.NativeMethodAccessorImpl.invoke(NativeMethodAccessorImpl.java:77)&#xa;	at java.base/jdk.internal.reflect.DelegatingMethodAccessorImpl.invoke(DelegatingMethodAccessorImpl.java:43)&#xa;Caused by: java.net.SocketException: Connection reset by peer&#xa;	at org.apache.http.impl.io.SessionOutputBufferImpl.streamWrite(SessionOutputBufferImpl.java:124)&#xa;	at org.apache.http.impl.io.SessionOutputBufferImpl.write(SessionOutputBufferImpl.java:160)&#xa;	at org.apache.http.impl.io.ContentLengthOutputStream.write(ContentLengthOutputStream.java:113)&#xa;	at org.apache.http.entity.ByteArrayEntity.writeTo(ByteArrayEntity.java:112)&#xa;	at org.apache.http.impl.DefaultBHttpClientConnection.sendRequestEntity(DefaultBHttpClientConnection.java:156)&#xa;	at org.apache.http.impl.conn.CPoolProxy.sendRequestEntity(CPoolProxy.java:152)&#xa;	at org.apache.http.protocol.HttpRequestExecutor.doSendRequest(HttpRequestExecutor.java:238)&#xa;	at org.apache.http.protocol.HttpRequestExecutor.execute(HttpRequestExecutor.java:123)&#xa;	at org.apache.http.impl.execchain.MainClientExec.execute(MainClientExec.java:272)&#xa;	at org.apache.http.impl.execchain.ProtocolExec.execute(ProtocolExec.java:186)&#xa;	at org.apache.http.impl.execchain.RetryExec.execute(RetryExec.java:89)&#xa;	at org.apache.http.impl.client.InternalHttpClient.doExecute(InternalHttpClient.java:185)&#xa;	at org.apache.http.impl.client.CloseableHttpClient.execute(CloseableHttpClient.java:83)&#xa;	at com.kms.katalon.core.webservice.common.HttpUtil.sendRequest(HttpUtil.java:144)&#xa;	at com.kms.katalon.core.webservice.common.BasicRequestor.send(BasicRequestor.java:58)&#xa;	at com.kms.katalon.core.webservice.helper.WebServiceCommonHelper.sendRequest(WebServiceCommonHelper.java:55)&#xa;	at com.kms.katalon.core.webservice.keyword.builtin.SendRequestKeyword$_sendRequest_closure1.doCall(SendRequestKeyword.groovy:40)&#xa;	at com.kms.katalon.core.webservice.keyword.builtin.SendRequestKeyword$_sendRequest_closure1.call(SendRequestKeyword.groovy)&#xa;	at com.kms.katalon.core.keyword.internal.KeywordMain.runKeyword(KeywordMain.groovy:75)&#xa;	at com.kms.katalon.core.webservice.keyword.builtin.SendRequestKeyword.sendRequest(SendRequestKeyword.groovy:38)&#xa;	at com.kms.katalon.core.webservice.keyword.builtin.SendRequestKeyword.execute(SendRequestKeyword.groovy:33)&#xa;	at com.kms.katalon.core.keyword.internal.KeywordExecutor.executeKeywordForPlatform(KeywordExecutor.groovy:74)&#xa;	at com.kms.katalon.core.webservice.keyword.WSBuiltInKeywords.sendRequest(WSBuiltInKeywords.groovy:41)&#xa;	at Script1724521274342.run(Script1724521274342.groovy:46)&#xa;	... 15 more&#xa;)&#xa;	at com.kms.katalon.core.keyword.internal.KeywordMain.stepFailed(KeywordMain.groovy:51)&#xa;	at com.kms.katalon.core.keyword.internal.KeywordMain.stepFailed(KeywordMain.groovy)&#xa;	at com.kms.katalon.core.keyword.internal.KeywordMain.runKeyword(KeywordMain.groovy:77)&#xa;	at com.kms.katalon.core.webservice.keyword.builtin.SendRequestKeyword.sendRequest(SendRequestKeyword.groovy:38)&#xa;	at com.kms.katalon.core.webservice.keyword.builtin.SendRequestKeyword.execute(SendRequestKeyword.groovy:33)&#xa;	at com.kms.katalon.core.keyword.internal.KeywordExecutor.executeKeywordForPlatform(KeywordExecutor.groovy:74)&#xa;	at com.kms.katalon.core.webservice.keyword.WSBuiltInKeywords.sendRequest(WSBuiltInKeywords.groovy:41)&#xa;	at TC_Send File.run(TC_Send File:46)&#xa;	at com.kms.katalon.core.main.ScriptEngine.run(ScriptEngine.java:194)&#xa;	at com.kms.katalon.core.main.ScriptEngine.runScriptAsRawText(ScriptEngine.java:119)&#xa;	at com.kms.katalon.core.main.TestCaseExecutor.runScript(TestCaseExecutor.java:448)&#xa;	at com.kms.katalon.core.main.TestCaseExecutor.doExecute(TestCaseExecutor.java:439)&#xa;	at com.kms.katalon.core.main.TestCaseExecutor.processExecutionPhase(TestCaseExecutor.java:418)&#xa;	at com.kms.katalon.core.main.TestCaseExecutor.accessMainPhase(TestCaseExecutor.java:410)&#xa;	at com.kms.katalon.core.main.TestCaseExecutor.execute(TestCaseExecutor.java:285)&#xa;	at com.kms.katalon.core.common.CommonExecutor.accessTestCaseMainPhase(CommonExecutor.java:65)&#xa;	at com.kms.katalon.core.main.TestSuiteExecutor.accessTestSuiteMainPhase(TestSuiteExecutor.java:150)&#xa;	at com.kms.katalon.core.main.TestSuiteExecutor.execute(TestSuiteExecutor.java:106)&#xa;	at com.kms.katalon.core.main.TestCaseMain.startTestSuite(TestCaseMain.java:180)&#xa;	at TempTestSuite1724567688775.run(TempTestSuite1724567688775.groovy:35)&#xa;	at java.base/jdk.internal.reflect.NativeMethodAccessorImpl.invoke0(Native Method)&#xa;	at java.base/jdk.internal.reflect.NativeMethodAccessorImpl.invoke(NativeMethodAccessorImpl.java:77)&#xa;	at java.base/jdk.internal.reflect.DelegatingMethodAccessorImpl.invoke(DelegatingMethodAccessorImpl.java:43)&#xa;Caused by: com.kms.katalon.core.webservice.exception.SendRequestException: java.net.SocketException: Connection reset by peer&#xa;	at com.kms.katalon.core.webservice.common.HttpUtil.sendRequest(HttpUtil.java:172)&#xa;	at com.kms.katalon.core.webservice.common.BasicRequestor.send(BasicRequestor.java:58)&#xa;	at com.kms.katalon.core.webservice.helper.WebServiceCommonHelper.sendRequest(WebServiceCommonHelper.java:55)&#xa;	at com.kms.katalon.core.webservice.keyword.builtin.SendRequestKeyword$_sendRequest_closure1.doCall(SendRequestKeyword.groovy:40)&#xa;	at com.kms.katalon.core.webservice.keyword.builtin.SendRequestKeyword$_sendRequest_closure1.call(SendRequestKeyword.groovy)&#xa;	at com.kms.katalon.core.keyword.internal.KeywordMain.runKeyword(KeywordMain.groovy:75)&#xa;	... 20 more&#xa;Caused by: java.net.SocketException: Connection reset by peer&#xa;	at org.apache.http.impl.io.SessionOutputBufferImpl.streamWrite(SessionOutputBufferImpl.java:124)&#xa;	at org.apache.http.impl.io.SessionOutputBufferImpl.write(SessionOutputBufferImpl.java:160)&#xa;	at org.apache.http.impl.io.ContentLengthOutputStream.write(ContentLengthOutputStream.java:113)&#xa;	at org.apache.http.entity.ByteArrayEntity.writeTo(ByteArrayEntity.java:112)&#xa;	at org.apache.http.impl.DefaultBHttpClientConnection.sendRequestEntity(DefaultBHttpClientConnection.java:156)&#xa;	at org.apache.http.impl.conn.CPoolProxy.sendRequestEntity(CPoolProxy.java:152)&#xa;	at org.apache.http.protocol.HttpRequestExecutor.doSendRequest(HttpRequestExecutor.java:238)&#xa;	at org.apache.http.protocol.HttpRequestExecutor.execute(HttpRequestExecutor.java:123)&#xa;	at org.apache.http.impl.execchain.MainClientExec.execute(MainClientExec.java:272)&#xa;	at org.apache.http.impl.execchain.ProtocolExec.execute(ProtocolExec.java:186)&#xa;	at org.apache.http.impl.execchain.RetryExec.execute(RetryExec.java:89)&#xa;	at org.apache.http.impl.client.InternalHttpClient.doExecute(InternalHttpClient.java:185)&#xa;	at org.apache.http.impl.client.CloseableHttpClient.execute(CloseableHttpClient.java:83)&#xa;	at com.kms.katalon.core.webservice.common.HttpUtil.sendRequest(HttpUtil.java:144)&#xa;	... 25 more&#xa;"/>
         <system-out><![CDATA[25-08-2024T13:34:59 - [TEST_CASE][FAILED] - Test Cases/TC_Send File: Test Cases/TC_Send File FAILED.
Reason:
com.kms.katalon.core.exception.StepFailedException: Unable to send request (Root cause: com.kms.katalon.core.webservice.exception.SendRequestException: java.net.SocketException: Connection reset by peer
	at com.kms.katalon.core.webservice.common.HttpUtil.sendRequest(HttpUtil.java:172)
	at com.kms.katalon.core.webservice.common.BasicRequestor.send(BasicRequestor.java:58)
	at com.kms.katalon.core.webservice.helper.WebServiceCommonHelper.sendRequest(WebServiceCommonHelper.java:55)
	at com.kms.katalon.core.webservice.keyword.builtin.SendRequestKeyword$_sendRequest_closure1.doCall(SendRequestKeyword.groovy:40)
	at com.kms.katalon.core.webservice.keyword.builtin.SendRequestKeyword$_sendRequest_closure1.call(SendRequestKeyword.groovy)
	at com.kms.katalon.core.keyword.internal.KeywordMain.runKeyword(KeywordMain.groovy:75)
	at com.kms.katalon.core.webservice.keyword.builtin.SendRequestKeyword.sendRequest(SendRequestKeyword.groovy:38)
	at com.kms.katalon.core.webservice.keyword.builtin.SendRequestKeyword.execute(SendRequestKeyword.groovy:33)
	at com.kms.katalon.core.keyword.internal.KeywordExecutor.executeKeywordForPlatform(KeywordExecutor.groovy:74)
	at com.kms.katalon.core.webservice.keyword.WSBuiltInKeywords.sendRequest(WSBuiltInKeywords.groovy:41)
	at TC_Send File.run(TC_Send File:46)
	at com.kms.katalon.core.main.ScriptEngine.run(ScriptEngine.java:194)
	at com.kms.katalon.core.main.ScriptEngine.runScriptAsRawText(ScriptEngine.java:119)
	at com.kms.katalon.core.main.TestCaseExecutor.runScript(TestCaseExecutor.java:448)
	at com.kms.katalon.core.main.TestCaseExecutor.doExecute(TestCaseExecutor.java:439)
	at com.kms.katalon.core.main.TestCaseExecutor.processExecutionPhase(TestCaseExecutor.java:418)
	at com.kms.katalon.core.main.TestCaseExecutor.accessMainPhase(TestCaseExecutor.java:410)
	at com.kms.katalon.core.main.TestCaseExecutor.execute(TestCaseExecutor.java:285)
	at com.kms.katalon.core.common.CommonExecutor.accessTestCaseMainPhase(CommonExecutor.java:65)
	at com.kms.katalon.core.main.TestSuiteExecutor.accessTestSuiteMainPhase(TestSuiteExecutor.java:150)
	at com.kms.katalon.core.main.TestSuiteExecutor.execute(TestSuiteExecutor.java:106)
	at com.kms.katalon.core.main.TestCaseMain.startTestSuite(TestCaseMain.java:180)
	at TempTestSuite1724567688775.run(TempTestSuite1724567688775.groovy:35)
	at java.base/jdk.internal.reflect.NativeMethodAccessorImpl.invoke0(Native Method)
	at java.base/jdk.internal.reflect.NativeMethodAccessorImpl.invoke(NativeMethodAccessorImpl.java:77)
	at java.base/jdk.internal.reflect.DelegatingMethodAccessorImpl.invoke(DelegatingMethodAccessorImpl.java:43)
Caused by: java.net.SocketException: Connection reset by peer
	at org.apache.http.impl.io.SessionOutputBufferImpl.streamWrite(SessionOutputBufferImpl.java:124)
	at org.apache.http.impl.io.SessionOutputBufferImpl.write(SessionOutputBufferImpl.java:160)
	at org.apache.http.impl.io.ContentLengthOutputStream.write(ContentLengthOutputStream.java:113)
	at org.apache.http.entity.ByteArrayEntity.writeTo(ByteArrayEntity.java:112)
	at org.apache.http.impl.DefaultBHttpClientConnection.sendRequestEntity(DefaultBHttpClientConnection.java:156)
	at org.apache.http.impl.conn.CPoolProxy.sendRequestEntity(CPoolProxy.java:152)
	at org.apache.http.protocol.HttpRequestExecutor.doSendRequest(HttpRequestExecutor.java:238)
	at org.apache.http.protocol.HttpRequestExecutor.execute(HttpRequestExecutor.java:123)
	at org.apache.http.impl.execchain.MainClientExec.execute(MainClientExec.java:272)
	at org.apache.http.impl.execchain.ProtocolExec.execute(ProtocolExec.java:186)
	at org.apache.http.impl.execchain.RetryExec.execute(RetryExec.java:89)
	at org.apache.http.impl.client.InternalHttpClient.doExecute(InternalHttpClient.java:185)
	at org.apache.http.impl.client.CloseableHttpClient.execute(CloseableHttpClient.java:83)
	at com.kms.katalon.core.webservice.common.HttpUtil.sendRequest(HttpUtil.java:144)
	at com.kms.katalon.core.webservice.common.BasicRequestor.send(BasicRequestor.java:58)
	at com.kms.katalon.core.webservice.helper.WebServiceCommonHelper.sendRequest(WebServiceCommonHelper.java:55)
	at com.kms.katalon.core.webservice.keyword.builtin.SendRequestKeyword$_sendRequest_closure1.doCall(SendRequestKeyword.groovy:40)
	at com.kms.katalon.core.webservice.keyword.builtin.SendRequestKeyword$_sendRequest_closure1.call(SendRequestKeyword.groovy)
	at com.kms.katalon.core.keyword.internal.KeywordMain.runKeyword(KeywordMain.groovy:75)
	at com.kms.katalon.core.webservice.keyword.builtin.SendRequestKeyword.sendRequest(SendRequestKeyword.groovy:38)
	at com.kms.katalon.core.webservice.keyword.builtin.SendRequestKeyword.execute(SendRequestKeyword.groovy:33)
	at com.kms.katalon.core.keyword.internal.KeywordExecutor.executeKeywordForPlatform(KeywordExecutor.groovy:74)
	at com.kms.katalon.core.webservice.keyword.WSBuiltInKeywords.sendRequest(WSBuiltInKeywords.groovy:41)
	at Script1724521274342.run(Script1724521274342.groovy:46)
	... 15 more
)
	at com.kms.katalon.core.keyword.internal.KeywordMain.stepFailed(KeywordMain.groovy:51)
	at com.kms.katalon.core.keyword.internal.KeywordMain.stepFailed(KeywordMain.groovy)
	at com.kms.katalon.core.keyword.internal.KeywordMain.runKeyword(KeywordMain.groovy:77)
	at com.kms.katalon.core.webservice.keyword.builtin.SendRequestKeyword.sendRequest(SendRequestKeyword.groovy:38)
	at com.kms.katalon.core.webservice.keyword.builtin.SendRequestKeyword.execute(SendRequestKeyword.groovy:33)
	at com.kms.katalon.core.keyword.internal.KeywordExecutor.executeKeywordForPlatform(KeywordExecutor.groovy:74)
	at com.kms.katalon.core.webservice.keyword.WSBuiltInKeywords.sendRequest(WSBuiltInKeywords.groovy:41)
	at TC_Send File.run(TC_Send File:46)
	at com.kms.katalon.core.main.ScriptEngine.run(ScriptEngine.java:194)
	at com.kms.katalon.core.main.ScriptEngine.runScriptAsRawText(ScriptEngine.java:119)
	at com.kms.katalon.core.main.TestCaseExecutor.runScript(TestCaseExecutor.java:448)
	at com.kms.katalon.core.main.TestCaseExecutor.doExecute(TestCaseExecutor.java:439)
	at com.kms.katalon.core.main.TestCaseExecutor.processExecutionPhase(TestCaseExecutor.java:418)
	at com.kms.katalon.core.main.TestCaseExecutor.accessMainPhase(TestCaseExecutor.java:410)
	at com.kms.katalon.core.main.TestCaseExecutor.execute(TestCaseExecutor.java:285)
	at com.kms.katalon.core.common.CommonExecutor.accessTestCaseMainPhase(CommonExecutor.java:65)
	at com.kms.katalon.core.main.TestSuiteExecutor.accessTestSuiteMainPhase(TestSuiteExecutor.java:150)
	at com.kms.katalon.core.main.TestSuiteExecutor.execute(TestSuiteExecutor.java:106)
	at com.kms.katalon.core.main.TestCaseMain.startTestSuite(TestCaseMain.java:180)
	at TempTestSuite1724567688775.run(TempTestSuite1724567688775.groovy:35)
	at java.base/jdk.internal.reflect.NativeMethodAccessorImpl.invoke0(Native Method)
	at java.base/jdk.internal.reflect.NativeMethodAccessorImpl.invoke(NativeMethodAccessorImpl.java:77)
	at java.base/jdk.internal.reflect.DelegatingMethodAccessorImpl.invoke(DelegatingMethodAccessorImpl.java:43)
Caused by: com.kms.katalon.core.webservice.exception.SendRequestException: java.net.SocketException: Connection reset by peer
	at com.kms.katalon.core.webservice.common.HttpUtil.sendRequest(HttpUtil.java:172)
	at com.kms.katalon.core.webservice.common.BasicRequestor.send(BasicRequestor.java:58)
	at com.kms.katalon.core.webservice.helper.WebServiceCommonHelper.sendRequest(WebServiceCommonHelper.java:55)
	at com.kms.katalon.core.webservice.keyword.builtin.SendRequestKeyword$_sendRequest_closure1.doCall(SendRequestKeyword.groovy:40)
	at com.kms.katalon.core.webservice.keyword.builtin.SendRequestKeyword$_sendRequest_closure1.call(SendRequestKeyword.groovy)
	at com.kms.katalon.core.keyword.internal.KeywordMain.runKeyword(KeywordMain.groovy:75)
	... 20 more
Caused by: java.net.SocketException: Connection reset by peer
	at org.apache.http.impl.io.SessionOutputBufferImpl.streamWrite(SessionOutputBufferImpl.java:124)
	at org.apache.http.impl.io.SessionOutputBufferImpl.write(SessionOutputBufferImpl.java:160)
	at org.apache.http.impl.io.ContentLengthOutputStream.write(ContentLengthOutputStream.java:113)
	at org.apache.http.entity.ByteArrayEntity.writeTo(ByteArrayEntity.java:112)
	at org.apache.http.impl.DefaultBHttpClientConnection.sendRequestEntity(DefaultBHttpClientConnection.java:156)
	at org.apache.http.impl.conn.CPoolProxy.sendRequestEntity(CPoolProxy.java:152)
	at org.apache.http.protocol.HttpRequestExecutor.doSendRequest(HttpRequestExecutor.java:238)
	at org.apache.http.protocol.HttpRequestExecutor.execute(HttpRequestExecutor.java:123)
	at org.apache.http.impl.execchain.MainClientExec.execute(MainClientExec.java:272)
	at org.apache.http.impl.execchain.ProtocolExec.execute(ProtocolExec.java:186)
	at org.apache.http.impl.execchain.RetryExec.execute(RetryExec.java:89)
	at org.apache.http.impl.client.InternalHttpClient.doExecute(InternalHttpClient.java:185)
	at org.apache.http.impl.client.CloseableHttpClient.execute(CloseableHttpClient.java:83)
	at com.kms.katalon.core.webservice.common.HttpUtil.sendRequest(HttpUtil.java:144)
	... 25 more


25-08-2024T13:34:59 - [TEST_STEP][PASSED] - projectPath = getProjectDir(): null

25-08-2024T13:34:59 - [TEST_STEP][PASSED] - filePath = projectPath + "\" + file: null

25-08-2024T13:34:59 - [TEST_STEP][PASSED] - authorizationHeader = new com.kms.katalon.core.testobject.TestObjectProperty(Authorization, com.kms.katalon.core.testobject.ConditionType.EQUALS, (Bearer  + internal.GlobalVariable.token)): null

25-08-2024T13:34:59 - [TEST_STEP][PASSED] - newId = generateUUIDv4(): null

25-08-2024T13:34:59 - [TEST_STEP][PASSED] - return java.util.UUID.randomUUID().toString(): null

25-08-2024T13:34:59 - [TEST_STEP][PASSED] - print(newId): null

25-08-2024T13:34:59 - [TEST_STEP][PASSED] - req = findTestObject("API_Send File", ["senderId":myId, "groupId":groupId, "file":filePath, "id":newId]): null

25-08-2024T13:34:59 - [TEST_STEP][PASSED] - getHttpHeaderProperties().removeIf({ -> ... }): null

25-08-2024T13:34:59 - [TEST_STEP][PASSED] - getHttpHeaderProperties().add(authorizationHeader): null

25-08-2024T13:34:59 - [TEST_STEP][PASSED] - groupId = getVariables().get("groupId"): null

25-08-2024T13:34:59 - [TEST_STEP][PASSED] - println("The groupId in the request body is: " + groupId): null

25-08-2024T13:34:59 - [TEST_STEP][FAILED] - res = sendRequest(req): Unable to send request (Root cause: com.kms.katalon.core.webservice.exception.SendRequestException: java.net.SocketException: Connection reset by peer
	at com.kms.katalon.core.webservice.common.HttpUtil.sendRequest(HttpUtil.java:172)
	at com.kms.katalon.core.webservice.common.BasicRequestor.send(BasicRequestor.java:58)
	at com.kms.katalon.core.webservice.helper.WebServiceCommonHelper.sendRequest(WebServiceCommonHelper.java:55)
	at com.kms.katalon.core.webservice.keyword.builtin.SendRequestKeyword$_sendRequest_closure1.doCall(SendRequestKeyword.groovy:40)
	at com.kms.katalon.core.webservice.keyword.builtin.SendRequestKeyword$_sendRequest_closure1.call(SendRequestKeyword.groovy)
	at com.kms.katalon.core.keyword.internal.KeywordMain.runKeyword(KeywordMain.groovy:75)
	at com.kms.katalon.core.webservice.keyword.builtin.SendRequestKeyword.sendRequest(SendRequestKeyword.groovy:38)
	at com.kms.katalon.core.webservice.keyword.builtin.SendRequestKeyword.execute(SendRequestKeyword.groovy:33)
	at com.kms.katalon.core.keyword.internal.KeywordExecutor.executeKeywordForPlatform(KeywordExecutor.groovy:74)
	at com.kms.katalon.core.webservice.keyword.WSBuiltInKeywords.sendRequest(WSBuiltInKeywords.groovy:41)
	at TC_Send File.run(TC_Send File:46)
	at com.kms.katalon.core.main.ScriptEngine.run(ScriptEngine.java:194)
	at com.kms.katalon.core.main.ScriptEngine.runScriptAsRawText(ScriptEngine.java:119)
	at com.kms.katalon.core.main.TestCaseExecutor.runScript(TestCaseExecutor.java:448)
	at com.kms.katalon.core.main.TestCaseExecutor.doExecute(TestCaseExecutor.java:439)
	at com.kms.katalon.core.main.TestCaseExecutor.processExecutionPhase(TestCaseExecutor.java:418)
	at com.kms.katalon.core.main.TestCaseExecutor.accessMainPhase(TestCaseExecutor.java:410)
	at com.kms.katalon.core.main.TestCaseExecutor.execute(TestCaseExecutor.java:285)
	at com.kms.katalon.core.common.CommonExecutor.accessTestCaseMainPhase(CommonExecutor.java:65)
	at com.kms.katalon.core.main.TestSuiteExecutor.accessTestSuiteMainPhase(TestSuiteExecutor.java:150)
	at com.kms.katalon.core.main.TestSuiteExecutor.execute(TestSuiteExecutor.java:106)
	at com.kms.katalon.core.main.TestCaseMain.startTestSuite(TestCaseMain.java:180)
	at TempTestSuite1724567688775.run(TempTestSuite1724567688775.groovy:35)
	at java.base/jdk.internal.reflect.NativeMethodAccessorImpl.invoke0(Native Method)
	at java.base/jdk.internal.reflect.NativeMethodAccessorImpl.invoke(NativeMethodAccessorImpl.java:77)
	at java.base/jdk.internal.reflect.DelegatingMethodAccessorImpl.invoke(DelegatingMethodAccessorImpl.java:43)
Caused by: java.net.SocketException: Connection reset by peer
	at org.apache.http.impl.io.SessionOutputBufferImpl.streamWrite(SessionOutputBufferImpl.java:124)
	at org.apache.http.impl.io.SessionOutputBufferImpl.write(SessionOutputBufferImpl.java:160)
	at org.apache.http.impl.io.ContentLengthOutputStream.write(ContentLengthOutputStream.java:113)
	at org.apache.http.entity.ByteArrayEntity.writeTo(ByteArrayEntity.java:112)
	at org.apache.http.impl.DefaultBHttpClientConnection.sendRequestEntity(DefaultBHttpClientConnection.java:156)
	at org.apache.http.impl.conn.CPoolProxy.sendRequestEntity(CPoolProxy.java:152)
	at org.apache.http.protocol.HttpRequestExecutor.doSendRequest(HttpRequestExecutor.java:238)
	at org.apache.http.protocol.HttpRequestExecutor.execute(HttpRequestExecutor.java:123)
	at org.apache.http.impl.execchain.MainClientExec.execute(MainClientExec.java:272)
	at org.apache.http.impl.execchain.ProtocolExec.execute(ProtocolExec.java:186)
	at org.apache.http.impl.execchain.RetryExec.execute(RetryExec.java:89)
	at org.apache.http.impl.client.InternalHttpClient.doExecute(InternalHttpClient.java:185)
	at org.apache.http.impl.client.CloseableHttpClient.execute(CloseableHttpClient.java:83)
	at com.kms.katalon.core.webservice.common.HttpUtil.sendRequest(HttpUtil.java:144)
	at com.kms.katalon.core.webservice.common.BasicRequestor.send(BasicRequestor.java:58)
	at com.kms.katalon.core.webservice.helper.WebServiceCommonHelper.sendRequest(WebServiceCommonHelper.java:55)
	at com.kms.katalon.core.webservice.keyword.builtin.SendRequestKeyword$_sendRequest_closure1.doCall(SendRequestKeyword.groovy:40)
	at com.kms.katalon.core.webservice.keyword.builtin.SendRequestKeyword$_sendRequest_closure1.call(SendRequestKeyword.groovy)
	at com.kms.katalon.core.keyword.internal.KeywordMain.runKeyword(KeywordMain.groovy:75)
	at com.kms.katalon.core.webservice.keyword.builtin.SendRequestKeyword.sendRequest(SendRequestKeyword.groovy:38)
	at com.kms.katalon.core.webservice.keyword.builtin.SendRequestKeyword.execute(SendRequestKeyword.groovy:33)
	at com.kms.katalon.core.keyword.internal.KeywordExecutor.executeKeywordForPlatform(KeywordExecutor.groovy:74)
	at com.kms.katalon.core.webservice.keyword.WSBuiltInKeywords.sendRequest(WSBuiltInKeywords.groovy:41)
	at Script1724521274342.run(Script1724521274342.groovy:46)
	... 15 more
)

25-08-2024T13:35:03 - [MESSAGE][FAILED] - Unable to send request (Root cause: com.kms.katalon.core.webservice.exception.SendRequestException: java.net.SocketException: Connection reset by peer
	at com.kms.katalon.core.webservice.common.HttpUtil.sendRequest(HttpUtil.java:172)
	at com.kms.katalon.core.webservice.common.BasicRequestor.send(BasicRequestor.java:58)
	at com.kms.katalon.core.webservice.helper.WebServiceCommonHelper.sendRequest(WebServiceCommonHelper.java:55)
	at com.kms.katalon.core.webservice.keyword.builtin.SendRequestKeyword$_sendRequest_closure1.doCall(SendRequestKeyword.groovy:40)
	at com.kms.katalon.core.webservice.keyword.builtin.SendRequestKeyword$_sendRequest_closure1.call(SendRequestKeyword.groovy)
	at com.kms.katalon.core.keyword.internal.KeywordMain.runKeyword(KeywordMain.groovy:75)
	at com.kms.katalon.core.webservice.keyword.builtin.SendRequestKeyword.sendRequest(SendRequestKeyword.groovy:38)
	at com.kms.katalon.core.webservice.keyword.builtin.SendRequestKeyword.execute(SendRequestKeyword.groovy:33)
	at com.kms.katalon.core.keyword.internal.KeywordExecutor.executeKeywordForPlatform(KeywordExecutor.groovy:74)
	at com.kms.katalon.core.webservice.keyword.WSBuiltInKeywords.sendRequest(WSBuiltInKeywords.groovy:41)
	at TC_Send File.run(TC_Send File:46)
	at com.kms.katalon.core.main.ScriptEngine.run(ScriptEngine.java:194)
	at com.kms.katalon.core.main.ScriptEngine.runScriptAsRawText(ScriptEngine.java:119)
	at com.kms.katalon.core.main.TestCaseExecutor.runScript(TestCaseExecutor.java:448)
	at com.kms.katalon.core.main.TestCaseExecutor.doExecute(TestCaseExecutor.java:439)
	at com.kms.katalon.core.main.TestCaseExecutor.processExecutionPhase(TestCaseExecutor.java:418)
	at com.kms.katalon.core.main.TestCaseExecutor.accessMainPhase(TestCaseExecutor.java:410)
	at com.kms.katalon.core.main.TestCaseExecutor.execute(TestCaseExecutor.java:285)
	at com.kms.katalon.core.common.CommonExecutor.accessTestCaseMainPhase(CommonExecutor.java:65)
	at com.kms.katalon.core.main.TestSuiteExecutor.accessTestSuiteMainPhase(TestSuiteExecutor.java:150)
	at com.kms.katalon.core.main.TestSuiteExecutor.execute(TestSuiteExecutor.java:106)
	at com.kms.katalon.core.main.TestCaseMain.startTestSuite(TestCaseMain.java:180)
	at TempTestSuite1724567688775.run(TempTestSuite1724567688775.groovy:35)
	at java.base/jdk.internal.reflect.NativeMethodAccessorImpl.invoke0(Native Method)
	at java.base/jdk.internal.reflect.NativeMethodAccessorImpl.invoke(NativeMethodAccessorImpl.java:77)
	at java.base/jdk.internal.reflect.DelegatingMethodAccessorImpl.invoke(DelegatingMethodAccessorImpl.java:43)
Caused by: java.net.SocketException: Connection reset by peer
	at org.apache.http.impl.io.SessionOutputBufferImpl.streamWrite(SessionOutputBufferImpl.java:124)
	at org.apache.http.impl.io.SessionOutputBufferImpl.write(SessionOutputBufferImpl.java:160)
	at org.apache.http.impl.io.ContentLengthOutputStream.write(ContentLengthOutputStream.java:113)
	at org.apache.http.entity.ByteArrayEntity.writeTo(ByteArrayEntity.java:112)
	at org.apache.http.impl.DefaultBHttpClientConnection.sendRequestEntity(DefaultBHttpClientConnection.java:156)
	at org.apache.http.impl.conn.CPoolProxy.sendRequestEntity(CPoolProxy.java:152)
	at org.apache.http.protocol.HttpRequestExecutor.doSendRequest(HttpRequestExecutor.java:238)
	at org.apache.http.protocol.HttpRequestExecutor.execute(HttpRequestExecutor.java:123)
	at org.apache.http.impl.execchain.MainClientExec.execute(MainClientExec.java:272)
	at org.apache.http.impl.execchain.ProtocolExec.execute(ProtocolExec.java:186)
	at org.apache.http.impl.execchain.RetryExec.execute(RetryExec.java:89)
	at org.apache.http.impl.client.InternalHttpClient.doExecute(InternalHttpClient.java:185)
	at org.apache.http.impl.client.CloseableHttpClient.execute(CloseableHttpClient.java:83)
	at com.kms.katalon.core.webservice.common.HttpUtil.sendRequest(HttpUtil.java:144)
	at com.kms.katalon.core.webservice.common.BasicRequestor.send(BasicRequestor.java:58)
	at com.kms.katalon.core.webservice.helper.WebServiceCommonHelper.sendRequest(WebServiceCommonHelper.java:55)
	at com.kms.katalon.core.webservice.keyword.builtin.SendRequestKeyword$_sendRequest_closure1.doCall(SendRequestKeyword.groovy:40)
	at com.kms.katalon.core.webservice.keyword.builtin.SendRequestKeyword$_sendRequest_closure1.call(SendRequestKeyword.groovy)
	at com.kms.katalon.core.keyword.internal.KeywordMain.runKeyword(KeywordMain.groovy:75)
	at com.kms.katalon.core.webservice.keyword.builtin.SendRequestKeyword.sendRequest(SendRequestKeyword.groovy:38)
	at com.kms.katalon.core.webservice.keyword.builtin.SendRequestKeyword.execute(SendRequestKeyword.groovy:33)
	at com.kms.katalon.core.keyword.internal.KeywordExecutor.executeKeywordForPlatform(KeywordExecutor.groovy:74)
	at com.kms.katalon.core.webservice.keyword.WSBuiltInKeywords.sendRequest(WSBuiltInKeywords.groovy:41)
	at Script1724521274342.run(Script1724521274342.groovy:46)
	... 15 more
)]]></system-out>
         <system-err><![CDATA[25-08-2024T13:34:59 - [TEST_CASE][FAILED] - Test Cases/TC_Send File: Test Cases/TC_Send File FAILED.
Reason:
com.kms.katalon.core.exception.StepFailedException: Unable to send request (Root cause: com.kms.katalon.core.webservice.exception.SendRequestException: java.net.SocketException: Connection reset by peer
	at com.kms.katalon.core.webservice.common.HttpUtil.sendRequest(HttpUtil.java:172)
	at com.kms.katalon.core.webservice.common.BasicRequestor.send(BasicRequestor.java:58)
	at com.kms.katalon.core.webservice.helper.WebServiceCommonHelper.sendRequest(WebServiceCommonHelper.java:55)
	at com.kms.katalon.core.webservice.keyword.builtin.SendRequestKeyword$_sendRequest_closure1.doCall(SendRequestKeyword.groovy:40)
	at com.kms.katalon.core.webservice.keyword.builtin.SendRequestKeyword$_sendRequest_closure1.call(SendRequestKeyword.groovy)
	at com.kms.katalon.core.keyword.internal.KeywordMain.runKeyword(KeywordMain.groovy:75)
	at com.kms.katalon.core.webservice.keyword.builtin.SendRequestKeyword.sendRequest(SendRequestKeyword.groovy:38)
	at com.kms.katalon.core.webservice.keyword.builtin.SendRequestKeyword.execute(SendRequestKeyword.groovy:33)
	at com.kms.katalon.core.keyword.internal.KeywordExecutor.executeKeywordForPlatform(KeywordExecutor.groovy:74)
	at com.kms.katalon.core.webservice.keyword.WSBuiltInKeywords.sendRequest(WSBuiltInKeywords.groovy:41)
	at TC_Send File.run(TC_Send File:46)
	at com.kms.katalon.core.main.ScriptEngine.run(ScriptEngine.java:194)
	at com.kms.katalon.core.main.ScriptEngine.runScriptAsRawText(ScriptEngine.java:119)
	at com.kms.katalon.core.main.TestCaseExecutor.runScript(TestCaseExecutor.java:448)
	at com.kms.katalon.core.main.TestCaseExecutor.doExecute(TestCaseExecutor.java:439)
	at com.kms.katalon.core.main.TestCaseExecutor.processExecutionPhase(TestCaseExecutor.java:418)
	at com.kms.katalon.core.main.TestCaseExecutor.accessMainPhase(TestCaseExecutor.java:410)
	at com.kms.katalon.core.main.TestCaseExecutor.execute(TestCaseExecutor.java:285)
	at com.kms.katalon.core.common.CommonExecutor.accessTestCaseMainPhase(CommonExecutor.java:65)
	at com.kms.katalon.core.main.TestSuiteExecutor.accessTestSuiteMainPhase(TestSuiteExecutor.java:150)
	at com.kms.katalon.core.main.TestSuiteExecutor.execute(TestSuiteExecutor.java:106)
	at com.kms.katalon.core.main.TestCaseMain.startTestSuite(TestCaseMain.java:180)
	at TempTestSuite1724567688775.run(TempTestSuite1724567688775.groovy:35)
	at java.base/jdk.internal.reflect.NativeMethodAccessorImpl.invoke0(Native Method)
	at java.base/jdk.internal.reflect.NativeMethodAccessorImpl.invoke(NativeMethodAccessorImpl.java:77)
	at java.base/jdk.internal.reflect.DelegatingMethodAccessorImpl.invoke(DelegatingMethodAccessorImpl.java:43)
Caused by: java.net.SocketException: Connection reset by peer
	at org.apache.http.impl.io.SessionOutputBufferImpl.streamWrite(SessionOutputBufferImpl.java:124)
	at org.apache.http.impl.io.SessionOutputBufferImpl.write(SessionOutputBufferImpl.java:160)
	at org.apache.http.impl.io.ContentLengthOutputStream.write(ContentLengthOutputStream.java:113)
	at org.apache.http.entity.ByteArrayEntity.writeTo(ByteArrayEntity.java:112)
	at org.apache.http.impl.DefaultBHttpClientConnection.sendRequestEntity(DefaultBHttpClientConnection.java:156)
	at org.apache.http.impl.conn.CPoolProxy.sendRequestEntity(CPoolProxy.java:152)
	at org.apache.http.protocol.HttpRequestExecutor.doSendRequest(HttpRequestExecutor.java:238)
	at org.apache.http.protocol.HttpRequestExecutor.execute(HttpRequestExecutor.java:123)
	at org.apache.http.impl.execchain.MainClientExec.execute(MainClientExec.java:272)
	at org.apache.http.impl.execchain.ProtocolExec.execute(ProtocolExec.java:186)
	at org.apache.http.impl.execchain.RetryExec.execute(RetryExec.java:89)
	at org.apache.http.impl.client.InternalHttpClient.doExecute(InternalHttpClient.java:185)
	at org.apache.http.impl.client.CloseableHttpClient.execute(CloseableHttpClient.java:83)
	at com.kms.katalon.core.webservice.common.HttpUtil.sendRequest(HttpUtil.java:144)
	at com.kms.katalon.core.webservice.common.BasicRequestor.send(BasicRequestor.java:58)
	at com.kms.katalon.core.webservice.helper.WebServiceCommonHelper.sendRequest(WebServiceCommonHelper.java:55)
	at com.kms.katalon.core.webservice.keyword.builtin.SendRequestKeyword$_sendRequest_closure1.doCall(SendRequestKeyword.groovy:40)
	at com.kms.katalon.core.webservice.keyword.builtin.SendRequestKeyword$_sendRequest_closure1.call(SendRequestKeyword.groovy)
	at com.kms.katalon.core.keyword.internal.KeywordMain.runKeyword(KeywordMain.groovy:75)
	at com.kms.katalon.core.webservice.keyword.builtin.SendRequestKeyword.sendRequest(SendRequestKeyword.groovy:38)
	at com.kms.katalon.core.webservice.keyword.builtin.SendRequestKeyword.execute(SendRequestKeyword.groovy:33)
	at com.kms.katalon.core.keyword.internal.KeywordExecutor.executeKeywordForPlatform(KeywordExecutor.groovy:74)
	at com.kms.katalon.core.webservice.keyword.WSBuiltInKeywords.sendRequest(WSBuiltInKeywords.groovy:41)
	at Script1724521274342.run(Script1724521274342.groovy:46)
	... 15 more
)
	at com.kms.katalon.core.keyword.internal.KeywordMain.stepFailed(KeywordMain.groovy:51)
	at com.kms.katalon.core.keyword.internal.KeywordMain.stepFailed(KeywordMain.groovy)
	at com.kms.katalon.core.keyword.internal.KeywordMain.runKeyword(KeywordMain.groovy:77)
	at com.kms.katalon.core.webservice.keyword.builtin.SendRequestKeyword.sendRequest(SendRequestKeyword.groovy:38)
	at com.kms.katalon.core.webservice.keyword.builtin.SendRequestKeyword.execute(SendRequestKeyword.groovy:33)
	at com.kms.katalon.core.keyword.internal.KeywordExecutor.executeKeywordForPlatform(KeywordExecutor.groovy:74)
	at com.kms.katalon.core.webservice.keyword.WSBuiltInKeywords.sendRequest(WSBuiltInKeywords.groovy:41)
	at TC_Send File.run(TC_Send File:46)
	at com.kms.katalon.core.main.ScriptEngine.run(ScriptEngine.java:194)
	at com.kms.katalon.core.main.ScriptEngine.runScriptAsRawText(ScriptEngine.java:119)
	at com.kms.katalon.core.main.TestCaseExecutor.runScript(TestCaseExecutor.java:448)
	at com.kms.katalon.core.main.TestCaseExecutor.doExecute(TestCaseExecutor.java:439)
	at com.kms.katalon.core.main.TestCaseExecutor.processExecutionPhase(TestCaseExecutor.java:418)
	at com.kms.katalon.core.main.TestCaseExecutor.accessMainPhase(TestCaseExecutor.java:410)
	at com.kms.katalon.core.main.TestCaseExecutor.execute(TestCaseExecutor.java:285)
	at com.kms.katalon.core.common.CommonExecutor.accessTestCaseMainPhase(CommonExecutor.java:65)
	at com.kms.katalon.core.main.TestSuiteExecutor.accessTestSuiteMainPhase(TestSuiteExecutor.java:150)
	at com.kms.katalon.core.main.TestSuiteExecutor.execute(TestSuiteExecutor.java:106)
	at com.kms.katalon.core.main.TestCaseMain.startTestSuite(TestCaseMain.java:180)
	at TempTestSuite1724567688775.run(TempTestSuite1724567688775.groovy:35)
	at java.base/jdk.internal.reflect.NativeMethodAccessorImpl.invoke0(Native Method)
	at java.base/jdk.internal.reflect.NativeMethodAccessorImpl.invoke(NativeMethodAccessorImpl.java:77)
	at java.base/jdk.internal.reflect.DelegatingMethodAccessorImpl.invoke(DelegatingMethodAccessorImpl.java:43)
Caused by: com.kms.katalon.core.webservice.exception.SendRequestException: java.net.SocketException: Connection reset by peer
	at com.kms.katalon.core.webservice.common.HttpUtil.sendRequest(HttpUtil.java:172)
	at com.kms.katalon.core.webservice.common.BasicRequestor.send(BasicRequestor.java:58)
	at com.kms.katalon.core.webservice.helper.WebServiceCommonHelper.sendRequest(WebServiceCommonHelper.java:55)
	at com.kms.katalon.core.webservice.keyword.builtin.SendRequestKeyword$_sendRequest_closure1.doCall(SendRequestKeyword.groovy:40)
	at com.kms.katalon.core.webservice.keyword.builtin.SendRequestKeyword$_sendRequest_closure1.call(SendRequestKeyword.groovy)
	at com.kms.katalon.core.keyword.internal.KeywordMain.runKeyword(KeywordMain.groovy:75)
	... 20 more
Caused by: java.net.SocketException: Connection reset by peer
	at org.apache.http.impl.io.SessionOutputBufferImpl.streamWrite(SessionOutputBufferImpl.java:124)
	at org.apache.http.impl.io.SessionOutputBufferImpl.write(SessionOutputBufferImpl.java:160)
	at org.apache.http.impl.io.ContentLengthOutputStream.write(ContentLengthOutputStream.java:113)
	at org.apache.http.entity.ByteArrayEntity.writeTo(ByteArrayEntity.java:112)
	at org.apache.http.impl.DefaultBHttpClientConnection.sendRequestEntity(DefaultBHttpClientConnection.java:156)
	at org.apache.http.impl.conn.CPoolProxy.sendRequestEntity(CPoolProxy.java:152)
	at org.apache.http.protocol.HttpRequestExecutor.doSendRequest(HttpRequestExecutor.java:238)
	at org.apache.http.protocol.HttpRequestExecutor.execute(HttpRequestExecutor.java:123)
	at org.apache.http.impl.execchain.MainClientExec.execute(MainClientExec.java:272)
	at org.apache.http.impl.execchain.ProtocolExec.execute(ProtocolExec.java:186)
	at org.apache.http.impl.execchain.RetryExec.execute(RetryExec.java:89)
	at org.apache.http.impl.client.InternalHttpClient.doExecute(InternalHttpClient.java:185)
	at org.apache.http.impl.client.CloseableHttpClient.execute(CloseableHttpClient.java:83)
	at com.kms.katalon.core.webservice.common.HttpUtil.sendRequest(HttpUtil.java:144)
	... 25 more]]></system-err>
      </testcase>
      <testcase name="Test Cases/TC_Send File" time="0.089" classname="Test Cases/TC_Send File" status="PASSED">
         <system-out><![CDATA[25-08-2024T13:35:03 - [TEST_CASE][PASSED] - Test Cases/TC_Send File: Test Cases/TC_Send File

25-08-2024T13:35:03 - [TEST_STEP][PASSED] - projectPath = getProjectDir(): null

25-08-2024T13:35:03 - [TEST_STEP][PASSED] - filePath = projectPath + "\" + file: null

25-08-2024T13:35:03 - [TEST_STEP][PASSED] - authorizationHeader = new com.kms.katalon.core.testobject.TestObjectProperty(Authorization, com.kms.katalon.core.testobject.ConditionType.EQUALS, (Bearer  + internal.GlobalVariable.token)): null

25-08-2024T13:35:03 - [TEST_STEP][PASSED] - newId = generateUUIDv4(): null

25-08-2024T13:35:03 - [TEST_STEP][PASSED] - return java.util.UUID.randomUUID().toString(): null

25-08-2024T13:35:03 - [TEST_STEP][PASSED] - print(newId): null

25-08-2024T13:35:03 - [TEST_STEP][PASSED] - req = findTestObject("API_Send File", ["senderId":myId, "groupId":groupId, "file":filePath, "id":newId]): null

25-08-2024T13:35:03 - [TEST_STEP][PASSED] - getHttpHeaderProperties().removeIf({ -> ... }): null

25-08-2024T13:35:03 - [TEST_STEP][PASSED] - getHttpHeaderProperties().add(authorizationHeader): null

25-08-2024T13:35:03 - [TEST_STEP][PASSED] - groupId = getVariables().get("groupId"): null

25-08-2024T13:35:03 - [TEST_STEP][PASSED] - println("The groupId in the request body is: " + groupId): null

25-08-2024T13:35:03 - [TEST_STEP][PASSED] - res = sendRequest(req): Send request successfully

25-08-2024T13:35:03 - [MESSAGE][INFO] - HAR: C:\Users\fanhi\OneDrive - VNU-HCMUS\Software_Testing_subAss\HW7\Source\API_21127661\Reports\20240825_133448\TS_Send File\20240825_133448\requests\main\11.har

25-08-2024T13:35:03 - [MESSAGE][PASSED] - Send request successfully

25-08-2024T13:35:03 - [TEST_STEP][PASSED] - verifyResponseStatusCode(res, expected.intValue(), CONTINUE_ON_FAILURE): Verify response status code successfully

25-08-2024T13:35:03 - [MESSAGE][PASSED] - Verify response status code successfully

25-08-2024T13:35:03 - [TEST_STEP][PASSED] - responseText = res.getResponseText(): null

25-08-2024T13:35:03 - [TEST_STEP][PASSED] - if (responseText != null && !(trim().isEmpty())): Response is valid: 0f/a9ea8c08e94bfe821ba6974b377c7b.mpga

25-08-2024T13:35:03 - [TEST_STEP][PASSED] - markPassed("Response is valid: " + responseText): Response is valid: 0f/a9ea8c08e94bfe821ba6974b377c7b.mpga

25-08-2024T13:35:03 - [MESSAGE][PASSED] - Response is valid: 0f/a9ea8c08e94bfe821ba6974b377c7b.mpga]]></system-out>
         <system-err><![CDATA[]]></system-err>
      </testcase>
      <testcase name="Test Cases/TC_Send File" time="0.132" classname="Test Cases/TC_Send File" status="PASSED">
         <system-out><![CDATA[25-08-2024T13:35:03 - [TEST_CASE][PASSED] - Test Cases/TC_Send File: Test Cases/TC_Send File

25-08-2024T13:35:04 - [TEST_STEP][PASSED] - projectPath = getProjectDir(): null

25-08-2024T13:35:04 - [TEST_STEP][PASSED] - filePath = projectPath + "\" + file: null

25-08-2024T13:35:04 - [TEST_STEP][PASSED] - authorizationHeader = new com.kms.katalon.core.testobject.TestObjectProperty(Authorization, com.kms.katalon.core.testobject.ConditionType.EQUALS, (Bearer  + internal.GlobalVariable.token)): null

25-08-2024T13:35:04 - [TEST_STEP][PASSED] - newId = generateUUIDv4(): null

25-08-2024T13:35:04 - [TEST_STEP][PASSED] - return java.util.UUID.randomUUID().toString(): null

25-08-2024T13:35:04 - [TEST_STEP][PASSED] - print(newId): null

25-08-2024T13:35:04 - [TEST_STEP][PASSED] - req = findTestObject("API_Send File", ["senderId":myId, "groupId":groupId, "file":filePath, "id":newId]): null

25-08-2024T13:35:04 - [TEST_STEP][PASSED] - getHttpHeaderProperties().removeIf({ -> ... }): null

25-08-2024T13:35:04 - [TEST_STEP][PASSED] - getHttpHeaderProperties().add(authorizationHeader): null

25-08-2024T13:35:04 - [TEST_STEP][PASSED] - groupId = getVariables().get("groupId"): null

25-08-2024T13:35:04 - [TEST_STEP][PASSED] - println("The groupId in the request body is: " + groupId): null

25-08-2024T13:35:04 - [TEST_STEP][PASSED] - res = sendRequest(req): Send request successfully

25-08-2024T13:35:04 - [MESSAGE][INFO] - HAR: C:\Users\fanhi\OneDrive - VNU-HCMUS\Software_Testing_subAss\HW7\Source\API_21127661\Reports\20240825_133448\TS_Send File\20240825_133448\requests\main\12.har

25-08-2024T13:35:04 - [MESSAGE][PASSED] - Send request successfully

25-08-2024T13:35:04 - [TEST_STEP][PASSED] - verifyResponseStatusCode(res, expected.intValue(), CONTINUE_ON_FAILURE): Verify response status code successfully

25-08-2024T13:35:04 - [MESSAGE][PASSED] - Verify response status code successfully

25-08-2024T13:35:04 - [TEST_STEP][PASSED] - responseText = res.getResponseText(): null

25-08-2024T13:35:04 - [TEST_STEP][PASSED] - if (responseText != null && !(trim().isEmpty())): Response is valid: e4/9506e9c03b47f698308b275f044393.mp4

25-08-2024T13:35:04 - [TEST_STEP][PASSED] - markPassed("Response is valid: " + responseText): Response is valid: e4/9506e9c03b47f698308b275f044393.mp4

25-08-2024T13:35:04 - [MESSAGE][PASSED] - Response is valid: e4/9506e9c03b47f698308b275f044393.mp4]]></system-out>
         <system-err><![CDATA[]]></system-err>
      </testcase>
      <testcase name="Test Cases/TC_Send File" time="0.122" classname="Test Cases/TC_Send File" status="PASSED">
         <system-out><![CDATA[25-08-2024T13:35:04 - [TEST_CASE][PASSED] - Test Cases/TC_Send File: Test Cases/TC_Send File

25-08-2024T13:35:04 - [TEST_STEP][PASSED] - projectPath = getProjectDir(): null

25-08-2024T13:35:04 - [TEST_STEP][PASSED] - filePath = projectPath + "\" + file: null

25-08-2024T13:35:04 - [TEST_STEP][PASSED] - authorizationHeader = new com.kms.katalon.core.testobject.TestObjectProperty(Authorization, com.kms.katalon.core.testobject.ConditionType.EQUALS, (Bearer  + internal.GlobalVariable.token)): null

25-08-2024T13:35:04 - [TEST_STEP][PASSED] - newId = generateUUIDv4(): null

25-08-2024T13:35:04 - [TEST_STEP][PASSED] - return java.util.UUID.randomUUID().toString(): null

25-08-2024T13:35:04 - [TEST_STEP][PASSED] - print(newId): null

25-08-2024T13:35:04 - [TEST_STEP][PASSED] - req = findTestObject("API_Send File", ["senderId":myId, "groupId":groupId, "file":filePath, "id":newId]): null

25-08-2024T13:35:04 - [TEST_STEP][PASSED] - getHttpHeaderProperties().removeIf({ -> ... }): null

25-08-2024T13:35:04 - [TEST_STEP][PASSED] - getHttpHeaderProperties().add(authorizationHeader): null

25-08-2024T13:35:04 - [TEST_STEP][PASSED] - groupId = getVariables().get("groupId"): null

25-08-2024T13:35:04 - [TEST_STEP][PASSED] - println("The groupId in the request body is: " + groupId): null

25-08-2024T13:35:04 - [TEST_STEP][PASSED] - res = sendRequest(req): Send request successfully

25-08-2024T13:35:04 - [MESSAGE][INFO] - HAR: C:\Users\fanhi\OneDrive - VNU-HCMUS\Software_Testing_subAss\HW7\Source\API_21127661\Reports\20240825_133448\TS_Send File\20240825_133448\requests\main\13.har

25-08-2024T13:35:04 - [MESSAGE][PASSED] - Send request successfully

25-08-2024T13:35:04 - [TEST_STEP][PASSED] - verifyResponseStatusCode(res, expected.intValue(), CONTINUE_ON_FAILURE): Verify response status code successfully

25-08-2024T13:35:04 - [MESSAGE][PASSED] - Verify response status code successfully

25-08-2024T13:35:04 - [TEST_STEP][PASSED] - responseText = res.getResponseText(): null

25-08-2024T13:35:04 - [TEST_STEP][PASSED] - if (responseText != null && !(trim().isEmpty())): Response is valid: 2a/4e832e9c57451c971ce72183a03560.wav

25-08-2024T13:35:04 - [TEST_STEP][PASSED] - markPassed("Response is valid: " + responseText): Response is valid: 2a/4e832e9c57451c971ce72183a03560.wav

25-08-2024T13:35:04 - [MESSAGE][PASSED] - Response is valid: 2a/4e832e9c57451c971ce72183a03560.wav]]></system-out>
         <system-err><![CDATA[]]></system-err>
      </testcase>
      <testcase name="Test Cases/TC_Send File_InvalidField" time="0.243" classname="Test Cases/TC_Send File_InvalidField" status="PASSED">
         <system-out><![CDATA[25-08-2024T13:35:04 - [TEST_CASE][PASSED] - Test Cases/TC_Send File_InvalidField: Test Cases/TC_Send File_InvalidField

25-08-2024T13:35:04 - [TEST_STEP][PASSED] - authorizationHeader = new com.kms.katalon.core.testobject.TestObjectProperty(Authorization, com.kms.katalon.core.testobject.ConditionType.EQUALS, (Bearer  + internal.GlobalVariable.token)): null

25-08-2024T13:35:04 - [TEST_STEP][PASSED] - newId = generateUUIDv4(): null

25-08-2024T13:35:04 - [TEST_STEP][PASSED] - return java.util.UUID.randomUUID().toString(): null

25-08-2024T13:35:04 - [TEST_STEP][PASSED] - if (senderId == ""): null

25-08-2024T13:35:04 - [TEST_STEP][PASSED] - else if (groupId == ""): null

25-08-2024T13:35:04 - [TEST_STEP][PASSED] - groupId = generateUUIDv4(): null

25-08-2024T13:35:04 - [TEST_STEP][PASSED] - return java.util.UUID.randomUUID().toString(): null

25-08-2024T13:35:04 - [TEST_STEP][PASSED] - print(groupId): null

25-08-2024T13:35:04 - [TEST_STEP][PASSED] - projectPath = getProjectDir(): null

25-08-2024T13:35:04 - [TEST_STEP][PASSED] - filePath = projectPath + "\" + file: null

25-08-2024T13:35:04 - [TEST_STEP][PASSED] - req = findTestObject("API_Send File", ["senderId":senderId, "groupId":groupId, "file":filePath, "id":newId]): null

25-08-2024T13:35:04 - [TEST_STEP][PASSED] - getHttpHeaderProperties().removeIf({ -> ... }): null

25-08-2024T13:35:04 - [TEST_STEP][PASSED] - getHttpHeaderProperties().add(authorizationHeader): null

25-08-2024T13:35:04 - [TEST_STEP][PASSED] - res = sendRequest(req): Send request successfully

25-08-2024T13:35:04 - [MESSAGE][INFO] - HAR: C:\Users\fanhi\OneDrive - VNU-HCMUS\Software_Testing_subAss\HW7\Source\API_21127661\Reports\20240825_133448\TS_Send File\20240825_133448\requests\main\14.har

25-08-2024T13:35:04 - [MESSAGE][PASSED] - Send request successfully

25-08-2024T13:35:04 - [TEST_STEP][PASSED] - verifyResponseStatusCode(res, expected.intValue(), CONTINUE_ON_FAILURE): Verify response status code successfully

25-08-2024T13:35:04 - [MESSAGE][PASSED] - Verify response status code successfully]]></system-out>
         <system-err><![CDATA[]]></system-err>
      </testcase>
      <testcase name="Test Cases/TC_Send File_InvalidField" time="0.095" classname="Test Cases/TC_Send File_InvalidField" status="FAILED">
         <failure type="FAILED" message="Test Cases/TC_Send File_InvalidField FAILED.&#xa;Reason:&#xa;com.kms.katalon.core.exception.StepFailedException: Expected status code is '400' but actual status code is '200'&#xa;	at com.kms.katalon.core.keyword.internal.KeywordMain.stepFailed(KeywordMain.groovy:39)&#xa;	at com.kms.katalon.core.webservice.keyword.builtin.VerifyResponseStatusCodeKeyword.verifyStatusCode(VerifyResponseStatusCodeKeyword.groovy:52)&#xa;	at com.kms.katalon.core.webservice.keyword.builtin.VerifyResponseStatusCodeKeyword.access$0(VerifyResponseStatusCodeKeyword.groovy)&#xa;	at com.kms.katalon.core.webservice.keyword.builtin.VerifyResponseStatusCodeKeyword$_verifyResponseStatusCode_closure1.doCall(VerifyResponseStatusCodeKeyword.groovy:42)&#xa;	at com.kms.katalon.core.webservice.keyword.builtin.VerifyResponseStatusCodeKeyword$_verifyResponseStatusCode_closure1.call(VerifyResponseStatusCodeKeyword.groovy)&#xa;	at com.kms.katalon.core.keyword.internal.KeywordMain.runKeyword(KeywordMain.groovy:75)&#xa;	at com.kms.katalon.core.webservice.keyword.builtin.VerifyResponseStatusCodeKeyword.verifyResponseStatusCode(VerifyResponseStatusCodeKeyword.groovy:37)&#xa;	at com.kms.katalon.core.webservice.keyword.builtin.VerifyResponseStatusCodeKeyword.execute(VerifyResponseStatusCodeKeyword.groovy:32)&#xa;	at com.kms.katalon.core.keyword.internal.KeywordExecutor.executeKeywordForPlatform(KeywordExecutor.groovy:74)&#xa;	at com.kms.katalon.core.webservice.keyword.WSBuiltInKeywords.verifyResponseStatusCode(WSBuiltInKeywords.groovy:331)&#xa;	at TC_Send File_InvalidField.run(TC_Send File_InvalidField:55)&#xa;	at com.kms.katalon.core.main.ScriptEngine.run(ScriptEngine.java:194)&#xa;	at com.kms.katalon.core.main.ScriptEngine.runScriptAsRawText(ScriptEngine.java:119)&#xa;	at com.kms.katalon.core.main.TestCaseExecutor.runScript(TestCaseExecutor.java:448)&#xa;	at com.kms.katalon.core.main.TestCaseExecutor.doExecute(TestCaseExecutor.java:439)&#xa;	at com.kms.katalon.core.main.TestCaseExecutor.processExecutionPhase(TestCaseExecutor.java:418)&#xa;	at com.kms.katalon.core.main.TestCaseExecutor.accessMainPhase(TestCaseExecutor.java:410)&#xa;	at com.kms.katalon.core.main.TestCaseExecutor.execute(TestCaseExecutor.java:285)&#xa;	at com.kms.katalon.core.common.CommonExecutor.accessTestCaseMainPhase(CommonExecutor.java:65)&#xa;	at com.kms.katalon.core.main.TestSuiteExecutor.accessTestSuiteMainPhase(TestSuiteExecutor.java:150)&#xa;	at com.kms.katalon.core.main.TestSuiteExecutor.execute(TestSuiteExecutor.java:106)&#xa;	at com.kms.katalon.core.main.TestCaseMain.startTestSuite(TestCaseMain.java:180)&#xa;	at TempTestSuite1724567688775.run(TempTestSuite1724567688775.groovy:35)&#xa;	at java.base/jdk.internal.reflect.NativeMethodAccessorImpl.invoke0(Native Method)&#xa;	at java.base/jdk.internal.reflect.NativeMethodAccessorImpl.invoke(NativeMethodAccessorImpl.java:77)&#xa;	at java.base/jdk.internal.reflect.DelegatingMethodAccessorImpl.invoke(DelegatingMethodAccessorImpl.java:43)&#xa;"/>
         <system-out><![CDATA[25-08-2024T13:35:04 - [TEST_CASE][FAILED] - Test Cases/TC_Send File_InvalidField: Test Cases/TC_Send File_InvalidField FAILED.
Reason:
com.kms.katalon.core.exception.StepFailedException: Expected status code is '400' but actual status code is '200'
	at com.kms.katalon.core.keyword.internal.KeywordMain.stepFailed(KeywordMain.groovy:39)
	at com.kms.katalon.core.webservice.keyword.builtin.VerifyResponseStatusCodeKeyword.verifyStatusCode(VerifyResponseStatusCodeKeyword.groovy:52)
	at com.kms.katalon.core.webservice.keyword.builtin.VerifyResponseStatusCodeKeyword.access$0(VerifyResponseStatusCodeKeyword.groovy)
	at com.kms.katalon.core.webservice.keyword.builtin.VerifyResponseStatusCodeKeyword$_verifyResponseStatusCode_closure1.doCall(VerifyResponseStatusCodeKeyword.groovy:42)
	at com.kms.katalon.core.webservice.keyword.builtin.VerifyResponseStatusCodeKeyword$_verifyResponseStatusCode_closure1.call(VerifyResponseStatusCodeKeyword.groovy)
	at com.kms.katalon.core.keyword.internal.KeywordMain.runKeyword(KeywordMain.groovy:75)
	at com.kms.katalon.core.webservice.keyword.builtin.VerifyResponseStatusCodeKeyword.verifyResponseStatusCode(VerifyResponseStatusCodeKeyword.groovy:37)
	at com.kms.katalon.core.webservice.keyword.builtin.VerifyResponseStatusCodeKeyword.execute(VerifyResponseStatusCodeKeyword.groovy:32)
	at com.kms.katalon.core.keyword.internal.KeywordExecutor.executeKeywordForPlatform(KeywordExecutor.groovy:74)
	at com.kms.katalon.core.webservice.keyword.WSBuiltInKeywords.verifyResponseStatusCode(WSBuiltInKeywords.groovy:331)
	at TC_Send File_InvalidField.run(TC_Send File_InvalidField:55)
	at com.kms.katalon.core.main.ScriptEngine.run(ScriptEngine.java:194)
	at com.kms.katalon.core.main.ScriptEngine.runScriptAsRawText(ScriptEngine.java:119)
	at com.kms.katalon.core.main.TestCaseExecutor.runScript(TestCaseExecutor.java:448)
	at com.kms.katalon.core.main.TestCaseExecutor.doExecute(TestCaseExecutor.java:439)
	at com.kms.katalon.core.main.TestCaseExecutor.processExecutionPhase(TestCaseExecutor.java:418)
	at com.kms.katalon.core.main.TestCaseExecutor.accessMainPhase(TestCaseExecutor.java:410)
	at com.kms.katalon.core.main.TestCaseExecutor.execute(TestCaseExecutor.java:285)
	at com.kms.katalon.core.common.CommonExecutor.accessTestCaseMainPhase(CommonExecutor.java:65)
	at com.kms.katalon.core.main.TestSuiteExecutor.accessTestSuiteMainPhase(TestSuiteExecutor.java:150)
	at com.kms.katalon.core.main.TestSuiteExecutor.execute(TestSuiteExecutor.java:106)
	at com.kms.katalon.core.main.TestCaseMain.startTestSuite(TestCaseMain.java:180)
	at TempTestSuite1724567688775.run(TempTestSuite1724567688775.groovy:35)
	at java.base/jdk.internal.reflect.NativeMethodAccessorImpl.invoke0(Native Method)
	at java.base/jdk.internal.reflect.NativeMethodAccessorImpl.invoke(NativeMethodAccessorImpl.java:77)
	at java.base/jdk.internal.reflect.DelegatingMethodAccessorImpl.invoke(DelegatingMethodAccessorImpl.java:43)


25-08-2024T13:35:04 - [TEST_STEP][PASSED] - authorizationHeader = new com.kms.katalon.core.testobject.TestObjectProperty(Authorization, com.kms.katalon.core.testobject.ConditionType.EQUALS, (Bearer  + internal.GlobalVariable.token)): null

25-08-2024T13:35:04 - [TEST_STEP][PASSED] - newId = generateUUIDv4(): null

25-08-2024T13:35:04 - [TEST_STEP][PASSED] - return java.util.UUID.randomUUID().toString(): null

25-08-2024T13:35:04 - [TEST_STEP][PASSED] - if (senderId == ""): null

25-08-2024T13:35:04 - [TEST_STEP][PASSED] - senderId = generateUUIDv4(): null

25-08-2024T13:35:04 - [TEST_STEP][PASSED] - return java.util.UUID.randomUUID().toString(): null

25-08-2024T13:35:04 - [TEST_STEP][PASSED] - projectPath = getProjectDir(): null

25-08-2024T13:35:04 - [TEST_STEP][PASSED] - filePath = projectPath + "\" + file: null

25-08-2024T13:35:04 - [TEST_STEP][PASSED] - req = findTestObject("API_Send File", ["senderId":senderId, "groupId":groupId, "file":filePath, "id":newId]): null

25-08-2024T13:35:04 - [TEST_STEP][PASSED] - getHttpHeaderProperties().removeIf({ -> ... }): null

25-08-2024T13:35:04 - [TEST_STEP][PASSED] - getHttpHeaderProperties().add(authorizationHeader): null

25-08-2024T13:35:04 - [TEST_STEP][PASSED] - res = sendRequest(req): Send request successfully

25-08-2024T13:35:04 - [MESSAGE][INFO] - HAR: C:\Users\fanhi\OneDrive - VNU-HCMUS\Software_Testing_subAss\HW7\Source\API_21127661\Reports\20240825_133448\TS_Send File\20240825_133448\requests\main\15.har

25-08-2024T13:35:04 - [MESSAGE][PASSED] - Send request successfully

25-08-2024T13:35:04 - [TEST_STEP][FAILED] - verifyResponseStatusCode(res, expected.intValue(), CONTINUE_ON_FAILURE): Expected status code is '400' but actual status code is '200'

25-08-2024T13:35:04 - [MESSAGE][FAILED] - Expected status code is '400' but actual status code is '200']]></system-out>
         <system-err><![CDATA[25-08-2024T13:35:04 - [TEST_CASE][FAILED] - Test Cases/TC_Send File_InvalidField: Test Cases/TC_Send File_InvalidField FAILED.
Reason:
com.kms.katalon.core.exception.StepFailedException: Expected status code is '400' but actual status code is '200'
	at com.kms.katalon.core.keyword.internal.KeywordMain.stepFailed(KeywordMain.groovy:39)
	at com.kms.katalon.core.webservice.keyword.builtin.VerifyResponseStatusCodeKeyword.verifyStatusCode(VerifyResponseStatusCodeKeyword.groovy:52)
	at com.kms.katalon.core.webservice.keyword.builtin.VerifyResponseStatusCodeKeyword.access$0(VerifyResponseStatusCodeKeyword.groovy)
	at com.kms.katalon.core.webservice.keyword.builtin.VerifyResponseStatusCodeKeyword$_verifyResponseStatusCode_closure1.doCall(VerifyResponseStatusCodeKeyword.groovy:42)
	at com.kms.katalon.core.webservice.keyword.builtin.VerifyResponseStatusCodeKeyword$_verifyResponseStatusCode_closure1.call(VerifyResponseStatusCodeKeyword.groovy)
	at com.kms.katalon.core.keyword.internal.KeywordMain.runKeyword(KeywordMain.groovy:75)
	at com.kms.katalon.core.webservice.keyword.builtin.VerifyResponseStatusCodeKeyword.verifyResponseStatusCode(VerifyResponseStatusCodeKeyword.groovy:37)
	at com.kms.katalon.core.webservice.keyword.builtin.VerifyResponseStatusCodeKeyword.execute(VerifyResponseStatusCodeKeyword.groovy:32)
	at com.kms.katalon.core.keyword.internal.KeywordExecutor.executeKeywordForPlatform(KeywordExecutor.groovy:74)
	at com.kms.katalon.core.webservice.keyword.WSBuiltInKeywords.verifyResponseStatusCode(WSBuiltInKeywords.groovy:331)
	at TC_Send File_InvalidField.run(TC_Send File_InvalidField:55)
	at com.kms.katalon.core.main.ScriptEngine.run(ScriptEngine.java:194)
	at com.kms.katalon.core.main.ScriptEngine.runScriptAsRawText(ScriptEngine.java:119)
	at com.kms.katalon.core.main.TestCaseExecutor.runScript(TestCaseExecutor.java:448)
	at com.kms.katalon.core.main.TestCaseExecutor.doExecute(TestCaseExecutor.java:439)
	at com.kms.katalon.core.main.TestCaseExecutor.processExecutionPhase(TestCaseExecutor.java:418)
	at com.kms.katalon.core.main.TestCaseExecutor.accessMainPhase(TestCaseExecutor.java:410)
	at com.kms.katalon.core.main.TestCaseExecutor.execute(TestCaseExecutor.java:285)
	at com.kms.katalon.core.common.CommonExecutor.accessTestCaseMainPhase(CommonExecutor.java:65)
	at com.kms.katalon.core.main.TestSuiteExecutor.accessTestSuiteMainPhase(TestSuiteExecutor.java:150)
	at com.kms.katalon.core.main.TestSuiteExecutor.execute(TestSuiteExecutor.java:106)
	at com.kms.katalon.core.main.TestCaseMain.startTestSuite(TestCaseMain.java:180)
	at TempTestSuite1724567688775.run(TempTestSuite1724567688775.groovy:35)
	at java.base/jdk.internal.reflect.NativeMethodAccessorImpl.invoke0(Native Method)
	at java.base/jdk.internal.reflect.NativeMethodAccessorImpl.invoke(NativeMethodAccessorImpl.java:77)
	at java.base/jdk.internal.reflect.DelegatingMethodAccessorImpl.invoke(DelegatingMethodAccessorImpl.java:43)]]></system-err>
      </testcase>
      <testcase name="Test Cases/TC_Send File_EmptyField" time="0.286" classname="Test Cases/TC_Send File_EmptyField" status="FAILED">
         <failure type="FAILED" message="Test Cases/TC_Send File_EmptyField FAILED.&#xa;Reason:&#xa;com.kms.katalon.core.exception.StepFailedException: Expected status code is '400' but actual status code is '200'&#xa;	at com.kms.katalon.core.keyword.internal.KeywordMain.stepFailed(KeywordMain.groovy:39)&#xa;	at com.kms.katalon.core.webservice.keyword.builtin.VerifyResponseStatusCodeKeyword.verifyStatusCode(VerifyResponseStatusCodeKeyword.groovy:52)&#xa;	at com.kms.katalon.core.webservice.keyword.builtin.VerifyResponseStatusCodeKeyword.access$0(VerifyResponseStatusCodeKeyword.groovy)&#xa;	at com.kms.katalon.core.webservice.keyword.builtin.VerifyResponseStatusCodeKeyword$_verifyResponseStatusCode_closure1.doCall(VerifyResponseStatusCodeKeyword.groovy:42)&#xa;	at com.kms.katalon.core.webservice.keyword.builtin.VerifyResponseStatusCodeKeyword$_verifyResponseStatusCode_closure1.call(VerifyResponseStatusCodeKeyword.groovy)&#xa;	at com.kms.katalon.core.keyword.internal.KeywordMain.runKeyword(KeywordMain.groovy:75)&#xa;	at com.kms.katalon.core.webservice.keyword.builtin.VerifyResponseStatusCodeKeyword.verifyResponseStatusCode(VerifyResponseStatusCodeKeyword.groovy:37)&#xa;	at com.kms.katalon.core.webservice.keyword.builtin.VerifyResponseStatusCodeKeyword.execute(VerifyResponseStatusCodeKeyword.groovy:32)&#xa;	at com.kms.katalon.core.keyword.internal.KeywordExecutor.executeKeywordForPlatform(KeywordExecutor.groovy:74)&#xa;	at com.kms.katalon.core.webservice.keyword.WSBuiltInKeywords.verifyResponseStatusCode(WSBuiltInKeywords.groovy:331)&#xa;	at TC_Send File_EmptyField.run(TC_Send File_EmptyField:61)&#xa;	at com.kms.katalon.core.main.ScriptEngine.run(ScriptEngine.java:194)&#xa;	at com.kms.katalon.core.main.ScriptEngine.runScriptAsRawText(ScriptEngine.java:119)&#xa;	at com.kms.katalon.core.main.TestCaseExecutor.runScript(TestCaseExecutor.java:448)&#xa;	at com.kms.katalon.core.main.TestCaseExecutor.doExecute(TestCaseExecutor.java:439)&#xa;	at com.kms.katalon.core.main.TestCaseExecutor.processExecutionPhase(TestCaseExecutor.java:418)&#xa;	at com.kms.katalon.core.main.TestCaseExecutor.accessMainPhase(TestCaseExecutor.java:410)&#xa;	at com.kms.katalon.core.main.TestCaseExecutor.execute(TestCaseExecutor.java:285)&#xa;	at com.kms.katalon.core.common.CommonExecutor.accessTestCaseMainPhase(CommonExecutor.java:65)&#xa;	at com.kms.katalon.core.main.TestSuiteExecutor.accessTestSuiteMainPhase(TestSuiteExecutor.java:150)&#xa;	at com.kms.katalon.core.main.TestSuiteExecutor.execute(TestSuiteExecutor.java:106)&#xa;	at com.kms.katalon.core.main.TestCaseMain.startTestSuite(TestCaseMain.java:180)&#xa;	at TempTestSuite1724567688775.run(TempTestSuite1724567688775.groovy:35)&#xa;	at java.base/jdk.internal.reflect.NativeMethodAccessorImpl.invoke0(Native Method)&#xa;	at java.base/jdk.internal.reflect.NativeMethodAccessorImpl.invoke(NativeMethodAccessorImpl.java:77)&#xa;	at java.base/jdk.internal.reflect.DelegatingMethodAccessorImpl.invoke(DelegatingMethodAccessorImpl.java:43)&#xa;"/>
         <system-out><![CDATA[25-08-2024T13:35:04 - [TEST_CASE][FAILED] - Test Cases/TC_Send File_EmptyField: Test Cases/TC_Send File_EmptyField FAILED.
Reason:
com.kms.katalon.core.exception.StepFailedException: Expected status code is '400' but actual status code is '200'
	at com.kms.katalon.core.keyword.internal.KeywordMain.stepFailed(KeywordMain.groovy:39)
	at com.kms.katalon.core.webservice.keyword.builtin.VerifyResponseStatusCodeKeyword.verifyStatusCode(VerifyResponseStatusCodeKeyword.groovy:52)
	at com.kms.katalon.core.webservice.keyword.builtin.VerifyResponseStatusCodeKeyword.access$0(VerifyResponseStatusCodeKeyword.groovy)
	at com.kms.katalon.core.webservice.keyword.builtin.VerifyResponseStatusCodeKeyword$_verifyResponseStatusCode_closure1.doCall(VerifyResponseStatusCodeKeyword.groovy:42)
	at com.kms.katalon.core.webservice.keyword.builtin.VerifyResponseStatusCodeKeyword$_verifyResponseStatusCode_closure1.call(VerifyResponseStatusCodeKeyword.groovy)
	at com.kms.katalon.core.keyword.internal.KeywordMain.runKeyword(KeywordMain.groovy:75)
	at com.kms.katalon.core.webservice.keyword.builtin.VerifyResponseStatusCodeKeyword.verifyResponseStatusCode(VerifyResponseStatusCodeKeyword.groovy:37)
	at com.kms.katalon.core.webservice.keyword.builtin.VerifyResponseStatusCodeKeyword.execute(VerifyResponseStatusCodeKeyword.groovy:32)
	at com.kms.katalon.core.keyword.internal.KeywordExecutor.executeKeywordForPlatform(KeywordExecutor.groovy:74)
	at com.kms.katalon.core.webservice.keyword.WSBuiltInKeywords.verifyResponseStatusCode(WSBuiltInKeywords.groovy:331)
	at TC_Send File_EmptyField.run(TC_Send File_EmptyField:61)
	at com.kms.katalon.core.main.ScriptEngine.run(ScriptEngine.java:194)
	at com.kms.katalon.core.main.ScriptEngine.runScriptAsRawText(ScriptEngine.java:119)
	at com.kms.katalon.core.main.TestCaseExecutor.runScript(TestCaseExecutor.java:448)
	at com.kms.katalon.core.main.TestCaseExecutor.doExecute(TestCaseExecutor.java:439)
	at com.kms.katalon.core.main.TestCaseExecutor.processExecutionPhase(TestCaseExecutor.java:418)
	at com.kms.katalon.core.main.TestCaseExecutor.accessMainPhase(TestCaseExecutor.java:410)
	at com.kms.katalon.core.main.TestCaseExecutor.execute(TestCaseExecutor.java:285)
	at com.kms.katalon.core.common.CommonExecutor.accessTestCaseMainPhase(CommonExecutor.java:65)
	at com.kms.katalon.core.main.TestSuiteExecutor.accessTestSuiteMainPhase(TestSuiteExecutor.java:150)
	at com.kms.katalon.core.main.TestSuiteExecutor.execute(TestSuiteExecutor.java:106)
	at com.kms.katalon.core.main.TestCaseMain.startTestSuite(TestCaseMain.java:180)
	at TempTestSuite1724567688775.run(TempTestSuite1724567688775.groovy:35)
	at java.base/jdk.internal.reflect.NativeMethodAccessorImpl.invoke0(Native Method)
	at java.base/jdk.internal.reflect.NativeMethodAccessorImpl.invoke(NativeMethodAccessorImpl.java:77)
	at java.base/jdk.internal.reflect.DelegatingMethodAccessorImpl.invoke(DelegatingMethodAccessorImpl.java:43)


25-08-2024T13:35:04 - [TEST_STEP][PASSED] - authorizationHeader = new com.kms.katalon.core.testobject.TestObjectProperty(Authorization, com.kms.katalon.core.testobject.ConditionType.EQUALS, (Bearer  + internal.GlobalVariable.token)): null

25-08-2024T13:35:04 - [TEST_STEP][PASSED] - projectPath = getProjectDir(): null

25-08-2024T13:35:04 - [TEST_STEP][PASSED] - filePath = projectPath + "\" + file: null

25-08-2024T13:35:04 - [TEST_STEP][PASSED] - newId = generateUUIDv4(): null

25-08-2024T13:35:04 - [TEST_STEP][PASSED] - return java.util.UUID.randomUUID().toString(): null

25-08-2024T13:35:04 - [TEST_STEP][PASSED] - req = <not implemented yet for class: org.codehaus.groovy.ast.expr.EmptyExpression>: null

25-08-2024T13:35:04 - [TEST_STEP][PASSED] - switch (no): null

25-08-2024T13:35:04 - [TEST_STEP][PASSED] - case 1:: null

25-08-2024T13:35:04 - [TEST_STEP][PASSED] - req = findTestObject("API_Send File", ["senderId":myId, "groupId":groupId, "file":filePath, "id":""]): null

25-08-2024T13:35:04 - [TEST_STEP][PASSED] - break: null

25-08-2024T13:35:04 - [TEST_STEP][PASSED] - getHttpHeaderProperties().removeIf({ -> ... }): null

25-08-2024T13:35:04 - [TEST_STEP][PASSED] - getHttpHeaderProperties().add(authorizationHeader): null

25-08-2024T13:35:04 - [TEST_STEP][PASSED] - groupId = getVariables().get("groupId"): null

25-08-2024T13:35:04 - [TEST_STEP][PASSED] - println("The groupId in the request body is: " + groupId): null

25-08-2024T13:35:04 - [TEST_STEP][PASSED] - res = sendRequest(req): Send request successfully

25-08-2024T13:35:04 - [MESSAGE][INFO] - HAR: C:\Users\fanhi\OneDrive - VNU-HCMUS\Software_Testing_subAss\HW7\Source\API_21127661\Reports\20240825_133448\TS_Send File\20240825_133448\requests\main\16.har

25-08-2024T13:35:04 - [MESSAGE][PASSED] - Send request successfully

25-08-2024T13:35:04 - [TEST_STEP][FAILED] - verifyResponseStatusCode(res, expected.intValue(), CONTINUE_ON_FAILURE): Expected status code is '400' but actual status code is '200'

25-08-2024T13:35:04 - [MESSAGE][FAILED] - Expected status code is '400' but actual status code is '200'

25-08-2024T13:35:04 - [TEST_STEP][PASSED] - responseText = res.getResponseText(): null

25-08-2024T13:35:04 - [TEST_STEP][PASSED] - if (responseText != null && !(trim().isEmpty())): Response is valid: bf/401a948127408081a160abd9f10440

25-08-2024T13:35:04 - [TEST_STEP][PASSED] - markPassed("Response is valid: " + responseText): Response is valid: bf/401a948127408081a160abd9f10440

25-08-2024T13:35:04 - [MESSAGE][PASSED] - Response is valid: bf/401a948127408081a160abd9f10440]]></system-out>
         <system-err><![CDATA[25-08-2024T13:35:04 - [TEST_CASE][FAILED] - Test Cases/TC_Send File_EmptyField: Test Cases/TC_Send File_EmptyField FAILED.
Reason:
com.kms.katalon.core.exception.StepFailedException: Expected status code is '400' but actual status code is '200'
	at com.kms.katalon.core.keyword.internal.KeywordMain.stepFailed(KeywordMain.groovy:39)
	at com.kms.katalon.core.webservice.keyword.builtin.VerifyResponseStatusCodeKeyword.verifyStatusCode(VerifyResponseStatusCodeKeyword.groovy:52)
	at com.kms.katalon.core.webservice.keyword.builtin.VerifyResponseStatusCodeKeyword.access$0(VerifyResponseStatusCodeKeyword.groovy)
	at com.kms.katalon.core.webservice.keyword.builtin.VerifyResponseStatusCodeKeyword$_verifyResponseStatusCode_closure1.doCall(VerifyResponseStatusCodeKeyword.groovy:42)
	at com.kms.katalon.core.webservice.keyword.builtin.VerifyResponseStatusCodeKeyword$_verifyResponseStatusCode_closure1.call(VerifyResponseStatusCodeKeyword.groovy)
	at com.kms.katalon.core.keyword.internal.KeywordMain.runKeyword(KeywordMain.groovy:75)
	at com.kms.katalon.core.webservice.keyword.builtin.VerifyResponseStatusCodeKeyword.verifyResponseStatusCode(VerifyResponseStatusCodeKeyword.groovy:37)
	at com.kms.katalon.core.webservice.keyword.builtin.VerifyResponseStatusCodeKeyword.execute(VerifyResponseStatusCodeKeyword.groovy:32)
	at com.kms.katalon.core.keyword.internal.KeywordExecutor.executeKeywordForPlatform(KeywordExecutor.groovy:74)
	at com.kms.katalon.core.webservice.keyword.WSBuiltInKeywords.verifyResponseStatusCode(WSBuiltInKeywords.groovy:331)
	at TC_Send File_EmptyField.run(TC_Send File_EmptyField:61)
	at com.kms.katalon.core.main.ScriptEngine.run(ScriptEngine.java:194)
	at com.kms.katalon.core.main.ScriptEngine.runScriptAsRawText(ScriptEngine.java:119)
	at com.kms.katalon.core.main.TestCaseExecutor.runScript(TestCaseExecutor.java:448)
	at com.kms.katalon.core.main.TestCaseExecutor.doExecute(TestCaseExecutor.java:439)
	at com.kms.katalon.core.main.TestCaseExecutor.processExecutionPhase(TestCaseExecutor.java:418)
	at com.kms.katalon.core.main.TestCaseExecutor.accessMainPhase(TestCaseExecutor.java:410)
	at com.kms.katalon.core.main.TestCaseExecutor.execute(TestCaseExecutor.java:285)
	at com.kms.katalon.core.common.CommonExecutor.accessTestCaseMainPhase(CommonExecutor.java:65)
	at com.kms.katalon.core.main.TestSuiteExecutor.accessTestSuiteMainPhase(TestSuiteExecutor.java:150)
	at com.kms.katalon.core.main.TestSuiteExecutor.execute(TestSuiteExecutor.java:106)
	at com.kms.katalon.core.main.TestCaseMain.startTestSuite(TestCaseMain.java:180)
	at TempTestSuite1724567688775.run(TempTestSuite1724567688775.groovy:35)
	at java.base/jdk.internal.reflect.NativeMethodAccessorImpl.invoke0(Native Method)
	at java.base/jdk.internal.reflect.NativeMethodAccessorImpl.invoke(NativeMethodAccessorImpl.java:77)
	at java.base/jdk.internal.reflect.DelegatingMethodAccessorImpl.invoke(DelegatingMethodAccessorImpl.java:43)]]></system-err>
      </testcase>
      <testcase name="Test Cases/TC_Send File_EmptyField" time="0.071" classname="Test Cases/TC_Send File_EmptyField" status="FAILED">
         <failure type="FAILED" message="Test Cases/TC_Send File_EmptyField FAILED.&#xa;Reason:&#xa;com.kms.katalon.core.exception.StepFailedException: Expected status code is '400' but actual status code is '200'&#xa;	at com.kms.katalon.core.keyword.internal.KeywordMain.stepFailed(KeywordMain.groovy:39)&#xa;	at com.kms.katalon.core.webservice.keyword.builtin.VerifyResponseStatusCodeKeyword.verifyStatusCode(VerifyResponseStatusCodeKeyword.groovy:52)&#xa;	at com.kms.katalon.core.webservice.keyword.builtin.VerifyResponseStatusCodeKeyword.access$0(VerifyResponseStatusCodeKeyword.groovy)&#xa;	at com.kms.katalon.core.webservice.keyword.builtin.VerifyResponseStatusCodeKeyword$_verifyResponseStatusCode_closure1.doCall(VerifyResponseStatusCodeKeyword.groovy:42)&#xa;	at com.kms.katalon.core.webservice.keyword.builtin.VerifyResponseStatusCodeKeyword$_verifyResponseStatusCode_closure1.call(VerifyResponseStatusCodeKeyword.groovy)&#xa;	at com.kms.katalon.core.keyword.internal.KeywordMain.runKeyword(KeywordMain.groovy:75)&#xa;	at com.kms.katalon.core.webservice.keyword.builtin.VerifyResponseStatusCodeKeyword.verifyResponseStatusCode(VerifyResponseStatusCodeKeyword.groovy:37)&#xa;	at com.kms.katalon.core.webservice.keyword.builtin.VerifyResponseStatusCodeKeyword.execute(VerifyResponseStatusCodeKeyword.groovy:32)&#xa;	at com.kms.katalon.core.keyword.internal.KeywordExecutor.executeKeywordForPlatform(KeywordExecutor.groovy:74)&#xa;	at com.kms.katalon.core.webservice.keyword.WSBuiltInKeywords.verifyResponseStatusCode(WSBuiltInKeywords.groovy:331)&#xa;	at TC_Send File_EmptyField.run(TC_Send File_EmptyField:61)&#xa;	at com.kms.katalon.core.main.ScriptEngine.run(ScriptEngine.java:194)&#xa;	at com.kms.katalon.core.main.ScriptEngine.runScriptAsRawText(ScriptEngine.java:119)&#xa;	at com.kms.katalon.core.main.TestCaseExecutor.runScript(TestCaseExecutor.java:448)&#xa;	at com.kms.katalon.core.main.TestCaseExecutor.doExecute(TestCaseExecutor.java:439)&#xa;	at com.kms.katalon.core.main.TestCaseExecutor.processExecutionPhase(TestCaseExecutor.java:418)&#xa;	at com.kms.katalon.core.main.TestCaseExecutor.accessMainPhase(TestCaseExecutor.java:410)&#xa;	at com.kms.katalon.core.main.TestCaseExecutor.execute(TestCaseExecutor.java:285)&#xa;	at com.kms.katalon.core.common.CommonExecutor.accessTestCaseMainPhase(CommonExecutor.java:65)&#xa;	at com.kms.katalon.core.main.TestSuiteExecutor.accessTestSuiteMainPhase(TestSuiteExecutor.java:150)&#xa;	at com.kms.katalon.core.main.TestSuiteExecutor.execute(TestSuiteExecutor.java:106)&#xa;	at com.kms.katalon.core.main.TestCaseMain.startTestSuite(TestCaseMain.java:180)&#xa;	at TempTestSuite1724567688775.run(TempTestSuite1724567688775.groovy:35)&#xa;	at java.base/jdk.internal.reflect.NativeMethodAccessorImpl.invoke0(Native Method)&#xa;	at java.base/jdk.internal.reflect.NativeMethodAccessorImpl.invoke(NativeMethodAccessorImpl.java:77)&#xa;	at java.base/jdk.internal.reflect.DelegatingMethodAccessorImpl.invoke(DelegatingMethodAccessorImpl.java:43)&#xa;"/>
         <system-out><![CDATA[25-08-2024T13:35:04 - [TEST_CASE][FAILED] - Test Cases/TC_Send File_EmptyField: Test Cases/TC_Send File_EmptyField FAILED.
Reason:
com.kms.katalon.core.exception.StepFailedException: Expected status code is '400' but actual status code is '200'
	at com.kms.katalon.core.keyword.internal.KeywordMain.stepFailed(KeywordMain.groovy:39)
	at com.kms.katalon.core.webservice.keyword.builtin.VerifyResponseStatusCodeKeyword.verifyStatusCode(VerifyResponseStatusCodeKeyword.groovy:52)
	at com.kms.katalon.core.webservice.keyword.builtin.VerifyResponseStatusCodeKeyword.access$0(VerifyResponseStatusCodeKeyword.groovy)
	at com.kms.katalon.core.webservice.keyword.builtin.VerifyResponseStatusCodeKeyword$_verifyResponseStatusCode_closure1.doCall(VerifyResponseStatusCodeKeyword.groovy:42)
	at com.kms.katalon.core.webservice.keyword.builtin.VerifyResponseStatusCodeKeyword$_verifyResponseStatusCode_closure1.call(VerifyResponseStatusCodeKeyword.groovy)
	at com.kms.katalon.core.keyword.internal.KeywordMain.runKeyword(KeywordMain.groovy:75)
	at com.kms.katalon.core.webservice.keyword.builtin.VerifyResponseStatusCodeKeyword.verifyResponseStatusCode(VerifyResponseStatusCodeKeyword.groovy:37)
	at com.kms.katalon.core.webservice.keyword.builtin.VerifyResponseStatusCodeKeyword.execute(VerifyResponseStatusCodeKeyword.groovy:32)
	at com.kms.katalon.core.keyword.internal.KeywordExecutor.executeKeywordForPlatform(KeywordExecutor.groovy:74)
	at com.kms.katalon.core.webservice.keyword.WSBuiltInKeywords.verifyResponseStatusCode(WSBuiltInKeywords.groovy:331)
	at TC_Send File_EmptyField.run(TC_Send File_EmptyField:61)
	at com.kms.katalon.core.main.ScriptEngine.run(ScriptEngine.java:194)
	at com.kms.katalon.core.main.ScriptEngine.runScriptAsRawText(ScriptEngine.java:119)
	at com.kms.katalon.core.main.TestCaseExecutor.runScript(TestCaseExecutor.java:448)
	at com.kms.katalon.core.main.TestCaseExecutor.doExecute(TestCaseExecutor.java:439)
	at com.kms.katalon.core.main.TestCaseExecutor.processExecutionPhase(TestCaseExecutor.java:418)
	at com.kms.katalon.core.main.TestCaseExecutor.accessMainPhase(TestCaseExecutor.java:410)
	at com.kms.katalon.core.main.TestCaseExecutor.execute(TestCaseExecutor.java:285)
	at com.kms.katalon.core.common.CommonExecutor.accessTestCaseMainPhase(CommonExecutor.java:65)
	at com.kms.katalon.core.main.TestSuiteExecutor.accessTestSuiteMainPhase(TestSuiteExecutor.java:150)
	at com.kms.katalon.core.main.TestSuiteExecutor.execute(TestSuiteExecutor.java:106)
	at com.kms.katalon.core.main.TestCaseMain.startTestSuite(TestCaseMain.java:180)
	at TempTestSuite1724567688775.run(TempTestSuite1724567688775.groovy:35)
	at java.base/jdk.internal.reflect.NativeMethodAccessorImpl.invoke0(Native Method)
	at java.base/jdk.internal.reflect.NativeMethodAccessorImpl.invoke(NativeMethodAccessorImpl.java:77)
	at java.base/jdk.internal.reflect.DelegatingMethodAccessorImpl.invoke(DelegatingMethodAccessorImpl.java:43)


25-08-2024T13:35:04 - [TEST_STEP][PASSED] - authorizationHeader = new com.kms.katalon.core.testobject.TestObjectProperty(Authorization, com.kms.katalon.core.testobject.ConditionType.EQUALS, (Bearer  + internal.GlobalVariable.token)): null

25-08-2024T13:35:04 - [TEST_STEP][PASSED] - projectPath = getProjectDir(): null

25-08-2024T13:35:04 - [TEST_STEP][PASSED] - filePath = projectPath + "\" + file: null

25-08-2024T13:35:04 - [TEST_STEP][PASSED] - newId = generateUUIDv4(): null

25-08-2024T13:35:04 - [TEST_STEP][PASSED] - return java.util.UUID.randomUUID().toString(): null

25-08-2024T13:35:04 - [TEST_STEP][PASSED] - req = <not implemented yet for class: org.codehaus.groovy.ast.expr.EmptyExpression>: null

25-08-2024T13:35:04 - [TEST_STEP][PASSED] - switch (no): null

25-08-2024T13:35:04 - [TEST_STEP][PASSED] - case 2:: null

25-08-2024T13:35:04 - [TEST_STEP][PASSED] - req = findTestObject("API_Send File", ["senderId":"", "groupId":groupId, "file":filePath, "id":newId]): null

25-08-2024T13:35:04 - [TEST_STEP][PASSED] - break: null

25-08-2024T13:35:04 - [TEST_STEP][PASSED] - getHttpHeaderProperties().removeIf({ -> ... }): null

25-08-2024T13:35:04 - [TEST_STEP][PASSED] - getHttpHeaderProperties().add(authorizationHeader): null

25-08-2024T13:35:04 - [TEST_STEP][PASSED] - groupId = getVariables().get("groupId"): null

25-08-2024T13:35:04 - [TEST_STEP][PASSED] - println("The groupId in the request body is: " + groupId): null

25-08-2024T13:35:04 - [TEST_STEP][PASSED] - res = sendRequest(req): Send request successfully

25-08-2024T13:35:04 - [MESSAGE][INFO] - HAR: C:\Users\fanhi\OneDrive - VNU-HCMUS\Software_Testing_subAss\HW7\Source\API_21127661\Reports\20240825_133448\TS_Send File\20240825_133448\requests\main\17.har

25-08-2024T13:35:04 - [MESSAGE][PASSED] - Send request successfully

25-08-2024T13:35:04 - [TEST_STEP][FAILED] - verifyResponseStatusCode(res, expected.intValue(), CONTINUE_ON_FAILURE): Expected status code is '400' but actual status code is '200'

25-08-2024T13:35:04 - [MESSAGE][FAILED] - Expected status code is '400' but actual status code is '200'

25-08-2024T13:35:04 - [TEST_STEP][PASSED] - responseText = res.getResponseText(): null

25-08-2024T13:35:04 - [TEST_STEP][PASSED] - if (responseText != null && !(trim().isEmpty())): Response is valid: 0f/98478059d64840a9bb5f198e7b4f60

25-08-2024T13:35:04 - [TEST_STEP][PASSED] - markPassed("Response is valid: " + responseText): Response is valid: 0f/98478059d64840a9bb5f198e7b4f60

25-08-2024T13:35:04 - [MESSAGE][PASSED] - Response is valid: 0f/98478059d64840a9bb5f198e7b4f60]]></system-out>
         <system-err><![CDATA[25-08-2024T13:35:04 - [TEST_CASE][FAILED] - Test Cases/TC_Send File_EmptyField: Test Cases/TC_Send File_EmptyField FAILED.
Reason:
com.kms.katalon.core.exception.StepFailedException: Expected status code is '400' but actual status code is '200'
	at com.kms.katalon.core.keyword.internal.KeywordMain.stepFailed(KeywordMain.groovy:39)
	at com.kms.katalon.core.webservice.keyword.builtin.VerifyResponseStatusCodeKeyword.verifyStatusCode(VerifyResponseStatusCodeKeyword.groovy:52)
	at com.kms.katalon.core.webservice.keyword.builtin.VerifyResponseStatusCodeKeyword.access$0(VerifyResponseStatusCodeKeyword.groovy)
	at com.kms.katalon.core.webservice.keyword.builtin.VerifyResponseStatusCodeKeyword$_verifyResponseStatusCode_closure1.doCall(VerifyResponseStatusCodeKeyword.groovy:42)
	at com.kms.katalon.core.webservice.keyword.builtin.VerifyResponseStatusCodeKeyword$_verifyResponseStatusCode_closure1.call(VerifyResponseStatusCodeKeyword.groovy)
	at com.kms.katalon.core.keyword.internal.KeywordMain.runKeyword(KeywordMain.groovy:75)
	at com.kms.katalon.core.webservice.keyword.builtin.VerifyResponseStatusCodeKeyword.verifyResponseStatusCode(VerifyResponseStatusCodeKeyword.groovy:37)
	at com.kms.katalon.core.webservice.keyword.builtin.VerifyResponseStatusCodeKeyword.execute(VerifyResponseStatusCodeKeyword.groovy:32)
	at com.kms.katalon.core.keyword.internal.KeywordExecutor.executeKeywordForPlatform(KeywordExecutor.groovy:74)
	at com.kms.katalon.core.webservice.keyword.WSBuiltInKeywords.verifyResponseStatusCode(WSBuiltInKeywords.groovy:331)
	at TC_Send File_EmptyField.run(TC_Send File_EmptyField:61)
	at com.kms.katalon.core.main.ScriptEngine.run(ScriptEngine.java:194)
	at com.kms.katalon.core.main.ScriptEngine.runScriptAsRawText(ScriptEngine.java:119)
	at com.kms.katalon.core.main.TestCaseExecutor.runScript(TestCaseExecutor.java:448)
	at com.kms.katalon.core.main.TestCaseExecutor.doExecute(TestCaseExecutor.java:439)
	at com.kms.katalon.core.main.TestCaseExecutor.processExecutionPhase(TestCaseExecutor.java:418)
	at com.kms.katalon.core.main.TestCaseExecutor.accessMainPhase(TestCaseExecutor.java:410)
	at com.kms.katalon.core.main.TestCaseExecutor.execute(TestCaseExecutor.java:285)
	at com.kms.katalon.core.common.CommonExecutor.accessTestCaseMainPhase(CommonExecutor.java:65)
	at com.kms.katalon.core.main.TestSuiteExecutor.accessTestSuiteMainPhase(TestSuiteExecutor.java:150)
	at com.kms.katalon.core.main.TestSuiteExecutor.execute(TestSuiteExecutor.java:106)
	at com.kms.katalon.core.main.TestCaseMain.startTestSuite(TestCaseMain.java:180)
	at TempTestSuite1724567688775.run(TempTestSuite1724567688775.groovy:35)
	at java.base/jdk.internal.reflect.NativeMethodAccessorImpl.invoke0(Native Method)
	at java.base/jdk.internal.reflect.NativeMethodAccessorImpl.invoke(NativeMethodAccessorImpl.java:77)
	at java.base/jdk.internal.reflect.DelegatingMethodAccessorImpl.invoke(DelegatingMethodAccessorImpl.java:43)]]></system-err>
      </testcase>
      <testcase name="Test Cases/TC_Send File_EmptyField" time="0.058" classname="Test Cases/TC_Send File_EmptyField" status="PASSED">
         <system-out><![CDATA[25-08-2024T13:35:05 - [TEST_CASE][PASSED] - Test Cases/TC_Send File_EmptyField: Test Cases/TC_Send File_EmptyField

25-08-2024T13:35:05 - [TEST_STEP][PASSED] - authorizationHeader = new com.kms.katalon.core.testobject.TestObjectProperty(Authorization, com.kms.katalon.core.testobject.ConditionType.EQUALS, (Bearer  + internal.GlobalVariable.token)): null

25-08-2024T13:35:05 - [TEST_STEP][PASSED] - projectPath = getProjectDir(): null

25-08-2024T13:35:05 - [TEST_STEP][PASSED] - filePath = projectPath + "\" + file: null

25-08-2024T13:35:05 - [TEST_STEP][PASSED] - newId = generateUUIDv4(): null

25-08-2024T13:35:05 - [TEST_STEP][PASSED] - return java.util.UUID.randomUUID().toString(): null

25-08-2024T13:35:05 - [TEST_STEP][PASSED] - req = <not implemented yet for class: org.codehaus.groovy.ast.expr.EmptyExpression>: null

25-08-2024T13:35:05 - [TEST_STEP][PASSED] - switch (no): null

25-08-2024T13:35:05 - [TEST_STEP][PASSED] - case 3:: null

25-08-2024T13:35:05 - [TEST_STEP][PASSED] - req = findTestObject("API_Send File", ["senderId":myId, "groupId":"", "file":filePath, "id":newId]): null

25-08-2024T13:35:05 - [TEST_STEP][PASSED] - break: null

25-08-2024T13:35:05 - [TEST_STEP][PASSED] - getHttpHeaderProperties().removeIf({ -> ... }): null

25-08-2024T13:35:05 - [TEST_STEP][PASSED] - getHttpHeaderProperties().add(authorizationHeader): null

25-08-2024T13:35:05 - [TEST_STEP][PASSED] - groupId = getVariables().get("groupId"): null

25-08-2024T13:35:05 - [TEST_STEP][PASSED] - println("The groupId in the request body is: " + groupId): null

25-08-2024T13:35:05 - [TEST_STEP][PASSED] - res = sendRequest(req): Send request successfully

25-08-2024T13:35:05 - [MESSAGE][INFO] - HAR: C:\Users\fanhi\OneDrive - VNU-HCMUS\Software_Testing_subAss\HW7\Source\API_21127661\Reports\20240825_133448\TS_Send File\20240825_133448\requests\main\18.har

25-08-2024T13:35:05 - [MESSAGE][PASSED] - Send request successfully

25-08-2024T13:35:05 - [TEST_STEP][PASSED] - verifyResponseStatusCode(res, expected.intValue(), CONTINUE_ON_FAILURE): Verify response status code successfully

25-08-2024T13:35:05 - [MESSAGE][PASSED] - Verify response status code successfully

25-08-2024T13:35:05 - [TEST_STEP][PASSED] - responseText = res.getResponseText(): null

25-08-2024T13:35:05 - [TEST_STEP][PASSED] - if (responseText != null && !(trim().isEmpty())): Response is valid: {"type":"DomainException","title":"Channel not found","status":400,"detail":null,"instance":"/api/messages/file","properties":null}

25-08-2024T13:35:05 - [TEST_STEP][PASSED] - markPassed("Response is valid: " + responseText): Response is valid: {"type":"DomainException","title":"Channel not found","status":400,"detail":null,"instance":"/api/messages/file","properties":null}

25-08-2024T13:35:05 - [MESSAGE][PASSED] - Response is valid: {"type":"DomainException","title":"Channel not found","status":400,"detail":null,"instance":"/api/messages/file","properties":null}]]></system-out>
         <system-err><![CDATA[]]></system-err>
      </testcase>
      <testcase name="Test Cases/TC_Send File_Authorization" time="0.199" classname="Test Cases/TC_Send File_Authorization" status="PASSED">
         <system-out><![CDATA[25-08-2024T13:35:05 - [TEST_CASE][PASSED] - Test Cases/TC_Send File_Authorization: Test Cases/TC_Send File_Authorization

25-08-2024T13:35:05 - [TEST_STEP][PASSED] - tokenValue = "": null

25-08-2024T13:35:05 - [TEST_STEP][PASSED] - if (tokenState == "empty"): null

25-08-2024T13:35:05 - [TEST_STEP][PASSED] - tokenValue = "": null

25-08-2024T13:35:05 - [TEST_STEP][PASSED] - projectPath = getProjectDir(): null

25-08-2024T13:35:05 - [TEST_STEP][PASSED] - filePath = projectPath + "\" + file: null

25-08-2024T13:35:05 - [TEST_STEP][PASSED] - authorizationHeader = new com.kms.katalon.core.testobject.TestObjectProperty(Authorization, com.kms.katalon.core.testobject.ConditionType.EQUALS, tokenValue): null

25-08-2024T13:35:05 - [TEST_STEP][PASSED] - newId = generateUUIDv4(): null

25-08-2024T13:35:05 - [TEST_STEP][PASSED] - return java.util.UUID.randomUUID().toString(): null

25-08-2024T13:35:05 - [TEST_STEP][PASSED] - req = findTestObject("API_Send File", ["senderId":myId, "groupId":groupId, "file":filePath, "id":newId]): null

25-08-2024T13:35:05 - [TEST_STEP][PASSED] - getHttpHeaderProperties().removeIf({ -> ... }): null

25-08-2024T13:35:05 - [TEST_STEP][PASSED] - getHttpHeaderProperties().add(authorizationHeader): null

25-08-2024T13:35:05 - [TEST_STEP][PASSED] - res = sendRequest(req): Send request successfully

25-08-2024T13:35:05 - [MESSAGE][INFO] - HAR: C:\Users\fanhi\OneDrive - VNU-HCMUS\Software_Testing_subAss\HW7\Source\API_21127661\Reports\20240825_133448\TS_Send File\20240825_133448\requests\main\19.har

25-08-2024T13:35:05 - [MESSAGE][PASSED] - Send request successfully

25-08-2024T13:35:05 - [TEST_STEP][PASSED] - verifyResponseStatusCode(res, expected.intValue(), CONTINUE_ON_FAILURE): Verify response status code successfully

25-08-2024T13:35:05 - [MESSAGE][PASSED] - Verify response status code successfully]]></system-out>
         <system-err><![CDATA[]]></system-err>
      </testcase>
      <testcase name="Test Cases/TC_Send File_Authorization" time="0.042" classname="Test Cases/TC_Send File_Authorization" status="PASSED">
         <system-out><![CDATA[25-08-2024T13:35:05 - [TEST_CASE][PASSED] - Test Cases/TC_Send File_Authorization: Test Cases/TC_Send File_Authorization

25-08-2024T13:35:05 - [TEST_STEP][PASSED] - tokenValue = "": null

25-08-2024T13:35:05 - [TEST_STEP][PASSED] - if (tokenState == "empty"): null

25-08-2024T13:35:05 - [TEST_STEP][PASSED] - else if (tokenState == "incorrect"): null

25-08-2024T13:35:05 - [TEST_STEP][PASSED] - tokenValue = "Bearer incorrect_token": null

25-08-2024T13:35:05 - [TEST_STEP][PASSED] - projectPath = getProjectDir(): null

25-08-2024T13:35:05 - [TEST_STEP][PASSED] - filePath = projectPath + "\" + file: null

25-08-2024T13:35:05 - [TEST_STEP][PASSED] - authorizationHeader = new com.kms.katalon.core.testobject.TestObjectProperty(Authorization, com.kms.katalon.core.testobject.ConditionType.EQUALS, tokenValue): null

25-08-2024T13:35:05 - [TEST_STEP][PASSED] - newId = generateUUIDv4(): null

25-08-2024T13:35:05 - [TEST_STEP][PASSED] - return java.util.UUID.randomUUID().toString(): null

25-08-2024T13:35:05 - [TEST_STEP][PASSED] - req = findTestObject("API_Send File", ["senderId":myId, "groupId":groupId, "file":filePath, "id":newId]): null

25-08-2024T13:35:05 - [TEST_STEP][PASSED] - getHttpHeaderProperties().removeIf({ -> ... }): null

25-08-2024T13:35:05 - [TEST_STEP][PASSED] - getHttpHeaderProperties().add(authorizationHeader): null

25-08-2024T13:35:05 - [TEST_STEP][PASSED] - res = sendRequest(req): Send request successfully

25-08-2024T13:35:05 - [MESSAGE][INFO] - HAR: C:\Users\fanhi\OneDrive - VNU-HCMUS\Software_Testing_subAss\HW7\Source\API_21127661\Reports\20240825_133448\TS_Send File\20240825_133448\requests\main\20.har

25-08-2024T13:35:05 - [MESSAGE][PASSED] - Send request successfully

25-08-2024T13:35:05 - [TEST_STEP][PASSED] - verifyResponseStatusCode(res, expected.intValue(), CONTINUE_ON_FAILURE): Verify response status code successfully

25-08-2024T13:35:05 - [MESSAGE][PASSED] - Verify response status code successfully]]></system-out>
         <system-err><![CDATA[]]></system-err>
      </testcase>
      <system-out><![CDATA[25-08-2024T13:34:55 - [TEST_SUITE][FAILED] - TS_Send File: Test Cases/TC_Send File FAILED.
Reason:
com.kms.katalon.core.exception.StepFailedException: Expected status code is '415' but actual status code is '200'
	at com.kms.katalon.core.keyword.internal.KeywordMain.stepFailed(KeywordMain.groovy:39)
	at com.kms.katalon.core.webservice.keyword.builtin.VerifyResponseStatusCodeKeyword.verifyStatusCode(VerifyResponseStatusCodeKeyword.groovy:52)
	at com.kms.katalon.core.webservice.keyword.builtin.VerifyResponseStatusCodeKeyword.access$0(VerifyResponseStatusCodeKeyword.groovy)
	at com.kms.katalon.core.webservice.keyword.builtin.VerifyResponseStatusCodeKeyword$_verifyResponseStatusCode_closure1.doCall(VerifyResponseStatusCodeKeyword.groovy:42)
	at com.kms.katalon.core.webservice.keyword.builtin.VerifyResponseStatusCodeKeyword$_verifyResponseStatusCode_closure1.call(VerifyResponseStatusCodeKeyword.groovy)
	at com.kms.katalon.core.keyword.internal.KeywordMain.runKeyword(KeywordMain.groovy:75)
	at com.kms.katalon.core.webservice.keyword.builtin.VerifyResponseStatusCodeKeyword.verifyResponseStatusCode(VerifyResponseStatusCodeKeyword.groovy:37)
	at com.kms.katalon.core.webservice.keyword.builtin.VerifyResponseStatusCodeKeyword.execute(VerifyResponseStatusCodeKeyword.groovy:32)
	at com.kms.katalon.core.keyword.internal.KeywordExecutor.executeKeywordForPlatform(KeywordExecutor.groovy:74)
	at com.kms.katalon.core.webservice.keyword.WSBuiltInKeywords.verifyResponseStatusCode(WSBuiltInKeywords.groovy:331)
	at TC_Send File.run(TC_Send File:48)
	at com.kms.katalon.core.main.ScriptEngine.run(ScriptEngine.java:194)
	at com.kms.katalon.core.main.ScriptEngine.runScriptAsRawText(ScriptEngine.java:119)
	at com.kms.katalon.core.main.TestCaseExecutor.runScript(TestCaseExecutor.java:448)
	at com.kms.katalon.core.main.TestCaseExecutor.doExecute(TestCaseExecutor.java:439)
	at com.kms.katalon.core.main.TestCaseExecutor.processExecutionPhase(TestCaseExecutor.java:418)
	at com.kms.katalon.core.main.TestCaseExecutor.accessMainPhase(TestCaseExecutor.java:410)
	at com.kms.katalon.core.main.TestCaseExecutor.execute(TestCaseExecutor.java:285)
	at com.kms.katalon.core.common.CommonExecutor.accessTestCaseMainPhase(CommonExecutor.java:65)
	at com.kms.katalon.core.main.TestSuiteExecutor.accessTestSuiteMainPhase(TestSuiteExecutor.java:150)
	at com.kms.katalon.core.main.TestSuiteExecutor.execute(TestSuiteExecutor.java:106)
	at com.kms.katalon.core.main.TestCaseMain.startTestSuite(TestCaseMain.java:180)
	at TempTestSuite1724567688775.run(TempTestSuite1724567688775.groovy:35)
	at java.base/jdk.internal.reflect.NativeMethodAccessorImpl.invoke0(Native Method)
	at java.base/jdk.internal.reflect.NativeMethodAccessorImpl.invoke(NativeMethodAccessorImpl.java:77)
	at java.base/jdk.internal.reflect.DelegatingMethodAccessorImpl.invoke(DelegatingMethodAccessorImpl.java:43)]]></system-out>
      <system-err><![CDATA[25-08-2024T13:34:55 - [TEST_SUITE][FAILED] - TS_Send File: Test Cases/TC_Send File FAILED.
Reason:
com.kms.katalon.core.exception.StepFailedException: Expected status code is '415' but actual status code is '200'
	at com.kms.katalon.core.keyword.internal.KeywordMain.stepFailed(KeywordMain.groovy:39)
	at com.kms.katalon.core.webservice.keyword.builtin.VerifyResponseStatusCodeKeyword.verifyStatusCode(VerifyResponseStatusCodeKeyword.groovy:52)
	at com.kms.katalon.core.webservice.keyword.builtin.VerifyResponseStatusCodeKeyword.access$0(VerifyResponseStatusCodeKeyword.groovy)
	at com.kms.katalon.core.webservice.keyword.builtin.VerifyResponseStatusCodeKeyword$_verifyResponseStatusCode_closure1.doCall(VerifyResponseStatusCodeKeyword.groovy:42)
	at com.kms.katalon.core.webservice.keyword.builtin.VerifyResponseStatusCodeKeyword$_verifyResponseStatusCode_closure1.call(VerifyResponseStatusCodeKeyword.groovy)
	at com.kms.katalon.core.keyword.internal.KeywordMain.runKeyword(KeywordMain.groovy:75)
	at com.kms.katalon.core.webservice.keyword.builtin.VerifyResponseStatusCodeKeyword.verifyResponseStatusCode(VerifyResponseStatusCodeKeyword.groovy:37)
	at com.kms.katalon.core.webservice.keyword.builtin.VerifyResponseStatusCodeKeyword.execute(VerifyResponseStatusCodeKeyword.groovy:32)
	at com.kms.katalon.core.keyword.internal.KeywordExecutor.executeKeywordForPlatform(KeywordExecutor.groovy:74)
	at com.kms.katalon.core.webservice.keyword.WSBuiltInKeywords.verifyResponseStatusCode(WSBuiltInKeywords.groovy:331)
	at TC_Send File.run(TC_Send File:48)
	at com.kms.katalon.core.main.ScriptEngine.run(ScriptEngine.java:194)
	at com.kms.katalon.core.main.ScriptEngine.runScriptAsRawText(ScriptEngine.java:119)
	at com.kms.katalon.core.main.TestCaseExecutor.runScript(TestCaseExecutor.java:448)
	at com.kms.katalon.core.main.TestCaseExecutor.doExecute(TestCaseExecutor.java:439)
	at com.kms.katalon.core.main.TestCaseExecutor.processExecutionPhase(TestCaseExecutor.java:418)
	at com.kms.katalon.core.main.TestCaseExecutor.accessMainPhase(TestCaseExecutor.java:410)
	at com.kms.katalon.core.main.TestCaseExecutor.execute(TestCaseExecutor.java:285)
	at com.kms.katalon.core.common.CommonExecutor.accessTestCaseMainPhase(CommonExecutor.java:65)
	at com.kms.katalon.core.main.TestSuiteExecutor.accessTestSuiteMainPhase(TestSuiteExecutor.java:150)
	at com.kms.katalon.core.main.TestSuiteExecutor.execute(TestSuiteExecutor.java:106)
	at com.kms.katalon.core.main.TestCaseMain.startTestSuite(TestCaseMain.java:180)
	at TempTestSuite1724567688775.run(TempTestSuite1724567688775.groovy:35)
	at java.base/jdk.internal.reflect.NativeMethodAccessorImpl.invoke0(Native Method)
	at java.base/jdk.internal.reflect.NativeMethodAccessorImpl.invoke(NativeMethodAccessorImpl.java:77)
	at java.base/jdk.internal.reflect.DelegatingMethodAccessorImpl.invoke(DelegatingMethodAccessorImpl.java:43)]]></system-err>
   </testsuite>
</testsuites>
