<?xml version="1.0" encoding="UTF-8"?>
<testsuites name="TS_Create Note" time="5.624" tests="13" failures="0" errors="0">
   <testsuite name="TS_Create Note" tests="13" failures="0" errors="0" time="5.624" skipped="0" timestamp="25-08-2024T14:31:23" hostname="fanhi - jippo" id="Test Suites/TS_Create Note">
      <properties>
         <property name="deviceName" value=""/>
         <property name="devicePlatform"/>
         <property name="logFolder" value="C:\\Users\\fanhi\\OneDrive - VNU-HCMUS\\Software_Testing_subAss\\HW7\\Source\\API_21127661\\Reports\\20240825_143116\\TS_Create Note\\20240825_143116"/>
         <property name="logFiles" value="C:\\Users\\fanhi\\OneDrive - VNU-HCMUS\\Software_Testing_subAss\\HW7\\Source\\API_21127661\\Reports\\20240825_143116\\TS_Create Note\\20240825_143116\\execution0.log"/>
         <property name="attachments" value=""/>
         <property name="hostName" value="fanhi - jippo"/>
         <property name="hostAddress" value="172.16.1.234"/>
         <property name="os" value="Windows 11 64bit"/>
         <property name="katalonVersion" value="9.6.0.217"/>
      </properties>
      <testcase name="Test Cases/TC_Create Note" time="2.991" classname="Test Cases/TC_Create Note" status="PASSED">
         <system-out><![CDATA[25-08-2024T14:31:23 - [TEST_CASE][PASSED] - Test Cases/TC_Create Note: Test Cases/TC_Create Note

25-08-2024T14:31:24 - [TEST_STEP][PASSED] - authorizationHeader = new com.kms.katalon.core.testobject.TestObjectProperty(Authorization, com.kms.katalon.core.testobject.ConditionType.EQUALS, (Bearer  + internal.GlobalVariable.token)): null

25-08-2024T14:31:24 - [TEST_STEP][PASSED] - req = findTestObject("API_Create Note", ["title":title, "content":content, "userIds":userIds]): null

25-08-2024T14:31:24 - [TEST_STEP][PASSED] - getHttpHeaderProperties().removeIf({ -> ... }): null

25-08-2024T14:31:24 - [TEST_STEP][PASSED] - getHttpHeaderProperties().add(authorizationHeader): null

25-08-2024T14:31:24 - [TEST_STEP][PASSED] - res = sendRequest(req): Send request successfully

25-08-2024T14:31:26 - [MESSAGE][INFO] - HAR: C:\Users\fanhi\OneDrive - VNU-HCMUS\Software_Testing_subAss\HW7\Source\API_21127661\Reports\20240825_143116\TS_Create Note\20240825_143116\requests\main\0.har

25-08-2024T14:31:26 - [MESSAGE][PASSED] - Send request successfully

25-08-2024T14:31:26 - [TEST_STEP][PASSED] - verifyResponseStatusCode(res, expected.intValue(), CONTINUE_ON_FAILURE): Verify response status code successfully

25-08-2024T14:31:26 - [MESSAGE][PASSED] - Verify response status code successfully

25-08-2024T14:31:26 - [TEST_STEP][PASSED] - verifyElementPropertyValue(res, "title", title, CONTINUE_ON_FAILURE): Verify element property value successfully

25-08-2024T14:31:26 - [MESSAGE][PASSED] - Verify element property value successfully

25-08-2024T14:31:26 - [TEST_STEP][PASSED] - verifyElementPropertyValue(res, "content", content, CONTINUE_ON_FAILURE): Verify element property value successfully

25-08-2024T14:31:26 - [MESSAGE][PASSED] - Verify element property value successfully

25-08-2024T14:31:26 - [TEST_STEP][PASSED] - users = getElementPropertyValue(res, "users", CONTINUE_ON_FAILURE): null

25-08-2024T14:31:26 - [TEST_STEP][PASSED] - users = users.sort({ java.lang.Object user -> ... }): null

25-08-2024T14:31:26 - [TEST_STEP][PASSED] - userIdList =  }).sort(): null

25-08-2024T14:31:26 - [TEST_STEP][PASSED] - for ([i = 0, i < userIdList.size(), (i++)]): null

25-08-2024T14:31:26 - [TEST_STEP][PASSED] - try: null

25-08-2024T14:31:26 - [TEST_STEP][PASSED] - userId = id: null

25-08-2024T14:31:26 - [TEST_STEP][PASSED] - assert userId == userIdList[i]: null

25-08-2024T14:31:26 - [TEST_STEP][PASSED] - try: null

25-08-2024T14:31:26 - [TEST_STEP][PASSED] - userId = id: null

25-08-2024T14:31:26 - [TEST_STEP][PASSED] - assert userId == userIdList[i]: null]]></system-out>
         <system-err><![CDATA[]]></system-err>
      </testcase>
      <testcase name="Test Cases/TC_Create Note" time="0.211" classname="Test Cases/TC_Create Note" status="PASSED">
         <system-out><![CDATA[25-08-2024T14:31:26 - [TEST_CASE][PASSED] - Test Cases/TC_Create Note: Test Cases/TC_Create Note

25-08-2024T14:31:26 - [TEST_STEP][PASSED] - authorizationHeader = new com.kms.katalon.core.testobject.TestObjectProperty(Authorization, com.kms.katalon.core.testobject.ConditionType.EQUALS, (Bearer  + internal.GlobalVariable.token)): null

25-08-2024T14:31:26 - [TEST_STEP][PASSED] - req = findTestObject("API_Create Note", ["title":title, "content":content, "userIds":userIds]): null

25-08-2024T14:31:26 - [TEST_STEP][PASSED] - getHttpHeaderProperties().removeIf({ -> ... }): null

25-08-2024T14:31:26 - [TEST_STEP][PASSED] - getHttpHeaderProperties().add(authorizationHeader): null

25-08-2024T14:31:26 - [TEST_STEP][PASSED] - res = sendRequest(req): Send request successfully

25-08-2024T14:31:26 - [MESSAGE][INFO] - HAR: C:\Users\fanhi\OneDrive - VNU-HCMUS\Software_Testing_subAss\HW7\Source\API_21127661\Reports\20240825_143116\TS_Create Note\20240825_143116\requests\main\1.har

25-08-2024T14:31:26 - [MESSAGE][PASSED] - Send request successfully

25-08-2024T14:31:26 - [TEST_STEP][PASSED] - verifyResponseStatusCode(res, expected.intValue(), CONTINUE_ON_FAILURE): Verify response status code successfully

25-08-2024T14:31:26 - [MESSAGE][PASSED] - Verify response status code successfully

25-08-2024T14:31:26 - [TEST_STEP][PASSED] - verifyElementPropertyValue(res, "title", title, CONTINUE_ON_FAILURE): Verify element property value successfully

25-08-2024T14:31:26 - [MESSAGE][PASSED] - Verify element property value successfully

25-08-2024T14:31:26 - [TEST_STEP][PASSED] - verifyElementPropertyValue(res, "content", content, CONTINUE_ON_FAILURE): Verify element property value successfully

25-08-2024T14:31:26 - [MESSAGE][PASSED] - Verify element property value successfully

25-08-2024T14:31:26 - [TEST_STEP][PASSED] - users = getElementPropertyValue(res, "users", CONTINUE_ON_FAILURE): null

25-08-2024T14:31:26 - [TEST_STEP][PASSED] - users = users.sort({ java.lang.Object user -> ... }): null

25-08-2024T14:31:26 - [TEST_STEP][PASSED] - userIdList =  }).sort(): null

25-08-2024T14:31:26 - [TEST_STEP][PASSED] - for ([i = 0, i < userIdList.size(), (i++)]): null

25-08-2024T14:31:26 - [TEST_STEP][PASSED] - try: null

25-08-2024T14:31:26 - [TEST_STEP][PASSED] - userId = id: null

25-08-2024T14:31:26 - [TEST_STEP][PASSED] - assert userId == userIdList[i]: null

25-08-2024T14:31:26 - [TEST_STEP][PASSED] - try: null

25-08-2024T14:31:26 - [TEST_STEP][PASSED] - userId = id: null

25-08-2024T14:31:26 - [TEST_STEP][PASSED] - assert userId == userIdList[i]: null]]></system-out>
         <system-err><![CDATA[]]></system-err>
      </testcase>
      <testcase name="Test Cases/TC_Create Note" time="0.207" classname="Test Cases/TC_Create Note" status="PASSED">
         <system-out><![CDATA[25-08-2024T14:31:26 - [TEST_CASE][PASSED] - Test Cases/TC_Create Note: Test Cases/TC_Create Note

25-08-2024T14:31:27 - [TEST_STEP][PASSED] - authorizationHeader = new com.kms.katalon.core.testobject.TestObjectProperty(Authorization, com.kms.katalon.core.testobject.ConditionType.EQUALS, (Bearer  + internal.GlobalVariable.token)): null

25-08-2024T14:31:27 - [TEST_STEP][PASSED] - req = findTestObject("API_Create Note", ["title":title, "content":content, "userIds":userIds]): null

25-08-2024T14:31:27 - [TEST_STEP][PASSED] - getHttpHeaderProperties().removeIf({ -> ... }): null

25-08-2024T14:31:27 - [TEST_STEP][PASSED] - getHttpHeaderProperties().add(authorizationHeader): null

25-08-2024T14:31:27 - [TEST_STEP][PASSED] - res = sendRequest(req): Send request successfully

25-08-2024T14:31:27 - [MESSAGE][INFO] - HAR: C:\Users\fanhi\OneDrive - VNU-HCMUS\Software_Testing_subAss\HW7\Source\API_21127661\Reports\20240825_143116\TS_Create Note\20240825_143116\requests\main\2.har

25-08-2024T14:31:27 - [MESSAGE][PASSED] - Send request successfully

25-08-2024T14:31:27 - [TEST_STEP][PASSED] - verifyResponseStatusCode(res, expected.intValue(), CONTINUE_ON_FAILURE): Verify response status code successfully

25-08-2024T14:31:27 - [MESSAGE][PASSED] - Verify response status code successfully

25-08-2024T14:31:27 - [TEST_STEP][PASSED] - verifyElementPropertyValue(res, "title", title, CONTINUE_ON_FAILURE): Verify element property value successfully

25-08-2024T14:31:27 - [MESSAGE][PASSED] - Verify element property value successfully

25-08-2024T14:31:27 - [TEST_STEP][PASSED] - verifyElementPropertyValue(res, "content", content, CONTINUE_ON_FAILURE): Verify element property value successfully

25-08-2024T14:31:27 - [MESSAGE][PASSED] - Verify element property value successfully

25-08-2024T14:31:27 - [TEST_STEP][PASSED] - users = getElementPropertyValue(res, "users", CONTINUE_ON_FAILURE): null

25-08-2024T14:31:27 - [TEST_STEP][PASSED] - users = users.sort({ java.lang.Object user -> ... }): null

25-08-2024T14:31:27 - [TEST_STEP][PASSED] - userIdList =  }).sort(): null

25-08-2024T14:31:27 - [TEST_STEP][PASSED] - for ([i = 0, i < userIdList.size(), (i++)]): null

25-08-2024T14:31:27 - [TEST_STEP][PASSED] - try: null

25-08-2024T14:31:27 - [TEST_STEP][PASSED] - userId = id: null

25-08-2024T14:31:27 - [TEST_STEP][PASSED] - assert userId == userIdList[i]: null

25-08-2024T14:31:27 - [TEST_STEP][PASSED] - try: null

25-08-2024T14:31:27 - [TEST_STEP][PASSED] - userId = id: null

25-08-2024T14:31:27 - [TEST_STEP][PASSED] - assert userId == userIdList[i]: null]]></system-out>
         <system-err><![CDATA[]]></system-err>
      </testcase>
      <testcase name="Test Cases/TC_Create Note" time="0.178" classname="Test Cases/TC_Create Note" status="PASSED">
         <system-out><![CDATA[25-08-2024T14:31:27 - [TEST_CASE][PASSED] - Test Cases/TC_Create Note: Test Cases/TC_Create Note

25-08-2024T14:31:27 - [TEST_STEP][PASSED] - authorizationHeader = new com.kms.katalon.core.testobject.TestObjectProperty(Authorization, com.kms.katalon.core.testobject.ConditionType.EQUALS, (Bearer  + internal.GlobalVariable.token)): null

25-08-2024T14:31:27 - [TEST_STEP][PASSED] - req = findTestObject("API_Create Note", ["title":title, "content":content, "userIds":userIds]): null

25-08-2024T14:31:27 - [TEST_STEP][PASSED] - getHttpHeaderProperties().removeIf({ -> ... }): null

25-08-2024T14:31:27 - [TEST_STEP][PASSED] - getHttpHeaderProperties().add(authorizationHeader): null

25-08-2024T14:31:27 - [TEST_STEP][PASSED] - res = sendRequest(req): Send request successfully

25-08-2024T14:31:27 - [MESSAGE][INFO] - HAR: C:\Users\fanhi\OneDrive - VNU-HCMUS\Software_Testing_subAss\HW7\Source\API_21127661\Reports\20240825_143116\TS_Create Note\20240825_143116\requests\main\3.har

25-08-2024T14:31:27 - [MESSAGE][PASSED] - Send request successfully

25-08-2024T14:31:27 - [TEST_STEP][PASSED] - verifyResponseStatusCode(res, expected.intValue(), CONTINUE_ON_FAILURE): Verify response status code successfully

25-08-2024T14:31:27 - [MESSAGE][PASSED] - Verify response status code successfully

25-08-2024T14:31:27 - [TEST_STEP][PASSED] - verifyElementPropertyValue(res, "title", title, CONTINUE_ON_FAILURE): Verify element property value successfully

25-08-2024T14:31:27 - [MESSAGE][PASSED] - Verify element property value successfully

25-08-2024T14:31:27 - [TEST_STEP][PASSED] - verifyElementPropertyValue(res, "content", content, CONTINUE_ON_FAILURE): Verify element property value successfully

25-08-2024T14:31:27 - [MESSAGE][PASSED] - Verify element property value successfully

25-08-2024T14:31:27 - [TEST_STEP][PASSED] - users = getElementPropertyValue(res, "users", CONTINUE_ON_FAILURE): null

25-08-2024T14:31:27 - [TEST_STEP][PASSED] - users = users.sort({ java.lang.Object user -> ... }): null

25-08-2024T14:31:27 - [TEST_STEP][PASSED] - userIdList =  }).sort(): null

25-08-2024T14:31:27 - [TEST_STEP][PASSED] - for ([i = 0, i < userIdList.size(), (i++)]): null

25-08-2024T14:31:27 - [TEST_STEP][PASSED] - try: null

25-08-2024T14:31:27 - [TEST_STEP][PASSED] - userId = id: null

25-08-2024T14:31:27 - [TEST_STEP][PASSED] - assert userId == userIdList[i]: null]]></system-out>
         <system-err><![CDATA[]]></system-err>
      </testcase>
      <testcase name="Test Cases/TC_Create Note_ErrorFields" time="0.339" classname="Test Cases/TC_Create Note_ErrorFields" status="PASSED">
         <system-out><![CDATA[25-08-2024T14:31:27 - [TEST_CASE][PASSED] - Test Cases/TC_Create Note_ErrorFields: Test Cases/TC_Create Note_ErrorFields

25-08-2024T14:31:27 - [TEST_STEP][PASSED] - authorizationHeader = new com.kms.katalon.core.testobject.TestObjectProperty(Authorization, com.kms.katalon.core.testobject.ConditionType.EQUALS, (Bearer  + internal.GlobalVariable.token)): null

25-08-2024T14:31:27 - [TEST_STEP][PASSED] - req = findTestObject("API_Create Note", ["title":title, "content":content, "userIds":userIds]): null

25-08-2024T14:31:27 - [TEST_STEP][PASSED] - getHttpHeaderProperties().removeIf({ -> ... }): null

25-08-2024T14:31:27 - [TEST_STEP][PASSED] - getHttpHeaderProperties().add(authorizationHeader): null

25-08-2024T14:31:27 - [TEST_STEP][PASSED] - res = sendRequest(req): Send request successfully

25-08-2024T14:31:27 - [MESSAGE][INFO] - HAR: C:\Users\fanhi\OneDrive - VNU-HCMUS\Software_Testing_subAss\HW7\Source\API_21127661\Reports\20240825_143116\TS_Create Note\20240825_143116\requests\main\4.har

25-08-2024T14:31:27 - [MESSAGE][PASSED] - Send request successfully

25-08-2024T14:31:27 - [TEST_STEP][PASSED] - verifyResponseStatusCode(res, expected.intValue(), CONTINUE_ON_FAILURE): Verify response status code successfully

25-08-2024T14:31:27 - [MESSAGE][PASSED] - Verify response status code successfully

25-08-2024T14:31:27 - [TEST_STEP][PASSED] - if (expected.intValue() != 403): null

25-08-2024T14:31:27 - [TEST_STEP][PASSED] - errorField = getElementPropertyValue(res, "properties.errors[0].field", CONTINUE_ON_FAILURE): null

25-08-2024T14:31:27 - [TEST_STEP][PASSED] - if (title == ""): null

25-08-2024T14:31:27 - [TEST_STEP][PASSED] - assert errorField == "title": null]]></system-out>
         <system-err><![CDATA[]]></system-err>
      </testcase>
      <testcase name="Test Cases/TC_Create Note_ErrorFields" time="0.078" classname="Test Cases/TC_Create Note_ErrorFields" status="PASSED">
         <system-out><![CDATA[25-08-2024T14:31:27 - [TEST_CASE][PASSED] - Test Cases/TC_Create Note_ErrorFields: Test Cases/TC_Create Note_ErrorFields

25-08-2024T14:31:27 - [TEST_STEP][PASSED] - authorizationHeader = new com.kms.katalon.core.testobject.TestObjectProperty(Authorization, com.kms.katalon.core.testobject.ConditionType.EQUALS, (Bearer  + internal.GlobalVariable.token)): null

25-08-2024T14:31:27 - [TEST_STEP][PASSED] - req = findTestObject("API_Create Note", ["title":title, "content":content, "userIds":userIds]): null

25-08-2024T14:31:27 - [TEST_STEP][PASSED] - getHttpHeaderProperties().removeIf({ -> ... }): null

25-08-2024T14:31:27 - [TEST_STEP][PASSED] - getHttpHeaderProperties().add(authorizationHeader): null

25-08-2024T14:31:27 - [TEST_STEP][PASSED] - res = sendRequest(req): Send request successfully

25-08-2024T14:31:27 - [MESSAGE][INFO] - HAR: C:\Users\fanhi\OneDrive - VNU-HCMUS\Software_Testing_subAss\HW7\Source\API_21127661\Reports\20240825_143116\TS_Create Note\20240825_143116\requests\main\5.har

25-08-2024T14:31:27 - [MESSAGE][PASSED] - Send request successfully

25-08-2024T14:31:27 - [TEST_STEP][PASSED] - verifyResponseStatusCode(res, expected.intValue(), CONTINUE_ON_FAILURE): Verify response status code successfully

25-08-2024T14:31:27 - [MESSAGE][PASSED] - Verify response status code successfully

25-08-2024T14:31:27 - [TEST_STEP][PASSED] - if (expected.intValue() != 403): null

25-08-2024T14:31:27 - [TEST_STEP][PASSED] - errorField = getElementPropertyValue(res, "properties.errors[0].field", CONTINUE_ON_FAILURE): null

25-08-2024T14:31:27 - [TEST_STEP][PASSED] - if (title == ""): null

25-08-2024T14:31:27 - [TEST_STEP][PASSED] - else if (content == ""): null

25-08-2024T14:31:27 - [TEST_STEP][PASSED] - assert errorField == "content": null]]></system-out>
         <system-err><![CDATA[]]></system-err>
      </testcase>
      <testcase name="Test Cases/TC_Create Note_ErrorFields" time="0.065" classname="Test Cases/TC_Create Note_ErrorFields" status="PASSED">
         <system-out><![CDATA[25-08-2024T14:31:27 - [TEST_CASE][PASSED] - Test Cases/TC_Create Note_ErrorFields: Test Cases/TC_Create Note_ErrorFields

25-08-2024T14:31:27 - [TEST_STEP][PASSED] - authorizationHeader = new com.kms.katalon.core.testobject.TestObjectProperty(Authorization, com.kms.katalon.core.testobject.ConditionType.EQUALS, (Bearer  + internal.GlobalVariable.token)): null

25-08-2024T14:31:27 - [TEST_STEP][PASSED] - req = findTestObject("API_Create Note", ["title":title, "content":content, "userIds":userIds]): null

25-08-2024T14:31:27 - [TEST_STEP][PASSED] - getHttpHeaderProperties().removeIf({ -> ... }): null

25-08-2024T14:31:27 - [TEST_STEP][PASSED] - getHttpHeaderProperties().add(authorizationHeader): null

25-08-2024T14:31:27 - [TEST_STEP][PASSED] - res = sendRequest(req): Send request successfully

25-08-2024T14:31:27 - [MESSAGE][INFO] - HAR: C:\Users\fanhi\OneDrive - VNU-HCMUS\Software_Testing_subAss\HW7\Source\API_21127661\Reports\20240825_143116\TS_Create Note\20240825_143116\requests\main\6.har

25-08-2024T14:31:27 - [MESSAGE][PASSED] - Send request successfully

25-08-2024T14:31:27 - [TEST_STEP][PASSED] - verifyResponseStatusCode(res, expected.intValue(), CONTINUE_ON_FAILURE): Verify response status code successfully

25-08-2024T14:31:27 - [MESSAGE][PASSED] - Verify response status code successfully

25-08-2024T14:31:27 - [TEST_STEP][PASSED] - if (expected.intValue() != 403): null

25-08-2024T14:31:27 - [TEST_STEP][PASSED] - errorField = getElementPropertyValue(res, "properties.errors[0].field", CONTINUE_ON_FAILURE): null

25-08-2024T14:31:27 - [TEST_STEP][PASSED] - if (title == ""): null]]></system-out>
         <system-err><![CDATA[]]></system-err>
      </testcase>
      <testcase name="Test Cases/TC_Create Note_ErrorFields" time="0.042" classname="Test Cases/TC_Create Note_ErrorFields" status="PASSED">
         <system-out><![CDATA[25-08-2024T14:31:27 - [TEST_CASE][PASSED] - Test Cases/TC_Create Note_ErrorFields: Test Cases/TC_Create Note_ErrorFields

25-08-2024T14:31:27 - [TEST_STEP][PASSED] - authorizationHeader = new com.kms.katalon.core.testobject.TestObjectProperty(Authorization, com.kms.katalon.core.testobject.ConditionType.EQUALS, (Bearer  + internal.GlobalVariable.token)): null

25-08-2024T14:31:27 - [TEST_STEP][PASSED] - req = findTestObject("API_Create Note", ["title":title, "content":content, "userIds":userIds]): null

25-08-2024T14:31:27 - [TEST_STEP][PASSED] - getHttpHeaderProperties().removeIf({ -> ... }): null

25-08-2024T14:31:27 - [TEST_STEP][PASSED] - getHttpHeaderProperties().add(authorizationHeader): null

25-08-2024T14:31:27 - [TEST_STEP][PASSED] - res = sendRequest(req): Send request successfully

25-08-2024T14:31:28 - [MESSAGE][INFO] - HAR: C:\Users\fanhi\OneDrive - VNU-HCMUS\Software_Testing_subAss\HW7\Source\API_21127661\Reports\20240825_143116\TS_Create Note\20240825_143116\requests\main\7.har

25-08-2024T14:31:28 - [MESSAGE][PASSED] - Send request successfully

25-08-2024T14:31:28 - [TEST_STEP][PASSED] - verifyResponseStatusCode(res, expected.intValue(), CONTINUE_ON_FAILURE): Verify response status code successfully

25-08-2024T14:31:28 - [MESSAGE][PASSED] - Verify response status code successfully

25-08-2024T14:31:28 - [TEST_STEP][PASSED] - if (expected.intValue() != 403): null]]></system-out>
         <system-err><![CDATA[]]></system-err>
      </testcase>
      <testcase name="Test Cases/TC_Create Note_ErrorFields" time="0.052" classname="Test Cases/TC_Create Note_ErrorFields" status="PASSED">
         <system-out><![CDATA[25-08-2024T14:31:28 - [TEST_CASE][PASSED] - Test Cases/TC_Create Note_ErrorFields: Test Cases/TC_Create Note_ErrorFields

25-08-2024T14:31:28 - [TEST_STEP][PASSED] - authorizationHeader = new com.kms.katalon.core.testobject.TestObjectProperty(Authorization, com.kms.katalon.core.testobject.ConditionType.EQUALS, (Bearer  + internal.GlobalVariable.token)): null

25-08-2024T14:31:28 - [TEST_STEP][PASSED] - req = findTestObject("API_Create Note", ["title":title, "content":content, "userIds":userIds]): null

25-08-2024T14:31:28 - [TEST_STEP][PASSED] - getHttpHeaderProperties().removeIf({ -> ... }): null

25-08-2024T14:31:28 - [TEST_STEP][PASSED] - getHttpHeaderProperties().add(authorizationHeader): null

25-08-2024T14:31:28 - [TEST_STEP][PASSED] - res = sendRequest(req): Send request successfully

25-08-2024T14:31:28 - [MESSAGE][INFO] - HAR: C:\Users\fanhi\OneDrive - VNU-HCMUS\Software_Testing_subAss\HW7\Source\API_21127661\Reports\20240825_143116\TS_Create Note\20240825_143116\requests\main\8.har

25-08-2024T14:31:28 - [MESSAGE][PASSED] - Send request successfully

25-08-2024T14:31:28 - [TEST_STEP][PASSED] - verifyResponseStatusCode(res, expected.intValue(), CONTINUE_ON_FAILURE): Verify response status code successfully

25-08-2024T14:31:28 - [MESSAGE][PASSED] - Verify response status code successfully

25-08-2024T14:31:28 - [TEST_STEP][PASSED] - if (expected.intValue() != 403): null]]></system-out>
         <system-err><![CDATA[]]></system-err>
      </testcase>
      <testcase name="Test Cases/TC_Create Note_BoundaryFields" time="0.412" classname="Test Cases/TC_Create Note_BoundaryFields" status="PASSED">
         <system-out><![CDATA[25-08-2024T14:31:28 - [TEST_CASE][PASSED] - Test Cases/TC_Create Note_BoundaryFields: Test Cases/TC_Create Note_BoundaryFields

25-08-2024T14:31:28 - [TEST_STEP][PASSED] - authorizationHeader = new com.kms.katalon.core.testobject.TestObjectProperty(Authorization, com.kms.katalon.core.testobject.ConditionType.EQUALS, (Bearer  + internal.GlobalVariable.token)): null

25-08-2024T14:31:28 - [TEST_STEP][PASSED] - if (isTitleTest == "true"): null

25-08-2024T14:31:28 - [TEST_STEP][PASSED] - else: null

25-08-2024T14:31:28 - [TEST_STEP][PASSED] - title = "Valid Title": null

25-08-2024T14:31:28 - [TEST_STEP][PASSED] - content = generate65000CharString(): null

25-08-2024T14:31:28 - [TEST_STEP][PASSED] - return (a * 65000): null

25-08-2024T14:31:28 - [TEST_STEP][PASSED] - req = findTestObject("API_Create Note", ["title":title, "content":content, "userIds":userIds]): null

25-08-2024T14:31:28 - [TEST_STEP][PASSED] - getHttpHeaderProperties().removeIf({ -> ... }): null

25-08-2024T14:31:28 - [TEST_STEP][PASSED] - getHttpHeaderProperties().add(authorizationHeader): null

25-08-2024T14:31:28 - [TEST_STEP][PASSED] - res = sendRequest(req): Send request successfully

25-08-2024T14:31:28 - [MESSAGE][INFO] - HAR: C:\Users\fanhi\OneDrive - VNU-HCMUS\Software_Testing_subAss\HW7\Source\API_21127661\Reports\20240825_143116\TS_Create Note\20240825_143116\requests\main\9.har

25-08-2024T14:31:28 - [MESSAGE][PASSED] - Send request successfully

25-08-2024T14:31:28 - [TEST_STEP][PASSED] - verifyResponseStatusCode(res, expected.intValue(), CONTINUE_ON_FAILURE): Verify response status code successfully

25-08-2024T14:31:28 - [MESSAGE][PASSED] - Verify response status code successfully

25-08-2024T14:31:28 - [TEST_STEP][PASSED] - verifyElementPropertyValue(res, "title", title, CONTINUE_ON_FAILURE): Verify element property value successfully

25-08-2024T14:31:28 - [MESSAGE][PASSED] - Verify element property value successfully

25-08-2024T14:31:28 - [TEST_STEP][PASSED] - verifyElementPropertyValue(res, "content", content, CONTINUE_ON_FAILURE): Verify element property value successfully

25-08-2024T14:31:28 - [MESSAGE][PASSED] - Verify element property value successfully

25-08-2024T14:31:28 - [TEST_STEP][PASSED] - users = getElementPropertyValue(res, "users", CONTINUE_ON_FAILURE): null

25-08-2024T14:31:28 - [TEST_STEP][PASSED] - users = users.sort({ java.lang.Object user -> ... }): null

25-08-2024T14:31:28 - [TEST_STEP][PASSED] - userIdList =  }).sort(): null

25-08-2024T14:31:28 - [TEST_STEP][PASSED] - for ([i = 0, i < userIdList.size(), (i++)]): null

25-08-2024T14:31:28 - [TEST_STEP][PASSED] - try: null

25-08-2024T14:31:28 - [TEST_STEP][PASSED] - userId = id: null

25-08-2024T14:31:28 - [TEST_STEP][PASSED] - assert userId == userIdList[i]: null

25-08-2024T14:31:28 - [TEST_STEP][PASSED] - try: null

25-08-2024T14:31:28 - [TEST_STEP][PASSED] - userId = id: null

25-08-2024T14:31:28 - [TEST_STEP][PASSED] - assert userId == userIdList[i]: null]]></system-out>
         <system-err><![CDATA[]]></system-err>
      </testcase>
      <testcase name="Test Cases/TC_Create Note_BoundaryFields" time="0.154" classname="Test Cases/TC_Create Note_BoundaryFields" status="PASSED">
         <system-out><![CDATA[25-08-2024T14:31:28 - [TEST_CASE][PASSED] - Test Cases/TC_Create Note_BoundaryFields: Test Cases/TC_Create Note_BoundaryFields

25-08-2024T14:31:28 - [TEST_STEP][PASSED] - authorizationHeader = new com.kms.katalon.core.testobject.TestObjectProperty(Authorization, com.kms.katalon.core.testobject.ConditionType.EQUALS, (Bearer  + internal.GlobalVariable.token)): null

25-08-2024T14:31:28 - [TEST_STEP][PASSED] - if (isTitleTest == "true"): null

25-08-2024T14:31:28 - [TEST_STEP][PASSED] - else: null

25-08-2024T14:31:28 - [TEST_STEP][PASSED] - title = "Valid Title": null

25-08-2024T14:31:28 - [TEST_STEP][PASSED] - content = generate65000CharString(): null

25-08-2024T14:31:28 - [TEST_STEP][PASSED] - return (a * 65000): null

25-08-2024T14:31:28 - [TEST_STEP][PASSED] - req = findTestObject("API_Create Note", ["title":title, "content":content, "userIds":userIds]): null

25-08-2024T14:31:28 - [TEST_STEP][PASSED] - getHttpHeaderProperties().removeIf({ -> ... }): null

25-08-2024T14:31:28 - [TEST_STEP][PASSED] - getHttpHeaderProperties().add(authorizationHeader): null

25-08-2024T14:31:28 - [TEST_STEP][PASSED] - res = sendRequest(req): Send request successfully

25-08-2024T14:31:28 - [MESSAGE][INFO] - HAR: C:\Users\fanhi\OneDrive - VNU-HCMUS\Software_Testing_subAss\HW7\Source\API_21127661\Reports\20240825_143116\TS_Create Note\20240825_143116\requests\main\10.har

25-08-2024T14:31:28 - [MESSAGE][PASSED] - Send request successfully

25-08-2024T14:31:28 - [TEST_STEP][PASSED] - verifyResponseStatusCode(res, expected.intValue(), CONTINUE_ON_FAILURE): Verify response status code successfully

25-08-2024T14:31:28 - [MESSAGE][PASSED] - Verify response status code successfully

25-08-2024T14:31:28 - [TEST_STEP][PASSED] - verifyElementPropertyValue(res, "title", title, CONTINUE_ON_FAILURE): Verify element property value successfully

25-08-2024T14:31:28 - [MESSAGE][PASSED] - Verify element property value successfully

25-08-2024T14:31:28 - [TEST_STEP][PASSED] - verifyElementPropertyValue(res, "content", content, CONTINUE_ON_FAILURE): Verify element property value successfully

25-08-2024T14:31:28 - [MESSAGE][PASSED] - Verify element property value successfully

25-08-2024T14:31:28 - [TEST_STEP][PASSED] - users = getElementPropertyValue(res, "users", CONTINUE_ON_FAILURE): null

25-08-2024T14:31:28 - [TEST_STEP][PASSED] - users = users.sort({ java.lang.Object user -> ... }): null

25-08-2024T14:31:28 - [TEST_STEP][PASSED] - userIdList =  }).sort(): null

25-08-2024T14:31:28 - [TEST_STEP][PASSED] - for ([i = 0, i < userIdList.size(), (i++)]): null

25-08-2024T14:31:28 - [TEST_STEP][PASSED] - try: null

25-08-2024T14:31:28 - [TEST_STEP][PASSED] - userId = id: null

25-08-2024T14:31:28 - [TEST_STEP][PASSED] - assert userId == userIdList[i]: null

25-08-2024T14:31:28 - [TEST_STEP][PASSED] - try: null

25-08-2024T14:31:28 - [TEST_STEP][PASSED] - userId = id: null

25-08-2024T14:31:28 - [TEST_STEP][PASSED] - assert userId == userIdList[i]: null]]></system-out>
         <system-err><![CDATA[]]></system-err>
      </testcase>
      <testcase name="Test Cases/TC_Create Note_Authorization" time="0.281" classname="Test Cases/TC_Create Note_Authorization" status="PASSED">
         <system-out><![CDATA[25-08-2024T14:31:28 - [TEST_CASE][PASSED] - Test Cases/TC_Create Note_Authorization: Test Cases/TC_Create Note_Authorization

25-08-2024T14:31:28 - [TEST_STEP][PASSED] - if (tokenState == "empty"): null

25-08-2024T14:31:28 - [TEST_STEP][PASSED] - tokenValue = "": null

25-08-2024T14:31:28 - [TEST_STEP][PASSED] - authorizationHeader = new com.kms.katalon.core.testobject.TestObjectProperty(Authorization, com.kms.katalon.core.testobject.ConditionType.EQUALS, tokenValue): null

25-08-2024T14:31:28 - [TEST_STEP][PASSED] - req = findTestObject("API_Create Note", ["title":title, "content":content, "userIds":userIds]): null

25-08-2024T14:31:28 - [TEST_STEP][PASSED] - getHttpHeaderProperties().removeIf({ -> ... }): null

25-08-2024T14:31:28 - [TEST_STEP][PASSED] - getHttpHeaderProperties().add(authorizationHeader): null

25-08-2024T14:31:28 - [TEST_STEP][PASSED] - res = sendRequest(req): Send request successfully

25-08-2024T14:31:29 - [MESSAGE][INFO] - HAR: C:\Users\fanhi\OneDrive - VNU-HCMUS\Software_Testing_subAss\HW7\Source\API_21127661\Reports\20240825_143116\TS_Create Note\20240825_143116\requests\main\11.har

25-08-2024T14:31:29 - [MESSAGE][PASSED] - Send request successfully

25-08-2024T14:31:29 - [TEST_STEP][PASSED] - verifyResponseStatusCode(res, expected.intValue(), CONTINUE_ON_FAILURE): Verify response status code successfully

25-08-2024T14:31:29 - [MESSAGE][PASSED] - Verify response status code successfully]]></system-out>
         <system-err><![CDATA[]]></system-err>
      </testcase>
      <testcase name="Test Cases/TC_Create Note_Authorization" time="0.046" classname="Test Cases/TC_Create Note_Authorization" status="PASSED">
         <system-out><![CDATA[25-08-2024T14:31:29 - [TEST_CASE][PASSED] - Test Cases/TC_Create Note_Authorization: Test Cases/TC_Create Note_Authorization

25-08-2024T14:31:29 - [TEST_STEP][PASSED] - if (tokenState == "empty"): null

25-08-2024T14:31:29 - [TEST_STEP][PASSED] - else if (tokenState == "incorrect"): null

25-08-2024T14:31:29 - [TEST_STEP][PASSED] - tokenValue = "Bearer incorrect_token": null

25-08-2024T14:31:29 - [TEST_STEP][PASSED] - authorizationHeader = new com.kms.katalon.core.testobject.TestObjectProperty(Authorization, com.kms.katalon.core.testobject.ConditionType.EQUALS, tokenValue): null

25-08-2024T14:31:29 - [TEST_STEP][PASSED] - req = findTestObject("API_Create Note", ["title":title, "content":content, "userIds":userIds]): null

25-08-2024T14:31:29 - [TEST_STEP][PASSED] - getHttpHeaderProperties().removeIf({ -> ... }): null

25-08-2024T14:31:29 - [TEST_STEP][PASSED] - getHttpHeaderProperties().add(authorizationHeader): null

25-08-2024T14:31:29 - [TEST_STEP][PASSED] - res = sendRequest(req): Send request successfully

25-08-2024T14:31:29 - [MESSAGE][INFO] - HAR: C:\Users\fanhi\OneDrive - VNU-HCMUS\Software_Testing_subAss\HW7\Source\API_21127661\Reports\20240825_143116\TS_Create Note\20240825_143116\requests\main\12.har

25-08-2024T14:31:29 - [MESSAGE][PASSED] - Send request successfully

25-08-2024T14:31:29 - [TEST_STEP][PASSED] - verifyResponseStatusCode(res, expected.intValue(), CONTINUE_ON_FAILURE): Verify response status code successfully

25-08-2024T14:31:29 - [MESSAGE][PASSED] - Verify response status code successfully]]></system-out>
         <system-err><![CDATA[]]></system-err>
      </testcase>
      <system-out><![CDATA[25-08-2024T14:31:23 - [TEST_SUITE][PASSED] - TS_Create Note: Test Cases/TC_Create Note_Authorization]]></system-out>
      <system-err><![CDATA[]]></system-err>
   </testsuite>
</testsuites>
